github.com/hyperledger/fabric
bazil.org/fuse v0.0.0-20160811212531-371fbbdaa898
cloud.google.com/go v0.26.0
code.cloudfoundry.org/clock v1.0.0
github.com/Azure/go-ansiterm v0.0.0-20170929234023-d6e3b3328b78
github.com/BurntSushi/toml v0.3.1
github.com/DataDog/zstd v1.4.5
github.com/IBM/idemix v0.0.0-20220112103229-701e7610d405
github.com/IBM/mathlib v0.0.0-20220112091634-0a7378db6912
github.com/Knetic/govaluate v3.0.0+incompatible
github.com/Microsoft/go-winio v0.4.16
github.com/Microsoft/hcsshim v0.8.10
github.com/Shopify/sarama v1.20.1
github.com/Shopify/toxiproxy v2.1.4+incompatible
github.com/VictoriaMetrics/fastcache v1.5.7
github.com/VividCortex/gohistogram v1.0.0
github.com/alecthomas/template v0.0.0-20190718012654-fb15b899a751
github.com/alecthomas/units v0.0.0-20210912230133-d1bdfacee922
github.com/allegro/bigcache v1.2.1-0.20190218064605-e24eb225f156
github.com/beorn7/perks v1.0.1
github.com/bgentry/speakeasy v0.1.0
github.com/bits-and-blooms/bitset v1.2.1
github.com/census-instrumentation/opencensus-proto v0.2.1
github.com/cespare/xxhash/v2 v2.1.1 => github.com/cespare/xxhash/v2 v2.1.2
github.com/cilium/ebpf v0.0.0-20200110133405-4032b1d8aae3
github.com/client9/misspell v0.3.4
github.com/cncf/udpa/go v0.0.0-20191209042840-269d4d468f6f
github.com/consensys/bavard v0.1.8-0.20210915155054-088da2f7f54a
github.com/consensys/gnark-crypto v0.6.0
github.com/containerd/cgroups v0.0.0-20200531161412-0dbf7f05ba59
github.com/containerd/console v0.0.0-20180822173158-c12b1e7919c1
github.com/containerd/containerd v1.4.1
github.com/containerd/continuity v0.0.0-20200928162600-f2cc35102c2a
github.com/containerd/fifo v0.0.0-20190226154929-a9fb20d87448
github.com/containerd/go-runc v0.0.0-20180907222934-5a6d9f37cfa3
github.com/containerd/ttrpc v0.0.0-20190828154514-0e0f228740de
github.com/containerd/typeurl v0.0.0-20180627222232-a93fcdb778cd
github.com/coreos/go-semver v0.2.0
github.com/coreos/go-systemd v0.0.0-20190620071333-e64a0ec8b42a
github.com/coreos/go-systemd/v22 v22.0.0
github.com/coreos/pkg v0.0.0-20180108230652-97fdf19511ea
github.com/cpuguy83/go-md2man/v2 v2.0.0
github.com/creack/pty v1.1.11
github.com/davecgh/go-spew v1.1.1
github.com/dgrijalva/jwt-go v3.2.0+incompatible
github.com/docker/docker v20.10.0-beta1.0.20201113105859-b6bfff2a628f+incompatible
github.com/docker/go-connections v0.4.0
github.com/docker/go-units v0.4.0
github.com/dustin/go-humanize v1.0.0
github.com/eapache/go-resiliency v1.2.0
github.com/eapache/go-xerial-snappy v0.0.0-20180814174437-776d5712da21
github.com/eapache/queue v1.1.0
github.com/envoyproxy/go-control-plane v0.9.4
github.com/envoyproxy/protoc-gen-validate v0.1.0
github.com/fatih/color v1.7.0
github.com/frankban/quicktest v1.11.3
github.com/fsnotify/fsnotify v1.4.9
github.com/fsouza/go-dockerclient v1.7.0
github.com/ghodss/yaml v1.0.0
github.com/go-kit/kit v0.9.0
github.com/go-logfmt/logfmt v0.4.0
github.com/go-stack/stack v1.8.0
github.com/godbus/dbus/v5 v5.0.3
github.com/gogo/protobuf v1.3.1
github.com/golang/glog v0.0.0-20160126235308-23def4e6c14b
github.com/golang/groupcache v0.0.0-20160516000752-02826c3e7903
github.com/golang/mock v1.1.1
github.com/golang/protobuf v1.3.3
github.com/golang/snappy v0.0.3-0.20201103224600-674baa8c7fc3
github.com/google/btree v0.0.0-20180124185431-e89373fe6b4a
github.com/google/go-cmp v0.5.4
github.com/google/gofuzz v1.0.0
github.com/google/renameio v0.1.0
github.com/google/subcommands v1.2.0
github.com/google/uuid v1.0.0
github.com/gorilla/handlers v1.4.0
github.com/gorilla/mux v1.8.0
github.com/gorilla/websocket v0.0.0-20170926233335-4201258b820c
github.com/grpc-ecosystem/go-grpc-middleware v1.1.0
github.com/grpc-ecosystem/go-grpc-prometheus v1.2.0
github.com/grpc-ecosystem/grpc-gateway v1.4.1
github.com/hashicorp/go-version v1.2.0
github.com/hashicorp/golang-lru v0.5.1
github.com/hashicorp/hcl v1.0.0
github.com/hpcloud/tail v1.0.0
github.com/hyperledger/fabric-amcl v0.0.0-20210603140002-2670f91851c8
github.com/hyperledger/fabric-chaincode-go v0.0.0-20201119163726-f8ef75b17719
github.com/hyperledger/fabric-config v0.1.0
github.com/hyperledger/fabric-lib-go v1.0.0
github.com/hyperledger/fabric-protos-go v0.0.0-20220125190318-19041b215616
github.com/inconshreveable/mousetrap v1.0.0
github.com/jonboulle/clockwork v0.1.0
github.com/json-iterator/go v1.1.9
github.com/julienschmidt/httprouter v1.2.0
github.com/kisielk/errcheck v1.2.0
github.com/kisielk/gotool v1.0.0
github.com/konsorten/go-windows-terminal-sequences v1.0.3
github.com/kr/fs v0.1.0
github.com/kr/logfmt v0.0.0-20140226030751-b84e30acd515
github.com/kr/pretty v0.2.1
github.com/kr/pty v1.1.1
github.com/kr/text v0.1.0
github.com/leanovate/gopter v0.2.9
github.com/magiconair/properties v1.8.1
github.com/mattn/go-colorable v0.0.9
github.com/mattn/go-isatty v0.0.4
github.com/mattn/go-runewidth v0.0.4
github.com/matttproud/golang_protobuf_extensions v1.0.1
github.com/miekg/pkcs11 v1.0.3
github.com/mitchellh/mapstructure v1.3.2
github.com/mmcloughlin/addchain v0.4.0
github.com/mmcloughlin/profile v0.1.1
github.com/moby/sys/mount v0.2.0
github.com/moby/sys/mountinfo v0.4.0
github.com/moby/term v0.0.0-20201110203204-bea5bbe245bf
github.com/modern-go/concurrent v0.0.0-20180306012644-bacd9c7ef1dd
github.com/modern-go/reflect2 v1.0.1
github.com/morikuni/aec v1.0.0
github.com/mwitkow/go-conntrack v0.0.0-20161129095857-cc309e4a2223
github.com/nxadm/tail v1.4.4
github.com/olekukonko/tablewriter v0.0.0-20170122224234-a0225b3f23b5
github.com/onsi/ginkgo v1.14.0
github.com/onsi/gomega v1.10.1 => github.com/onsi/gomega v1.9.0
github.com/opencontainers/go-digest v1.0.0
github.com/opencontainers/image-spec v1.0.1
github.com/opencontainers/runc v1.0.0-rc8
github.com/opencontainers/runtime-spec v1.0.2
github.com/opentracing/opentracing-go v1.1.0
github.com/pelletier/go-toml v1.8.0
github.com/pierrec/lz4 v2.6.0+incompatible
github.com/pkg/errors v0.9.1
github.com/pkg/sftp v1.10.1
github.com/pmezard/go-difflib v1.0.0
github.com/prometheus/client_golang v1.5.1
github.com/prometheus/client_model v0.2.0
github.com/prometheus/common v0.9.1
github.com/prometheus/procfs v0.0.8
github.com/rcrowley/go-metrics v0.0.0-20201227073835-cf1acfcdf475
github.com/rogpeppe/go-internal v1.3.0
github.com/russross/blackfriday/v2 v2.0.1
github.com/shurcooL/sanitized_anchor_name v1.0.0
github.com/sirupsen/logrus v1.6.0
github.com/soheilhy/cmux v0.1.4
github.com/spf13/afero v1.3.1
github.com/spf13/cast v1.3.1
github.com/spf13/cobra v0.0.3
github.com/spf13/jwalterweatherman v1.1.0
github.com/spf13/pflag v1.0.5
github.com/spf13/viper v1.1.1
github.com/stretchr/objx v0.3.0
github.com/stretchr/testify v1.7.1-0.20210116013205-6990a05d54c2
github.com/sykesm/zap-logfmt v0.0.2
github.com/syndtr/goleveldb v1.0.1-0.20210305035536-64b5b1c73954
github.com/tedsuo/ifrit v0.0.0-20180802180643-bea94bb476cc
github.com/tmc/grpc-websocket-proxy v0.0.0-20170815181823-89b8d40f7ca8
github.com/ugorji/go v1.1.1
github.com/urfave/cli v1.22.2
github.com/xiang90/probing v0.0.0-20160813154853-07dd2e8dfe18
go.etcd.io/bbolt v1.3.1-etcd.7
go.etcd.io/etcd v0.5.0-alpha.5.0.20181228115726-23731bf9ba55
go.opencensus.io v0.22.0
go.uber.org/atomic v1.7.0
go.uber.org/multierr v1.6.0
go.uber.org/tools v0.0.0-20190618225709-2cfd321de3ee
go.uber.org/zap v1.16.0
golang.org/x/crypto v0.0.0-20210322153248-0c34fe9e7dc2
golang.org/x/exp v0.0.0-20190121172915-509febef88a4
golang.org/x/lint v0.0.0-20190930215403-16217165b5de
golang.org/x/mod v0.0.0-20190513183733-4bf6d317e70e
golang.org/x/net v0.0.0-20210226172049-e18ecbb05110
golang.org/x/oauth2 v0.0.0-20180821212333-d2e6202438be
golang.org/x/sync v0.0.0-20190911185100-cd5d95a43a6e
golang.org/x/sys v0.0.0-20210420205809-ac73e9fd8988
golang.org/x/term v0.0.0-20201126162022-7de9c90e9dd1
golang.org/x/text v0.3.3
golang.org/x/time v0.0.0-20180412165947-fbb02b2291d2
golang.org/x/tools v0.0.0-20200131233409-575de47986ce
golang.org/x/xerrors v0.0.0-20200804184101-5ec99f83aff1
google.golang.org/appengine v1.4.0
google.golang.org/genproto v0.0.0-20190819201941-24fa4b261c55
google.golang.org/grpc v1.31.0
gopkg.in/airbrake/gobrake.v2 v2.0.9
gopkg.in/alecthomas/kingpin.v2 v2.2.6
gopkg.in/check.v1 v1.0.0-20190902080502-41f04d3bba15
gopkg.in/cheggaaa/pb.v1 v1.0.28
gopkg.in/errgo.v2 v2.1.0
gopkg.in/fsnotify.v1 v1.4.7
gopkg.in/gemnasium/logrus-airbrake-hook.v2 v2.1.2
gopkg.in/tomb.v1 v1.0.0-20141024135613-dd632973f1e7
gopkg.in/yaml.v2 v2.4.0
gopkg.in/yaml.v3 v3.0.0-20210107192922-496545a6307b
gotest.tools v2.2.0+incompatible
gotest.tools/v3 v3.0.3
honnef.co/go/tools v0.0.1-2019.2.3
rsc.io/tmplfunc v0.0.3
