cloud.google.com/go
github.com/BurntSushi/toml
github.com/alecthomas/template
github.com/alecthomas/units
github.com/beorn7/perks
github.com/bgentry/speakeasy
github.com/census-instrumentation/opencensus-proto
github.com/cespare/xxhash/v2
github.com/coreos/go-semver
github.com/coreos/go-systemd
github.com/coreos/pkg
github.com/cpuguy83/go-md2man/v2
github.com/davecgh/go-spew
github.com/dgrijalva/jwt-go
github.com/envoyproxy/go-control-plane
github.com/envoyproxy/protoc-gen-validate
github.com/fatih/color
github.com/fsnotify/fsnotify
github.com/ghodss/yaml
github.com/go-kit/kit
github.com/go-logfmt/logfmt
github.com/go-stack/stack
github.com/gogo/protobuf
github.com/golang/glog
github.com/golang/groupcache
github.com/golang/mock
github.com/golang/protobuf
github.com/golang/snappy
github.com/google/btree
github.com/google/go-cmp
github.com/google/gofuzz
github.com/google/renameio
github.com/google/uuid
github.com/gorilla/websocket
github.com/grpc-ecosystem/go-grpc-middleware
github.com/grpc-ecosystem/go-grpc-prometheus
github.com/grpc-ecosystem/grpc-gateway
github.com/hashicorp/golang-lru
github.com/hashicorp/hcl
github.com/hpcloud/tail
github.com/inconshreveable/mousetrap
github.com/jonboulle/clockwork
github.com/json-iterator/go
github.com/julienschmidt/httprouter
github.com/kisielk/errcheck
github.com/kisielk/gotool
github.com/konsorten/go-windows-terminal-sequences
github.com/kr/logfmt
github.com/kr/pretty
github.com/kr/pty
github.com/kr/text
github.com/magiconair/properties
github.com/mattn/go-colorable
github.com/mattn/go-isatty
github.com/mattn/go-runewidth
github.com/matttproud/golang_protobuf_extensions
github.com/mitchellh/mapstructure
github.com/modern-go/concurrent
github.com/modern-go/reflect2
github.com/mwitkow/go-conntrack
github.com/olekukonko/tablewriter
github.com/onsi/ginkgo
github.com/onsi/gomega
github.com/opentracing/opentracing-go
github.com/pelletier/go-toml
github.com/pierrec/lz4
github.com/pkg/errors
github.com/pmezard/go-difflib
github.com/prometheus/client_golang
github.com/prometheus/client_model
github.com/prometheus/common
github.com/prometheus/procfs
github.com/rogpeppe/go-internal
github.com/russross/blackfriday/v2
github.com/shurcooL/sanitized_anchor_name
github.com/sirupsen/logrus
github.com/soheilhy/cmux
github.com/spf13/afero
github.com/spf13/cast
github.com/spf13/cobra
github.com/spf13/jwalterweatherman
github.com/spf13/pflag
github.com/spf13/viper
github.com/stretchr/objx
github.com/stretchr/testify
github.com/syndtr/goleveldb
github.com/tmc/grpc-websocket-proxy
github.com/urfave/cli
github.com/xiang90/probing
go.etcd.io/bbolt
go.opencensus.io
go.uber.org/atomic
go.uber.org/multierr
go.uber.org/zap
golang.org/x/crypto
golang.org/x/exp
golang.org/x/lint
golang.org/x/mod
golang.org/x/net
golang.org/x/oauth2
golang.org/x/sync
golang.org/x/sys
golang.org/x/text
golang.org/x/time
golang.org/x/tools
golang.org/x/xerrors
google.golang.org/appengine
google.golang.org/genproto
google.golang.org/grpc
gopkg.in/alecthomas/kingpin.v2
gopkg.in/check.v1
gopkg.in/errgo.v2
gopkg.in/fsnotify.v1
gopkg.in/tomb.v1
gopkg.in/yaml.v2
honnef.co/go/tools
