github.com/cosmos/cosmos-sdk
cloud.google.com/go v0.34.0
github.com/99designs/keyring v1.1.4
github.com/BurntSushi/toml v0.3.1
github.com/ChainSafe/go-schnorrkel v0.0.0-20200405005733-88cbf1b4c40d
github.com/Knetic/govaluate v3.0.1-0.20171022003610-9aa49832a739+incompatible
github.com/OneOfOne/xxhash v1.2.2
github.com/Shopify/sarama v1.19.0
github.com/Shopify/toxiproxy v2.1.4+incompatible
github.com/VividCortex/gohistogram v1.0.0
github.com/Workiva/go-datastructures v1.0.52
github.com/aead/siphash v1.0.1
github.com/afex/hystrix-go v0.0.0-20180502004556-fa1af6a1f4f5
github.com/alecthomas/template v0.0.0-20190718012654-fb15b899a751
github.com/alecthomas/units v0.0.0-20190717042225-c3de453c63f4
github.com/apache/thrift v0.13.0
github.com/armon/circbuf v0.0.0-20150827004946-bbbad097214e
github.com/armon/consul-api v0.0.0-20180202201655-eb2c6b5be1b6
github.com/armon/go-metrics v0.0.0-20180917152333-f0300d1749da
github.com/armon/go-radix v0.0.0-20180808171621-7fddfc383310
github.com/aryann/difflib v0.0.0-20170710044230-e206f873d14a
github.com/aws/aws-lambda-go v1.13.3
github.com/aws/aws-sdk-go v1.27.0
github.com/aws/aws-sdk-go-v2 v0.18.0
github.com/beorn7/perks v1.0.1
github.com/bgentry/speakeasy v0.1.0
github.com/btcsuite/btcd v0.20.1-beta
github.com/btcsuite/btclog v0.0.0-20170628155309-84c8d2346e9f
github.com/btcsuite/btcutil v1.0.2
github.com/btcsuite/go-socks v0.0.0-20170105172521-4720035b7bfd
github.com/btcsuite/goleveldb v0.0.0-20160330041536-7834afc9e8cd
github.com/btcsuite/snappy-go v0.0.0-20151229074030-0bdef8d06723
github.com/btcsuite/websocket v0.0.0-20150119174127-31079b680792
github.com/btcsuite/winsvc v1.0.0
github.com/casbin/casbin/v2 v2.1.2
github.com/cenkalti/backoff v2.2.1+incompatible
github.com/census-instrumentation/opencensus-proto v0.2.1
github.com/cespare/xxhash v1.1.0
github.com/cespare/xxhash/v2 v2.1.1
github.com/clbanning/x2j v0.0.0-20191024224557-825249438eec
github.com/client9/misspell v0.3.4
github.com/cncf/udpa/go v0.0.0-20191209042840-269d4d468f6f
github.com/cockroachdb/datadriven v0.0.0-20190809214429-80d97fb3cbaa
github.com/codahale/hdrhistogram v0.0.0-20161010025455-3a0bb77429bd
github.com/coreos/bbolt v1.3.2
github.com/coreos/etcd v3.3.13+incompatible
github.com/coreos/go-semver v0.2.0
github.com/coreos/go-systemd v0.0.0-20190321100706-95778dfbb74e
github.com/coreos/pkg v0.0.0-20180928190104-399ea9e2e55f
github.com/cosmos/go-bip39 v0.0.0-20180819234021-555e2067c45d
github.com/cosmos/ledger-cosmos-go v0.11.1
github.com/cosmos/ledger-go v0.9.2
github.com/cpuguy83/go-md2man/v2 v2.0.0
github.com/creack/pty v1.1.7
github.com/danieljoos/wincred v1.0.2
github.com/davecgh/go-spew v1.1.1
github.com/dgrijalva/jwt-go v3.2.0+incompatible
github.com/dgryski/go-sip13 v0.0.0-20181026042036-e10d5fee7954
github.com/dustin/go-humanize v0.0.0-20171111073723-bb3d318650d4
github.com/dvsekhvalnov/jose2go v0.0.0-20180829124132-7f401d37b68a
github.com/eapache/go-resiliency v1.1.0
github.com/eapache/go-xerial-snappy v0.0.0-20180814174437-776d5712da21
github.com/eapache/queue v1.1.0
github.com/edsrzf/mmap-go v1.0.0
github.com/envoyproxy/go-control-plane v0.9.4
github.com/envoyproxy/protoc-gen-validate v0.1.0
github.com/etcd-io/bbolt v1.3.3
github.com/facebookgo/ensure v0.0.0-20160127193407-b4ab57deab51
github.com/facebookgo/stack v0.0.0-20160209184415-751773369052
github.com/facebookgo/subset v0.0.0-20150612182917-8dac2c3c4870
github.com/fatih/color v1.7.0
github.com/fortytw2/leaktest v1.3.0
github.com/franela/goblin v0.0.0-20200105215937-c9ffbefa60db
github.com/franela/goreq v0.0.0-20171204163338-bcd34c9993f8
github.com/fsnotify/fsnotify v1.4.7
github.com/ghodss/yaml v1.0.0
github.com/gibson042/canonicaljson-go v1.0.3
github.com/go-kit/kit v0.10.0
github.com/go-logfmt/logfmt v0.5.0
github.com/go-sql-driver/mysql v1.4.0
github.com/go-stack/stack v1.8.0
github.com/godbus/dbus v0.0.0-20190726142602-4481cbc300e2
github.com/gogo/googleapis v1.1.0
github.com/gogo/protobuf v1.3.1 => github.com/regen-network/protobuf v1.3.2-alpha.regen.1
github.com/golang/glog v0.0.0-20160126235308-23def4e6c14b
github.com/golang/groupcache v0.0.0-20190702054246-869f871628b6
github.com/golang/mock v1.4.3
github.com/golang/protobuf v1.4.0
github.com/golang/snappy v0.0.1
github.com/google/btree v1.0.0
github.com/google/go-cmp v0.4.0
github.com/google/gofuzz v1.0.0
github.com/google/renameio v0.1.0
github.com/google/uuid v1.0.0
github.com/gopherjs/gopherjs v0.0.0-20181017120253-0766667cb4d1
github.com/gorilla/context v1.1.1
github.com/gorilla/handlers v1.4.2
github.com/gorilla/mux v1.7.4
github.com/gorilla/websocket v1.4.2
github.com/grpc-ecosystem/go-grpc-middleware v1.0.1-0.20190118093823-f849b5445de4
github.com/grpc-ecosystem/go-grpc-prometheus v1.2.0
github.com/grpc-ecosystem/grpc-gateway v1.9.5
github.com/gsterjov/go-libsecret v0.0.0-20161001094733-a6f4afe4910c
github.com/gtank/merlin v0.1.1
github.com/gtank/ristretto255 v0.1.2
github.com/hashicorp/consul/api v1.3.0
github.com/hashicorp/consul/sdk v0.3.0
github.com/hashicorp/errwrap v1.0.0
github.com/hashicorp/go-cleanhttp v0.5.1
github.com/hashicorp/go-immutable-radix v1.0.0
github.com/hashicorp/go-msgpack v0.5.3
github.com/hashicorp/go-multierror v1.0.0
github.com/hashicorp/go-rootcerts v1.0.0
github.com/hashicorp/go-sockaddr v1.0.0
github.com/hashicorp/go-syslog v1.0.0
github.com/hashicorp/go-uuid v1.0.1
github.com/hashicorp/go-version v1.2.0
github.com/hashicorp/go.net v0.0.1
github.com/hashicorp/golang-lru v0.5.4
github.com/hashicorp/hcl v1.0.0
github.com/hashicorp/logutils v1.0.0
github.com/hashicorp/mdns v1.0.0
github.com/hashicorp/memberlist v0.1.3
github.com/hashicorp/serf v0.8.2
github.com/hpcloud/tail v1.0.0
github.com/hudl/fargo v1.3.0
github.com/inconshreveable/mousetrap v1.0.0
github.com/influxdata/influxdb1-client v0.0.0-20191209144304-8bf82d3c094d
github.com/jessevdk/go-flags v0.0.0-20141203071132-1679536dcc89
github.com/jmespath/go-jmespath v0.0.0-20180206201540-c2b33e8439af
github.com/jmhodges/levigo v1.0.0
github.com/jonboulle/clockwork v0.1.0
github.com/jrick/logrotate v1.0.0
github.com/json-iterator/go v1.1.9
github.com/jtolds/gls v4.20.0+incompatible
github.com/julienschmidt/httprouter v1.2.0
github.com/keybase/go-keychain v0.0.0-20190712205309-48d3d31d256d
github.com/kisielk/errcheck v1.2.0
github.com/kisielk/gotool v1.0.0
github.com/kkdai/bstream v0.0.0-20161212061736-f391b8402d23
github.com/konsorten/go-windows-terminal-sequences v1.0.1
github.com/kr/logfmt v0.0.0-20140226030751-b84e30acd515
github.com/kr/pretty v0.1.0
github.com/kr/pty v1.1.1
github.com/kr/text v0.1.0
github.com/libp2p/go-buffer-pool v0.0.2
github.com/lightstep/lightstep-tracer-common/golang/gogo v0.0.0-20190605223551-bc2310a04743
github.com/lightstep/lightstep-tracer-go v0.18.1
github.com/lyft/protoc-gen-validate v0.0.13
github.com/magiconair/properties v1.8.1
github.com/mattn/go-colorable v0.0.9
github.com/mattn/go-isatty v0.0.12
github.com/mattn/go-runewidth v0.0.2
github.com/matttproud/golang_protobuf_extensions v1.0.1
github.com/miekg/dns v1.0.14
github.com/mimoo/StrobeGo v0.0.0-20181016162300-f8f6d4d2b643
github.com/mitchellh/cli v1.0.0
github.com/mitchellh/go-homedir v1.1.0
github.com/mitchellh/go-testing-interface v1.0.0
github.com/mitchellh/gox v0.4.0
github.com/mitchellh/iochan v1.0.0
github.com/mitchellh/mapstructure v1.1.2
github.com/modern-go/concurrent v0.0.0-20180306012644-bacd9c7ef1dd
github.com/modern-go/reflect2 v1.0.1
github.com/mwitkow/go-conntrack v0.0.0-20161129095857-cc309e4a2223
github.com/nats-io/jwt v0.3.2
github.com/nats-io/nats-server/v2 v2.1.2
github.com/nats-io/nats.go v1.9.1
github.com/nats-io/nkeys v0.1.3
github.com/nats-io/nuid v1.0.1
github.com/oklog/oklog v0.3.2
github.com/oklog/run v1.0.0
github.com/oklog/ulid v1.3.1
github.com/olekukonko/tablewriter v0.0.0-20170122224234-a0225b3f23b5
github.com/onsi/ginkgo v1.7.0
github.com/onsi/gomega v1.4.3
github.com/op/go-logging v0.0.0-20160315200505-970db520ece7
github.com/opentracing-contrib/go-observer v0.0.0-20170622124052-a52f23424492
github.com/opentracing/basictracer-go v1.0.0
github.com/opentracing/opentracing-go v1.1.0
github.com/openzipkin-contrib/zipkin-go-opentracing v0.4.5
github.com/openzipkin/zipkin-go v0.2.2
github.com/otiai10/copy v1.1.1
github.com/otiai10/curr v1.0.0
github.com/otiai10/mint v1.3.1
github.com/pact-foundation/pact-go v1.0.4
github.com/pascaldekloe/goe v0.0.0-20180627143212-57f6aae5913c
github.com/pborman/uuid v1.2.0
github.com/pelletier/go-toml v1.7.0
github.com/performancecopilot/speed v3.0.0+incompatible
github.com/pierrec/lz4 v2.0.5+incompatible
github.com/pkg/errors v0.9.1
github.com/pkg/profile v1.2.1
github.com/pmezard/go-difflib v1.0.0
github.com/posener/complete v1.1.1
github.com/prometheus/client_golang v1.5.1
github.com/prometheus/client_model v0.2.0
github.com/prometheus/common v0.9.1
github.com/prometheus/procfs v0.0.8
github.com/prometheus/tsdb v0.7.1
github.com/rakyll/statik v0.1.7
github.com/rcrowley/go-metrics v0.0.0-20200313005456-10cdbea86bc0
github.com/regen-network/cosmos-proto v0.2.2
github.com/rogpeppe/fastuuid v0.0.0-20150106093220-6724a57986af
github.com/rogpeppe/go-internal v1.3.0
github.com/rs/cors v1.7.0
github.com/russross/blackfriday/v2 v2.0.1
github.com/ryanuber/columnize v0.0.0-20160712163229-9b3edd62028f
github.com/samuel/go-zookeeper v0.0.0-20190923202752-2cc03de413da
github.com/sean-/seed v0.0.0-20170313163322-e2103e2c3529
github.com/shurcooL/sanitized_anchor_name v1.0.0
github.com/sirupsen/logrus v1.4.2
github.com/smartystreets/assertions v0.0.0-20180927180507-b2de0cb4f26d
github.com/smartystreets/goconvey v1.6.4
github.com/snikch/goodman v0.0.0-20171125024755-10e37e294daa
github.com/soheilhy/cmux v0.1.4
github.com/sony/gobreaker v0.4.1
github.com/spaolacci/murmur3 v0.0.0-20180118202830-f09979ecbc72
github.com/spf13/afero v1.2.2
github.com/spf13/cast v1.3.0
github.com/spf13/cobra v1.0.0
github.com/spf13/jwalterweatherman v1.1.0
github.com/spf13/pflag v1.0.5
github.com/spf13/viper v1.6.3
github.com/streadway/amqp v0.0.0-20190827072141-edfb9018d271
github.com/streadway/handy v0.0.0-20190108123426-d5acb3125c2a
github.com/stretchr/objx v0.2.0
github.com/stretchr/testify v1.5.1
github.com/subosito/gotenv v1.2.0
github.com/syndtr/goleveldb v1.0.1-0.20190923125748-758128399b1d
github.com/tecbot/gorocksdb v0.0.0-20191217155057-f0fad39f321c
github.com/tendermint/btcd v0.1.1
github.com/tendermint/crypto v0.0.0-20191022145703-50d29ede1e15
github.com/tendermint/go-amino v0.15.1
github.com/tendermint/iavl v0.13.3
github.com/tendermint/tendermint v0.33.4
github.com/tendermint/tm-db v0.5.1
github.com/tmc/grpc-websocket-proxy v0.0.0-20190109142713-0ad062ec5ee5
github.com/ugorji/go v1.1.4
github.com/urfave/cli v1.22.1
github.com/xiang90/probing v0.0.0-20190116061207-43a291ad63a2
github.com/xordataexchange/crypt v0.0.3-0.20170626215501-b2862e3d0a77
github.com/zondax/hid v0.9.0
go.etcd.io/bbolt v1.3.3
go.etcd.io/etcd v0.0.0-20191023171146-3cf2f69b5738
go.opencensus.io v0.22.2
go.uber.org/atomic v1.5.0
go.uber.org/multierr v1.3.0
go.uber.org/tools v0.0.0-20190618225709-2cfd321de3ee
go.uber.org/zap v1.13.0
golang.org/x/crypto v0.0.0-20200406173513-056763e48d71
golang.org/x/exp v0.0.0-20190121172915-509febef88a4
golang.org/x/lint v0.0.0-20190930215403-16217165b5de
golang.org/x/mod v0.1.1-0.20191105210325-c90efee705ee
golang.org/x/net v0.0.0-20200324143707-d3edc9973b7e
golang.org/x/oauth2 v0.0.0-20190226205417-e64efc72b421
golang.org/x/sync v0.0.0-20190911185100-cd5d95a43a6e
golang.org/x/sys v0.0.0-20200323222414-85ca7c5b95cd
golang.org/x/text v0.3.2
golang.org/x/time v0.0.0-20191024005414-555d28b269f0
golang.org/x/tools v0.0.0-20200110213125-a7a6caa82ab2
golang.org/x/xerrors v0.0.0-20191204190536-9bdfabe68543
google.golang.org/api v0.3.1
google.golang.org/appengine v1.4.0
google.golang.org/genproto v0.0.0-20200108215221-bd8f9a0ef82f
google.golang.org/grpc v1.28.1
google.golang.org/protobuf v1.21.0
gopkg.in/alecthomas/kingpin.v2 v2.2.6
gopkg.in/check.v1 v1.0.0-20190902080502-41f04d3bba15
gopkg.in/cheggaaa/pb.v1 v1.0.25
gopkg.in/errgo.v2 v2.1.0
gopkg.in/fsnotify.v1 v1.4.7
gopkg.in/gcfg.v1 v1.2.3
gopkg.in/ini.v1 v1.51.0
gopkg.in/resty.v1 v1.12.0
gopkg.in/tomb.v1 v1.0.0-20141024135613-dd632973f1e7
gopkg.in/warnings.v0 v0.1.2
gopkg.in/yaml.v2 v2.2.8
honnef.co/go/tools v0.0.1-2019.2.3
rsc.io/quote/v3 v3.1.0
rsc.io/sampler v1.3.0
sigs.k8s.io/yaml v1.1.0
sourcegraph.com/sourcegraph/appdash v0.0.0-20190731080439-ebfcffb1b5c0
