github.com/cosmos/cosmos-sdk
github.com/99designs/keyring
github.com/client9/misspell
github.com/cosmos/ledger-cosmos-go
github.com/cosmos/ledger-go
github.com/danieljoos/wincred
github.com/dvsekhvalnov/jose2go
github.com/etcd-io/bbolt
github.com/gibson042/canonicaljson-go
github.com/godbus/dbus
github.com/gorilla/handlers
github.com/gsterjov/go-libsecret
github.com/keybase/go-keychain
github.com/lyft/protoc-gen-validate
github.com/otiai10/copy
github.com/otiai10/curr
github.com/otiai10/mint
github.com/rakyll/statik
github.com/regen-network/cosmos-proto
github.com/tendermint/btcd
github.com/tendermint/crypto
github.com/tendermint/go-amino
github.com/tendermint/iavl
github.com/zondax/hid
rsc.io/quote/v3
rsc.io/sampler
