github.com/ethereum/go-ethereum
cloud.google.com/go v0.51.0
cloud.google.com/go/bigquery v1.3.0
cloud.google.com/go/bigtable v1.2.0
cloud.google.com/go/datastore v1.0.0
cloud.google.com/go/firestore v1.1.0
cloud.google.com/go/pubsub v1.1.0
cloud.google.com/go/storage v1.5.0
collectd.org v0.3.0
dmitri.shuralyov.com/gpu/mtl v0.0.0-20190408044501-666a987793e9
github.com/Azure/azure-pipeline-go v0.2.2
github.com/Azure/azure-storage-blob-go v0.7.0
github.com/Azure/go-autorest/autorest v0.9.0
github.com/Azure/go-autorest/autorest/adal v0.8.0
github.com/Azure/go-autorest/autorest/date v0.2.0
github.com/Azure/go-autorest/autorest/mocks v0.3.0
github.com/Azure/go-autorest/logger v0.1.0
github.com/Azure/go-autorest/tracing v0.5.0
github.com/BurntSushi/toml v0.3.1
github.com/BurntSushi/xgb v0.0.0-20160522181843-27f122750802
github.com/DATA-DOG/go-sqlmock v1.3.3
github.com/OneOfOne/xxhash v1.2.2
github.com/StackExchange/wmi v0.0.0-20180116203802-5d049714c4a6
github.com/VictoriaMetrics/fastcache v1.5.7
github.com/aead/siphash v1.0.1
github.com/ajstarks/svgo v0.0.0-20180226025133-644b8db467af
github.com/alecthomas/template v0.0.0-20160405071501-a0175ee3bccc
github.com/alecthomas/units v0.0.0-20151022065526-2efee857e7cf
github.com/allegro/bigcache v1.2.1-0.20190218064605-e24eb225f156
github.com/andreyvit/diff v0.0.0-20170406064948-c7f18ee00883
github.com/apache/arrow/go/arrow v0.0.0-20191024131854-af6fa24be0db
github.com/aristanetworks/goarista v0.0.0-20170210015632-ea17b1a17847
github.com/armon/circbuf v0.0.0-20150827004946-bbbad097214e
github.com/armon/go-metrics v0.0.0-20180917152333-f0300d1749da
github.com/armon/go-radix v0.0.0-20180808171621-7fddfc383310
github.com/aws/aws-sdk-go v1.25.48
github.com/aws/aws-sdk-go-v2 v1.2.0
github.com/aws/aws-sdk-go-v2/config v1.1.1
github.com/aws/aws-sdk-go-v2/credentials v1.1.1
github.com/aws/aws-sdk-go-v2/feature/ec2/imds v1.0.2
github.com/aws/aws-sdk-go-v2/service/internal/presigned-url v1.0.2
github.com/aws/aws-sdk-go-v2/service/route53 v1.1.1
github.com/aws/aws-sdk-go-v2/service/sso v1.1.1
github.com/aws/aws-sdk-go-v2/service/sts v1.1.1
github.com/aws/smithy-go v1.1.0
github.com/beorn7/perks v1.0.0
github.com/bgentry/speakeasy v0.1.0
github.com/bketelsen/crypt v0.0.3-0.20200106085610-5cbc8cc4026c
github.com/bmizerany/pat v0.0.0-20170815010413-6226ea591a40
github.com/boltdb/bolt v1.3.1
github.com/btcsuite/btcd v0.20.1-beta
github.com/btcsuite/btclog v0.0.0-20170628155309-84c8d2346e9f
github.com/btcsuite/btcutil v0.0.0-20190425235716-9e5f4b9a998d
github.com/btcsuite/go-socks v0.0.0-20170105172521-4720035b7bfd
github.com/btcsuite/goleveldb v0.0.0-20160330041536-7834afc9e8cd
github.com/btcsuite/snappy-go v0.0.0-20151229074030-0bdef8d06723
github.com/btcsuite/websocket v0.0.0-20150119174127-31079b680792
github.com/btcsuite/winsvc v1.0.0
github.com/c-bata/go-prompt v0.2.2
github.com/census-instrumentation/opencensus-proto v0.2.1
github.com/cespare/cp v0.1.0
github.com/cespare/xxhash v1.1.0
github.com/cespare/xxhash/v2 v2.1.1
github.com/chzyer/logex v1.1.10
github.com/chzyer/readline v0.0.0-20180603132655-2972be24d48e
github.com/chzyer/test v0.0.0-20180213035817-a1ea475d72b1
github.com/client9/misspell v0.3.4
github.com/cloudflare/cloudflare-go v0.14.0
github.com/consensys/bavard v0.1.8-0.20210105233146-c16790d2aa8b
github.com/consensys/goff v0.3.10
github.com/consensys/gurvy v0.3.8
github.com/coreos/bbolt v1.3.2
github.com/coreos/etcd v3.3.13+incompatible
github.com/coreos/go-semver v0.3.0
github.com/coreos/go-systemd v0.0.0-20190321100706-95778dfbb74e
github.com/coreos/pkg v0.0.0-20180928190104-399ea9e2e55f
github.com/cpuguy83/go-md2man/v2 v2.0.0
github.com/dave/jennifer v1.2.0
github.com/davecgh/go-spew v1.1.1
github.com/deckarep/golang-set v0.0.0-20180603214616-504e848d77ea
github.com/dgrijalva/jwt-go v3.2.0+incompatible
github.com/dgryski/go-bitstream v0.0.0-20180413035011-3522498ce2c8
github.com/dgryski/go-sip13 v0.0.0-20181026042036-e10d5fee7954
github.com/dlclark/regexp2 v1.2.0
github.com/docker/docker v1.4.2-0.20180625184442-8e610b2b55bf
github.com/dop251/goja v0.0.0-20200721192441-a695b0cdd498
github.com/dvyukov/go-fuzz v0.0.0-20200318091601-be3528f3a813
github.com/eclipse/paho.mqtt.golang v1.2.0
github.com/edsrzf/mmap-go v1.0.0
github.com/envoyproxy/go-control-plane v0.9.1-0.20191026205805-5f8ba28d4473
github.com/envoyproxy/protoc-gen-validate v0.1.0
github.com/fatih/color v1.7.0
github.com/fjl/memsize v0.0.0-20190710130421-bcb5799ab5e5
github.com/fogleman/gg v1.2.1-0.20190220221249-0403632d5b90
github.com/fsnotify/fsnotify v1.4.9
github.com/gballet/go-libpcsclite v0.0.0-20190607065134-2772fd86a8ff
github.com/ghodss/yaml v1.0.0
github.com/glycerine/go-unsnap-stream v0.0.0-20180323001048-9f0cb55181dd
github.com/glycerine/goconvey v0.0.0-20190410193231-58a59202ab31
github.com/go-gl/glfw v0.0.0-20190409004039-e6da0acd62b1
github.com/go-gl/glfw/v3.3/glfw v0.0.0-20191125211704-12ad95a8df72
github.com/go-kit/kit v0.8.0
github.com/go-logfmt/logfmt v0.4.0
github.com/go-ole/go-ole v1.2.1
github.com/go-sourcemap/sourcemap v2.1.2+incompatible
github.com/go-sql-driver/mysql v1.4.1
github.com/go-stack/stack v1.8.0
github.com/gofrs/uuid v3.3.0+incompatible
github.com/gogo/protobuf v1.3.1
github.com/golang/freetype v0.0.0-20170609003504-e2365dfdc4a0
github.com/golang/geo v0.0.0-20190916061304-5b978397cfec
github.com/golang/glog v0.0.0-20160126235308-23def4e6c14b
github.com/golang/groupcache v0.0.0-20191227052852-215e87163ea7
github.com/golang/mock v1.3.1
github.com/golang/protobuf v1.4.3
github.com/golang/snappy v0.0.3-0.20201103224600-674baa8c7fc3
github.com/google/btree v1.0.0
github.com/google/flatbuffers v1.11.0
github.com/google/go-cmp v0.5.4
github.com/google/gofuzz v1.1.1-0.20200604201612-c04b05f3adfa
github.com/google/martian v2.1.0+incompatible
github.com/google/pprof v0.0.0-20191218002539-d4f498aebedc
github.com/google/renameio v0.1.0
github.com/google/uuid v1.1.5
github.com/googleapis/gax-go/v2 v2.0.5
github.com/gopherjs/gopherjs v0.0.0-20181017120253-0766667cb4d1
github.com/gorilla/websocket v1.4.2
github.com/graph-gophers/graphql-go v0.0.0-20201113091052-beb923fada29
github.com/grpc-ecosystem/go-grpc-middleware v1.0.0
github.com/grpc-ecosystem/go-grpc-prometheus v1.2.0
github.com/grpc-ecosystem/grpc-gateway v1.9.0
github.com/hashicorp/consul/api v1.1.0
github.com/hashicorp/consul/sdk v0.1.1
github.com/hashicorp/errwrap v1.0.0
github.com/hashicorp/go-cleanhttp v0.5.1
github.com/hashicorp/go-immutable-radix v1.0.0
github.com/hashicorp/go-msgpack v0.5.3
github.com/hashicorp/go-multierror v1.0.0
github.com/hashicorp/go-rootcerts v1.0.0
github.com/hashicorp/go-sockaddr v1.0.0
github.com/hashicorp/go-syslog v1.0.0
github.com/hashicorp/go-uuid v1.0.1
github.com/hashicorp/go.net v0.0.1
github.com/hashicorp/golang-lru v0.5.5-0.20210104140557-80c98217689d
github.com/hashicorp/hcl v1.0.0
github.com/hashicorp/logutils v1.0.0
github.com/hashicorp/mdns v1.0.0
github.com/hashicorp/memberlist v0.1.3
github.com/hashicorp/serf v0.8.2
github.com/holiman/bloomfilter/v2 v2.0.3
github.com/holiman/uint256 v1.1.1
github.com/hpcloud/tail v1.0.0
github.com/huin/goupnp v1.0.1-0.20210310174557-0ca763054c88
github.com/huin/goutil v0.0.0-20170803182201-1ca381bf3150
github.com/ianlancetaylor/demangle v0.0.0-20181102032728-5e5cf60278f6
github.com/inconshreveable/mousetrap v1.0.0
github.com/influxdata/flux v0.65.1
github.com/influxdata/influxdb v1.8.3
github.com/influxdata/influxql v1.1.1-0.20200828144457-65d3ef77d385
github.com/influxdata/line-protocol v0.0.0-20180522152040-32c6aa80de5e
github.com/influxdata/promql/v2 v2.12.0
github.com/influxdata/roaring v0.4.13-0.20180809181101-fc520f41fab6
github.com/influxdata/tdigest v0.0.0-20181121200506-bf2b5ad3c0a9
github.com/influxdata/usage-client v0.0.0-20160829180054-6d3895376368
github.com/jackpal/go-nat-pmp v1.0.2-0.20160603034137-1fa385a6f458
github.com/jedisct1/go-minisign v0.0.0-20190909160543-45766022959e
github.com/jessevdk/go-flags v0.0.0-20141203071132-1679536dcc89
github.com/jmespath/go-jmespath v0.4.0
github.com/jmespath/go-jmespath/internal/testify v1.5.1
github.com/jonboulle/clockwork v0.1.0
github.com/jrick/logrotate v1.0.0
github.com/json-iterator/go v1.1.6
github.com/jstemmer/go-junit-report v0.9.1
github.com/jsternberg/zap-logfmt v1.0.0
github.com/jtolds/gls v4.20.0+incompatible
github.com/julienschmidt/httprouter v1.2.0
github.com/jung-kurt/gofpdf v1.0.3-0.20190309125859-24315acbbda5
github.com/jwilder/encoding v0.0.0-20170811194829-b4e1701a28ef
github.com/karalabe/usb v0.0.0-20190919080040-51dc0efba356
github.com/kilic/bls12-381 v0.0.0-20201226121925-69dacb279461
github.com/kisielk/errcheck v1.2.0
github.com/kisielk/gotool v1.0.0
github.com/kkdai/bstream v0.0.0-20161212061736-f391b8402d23
github.com/klauspost/compress v1.4.0
github.com/klauspost/cpuid v0.0.0-20170728055534-ae7887de9fa5
github.com/klauspost/crc32 v0.0.0-20161016154125-cb6bfca970f6
github.com/klauspost/pgzip v1.0.2-0.20170402124221-0bf5dcad4ada
github.com/konsorten/go-windows-terminal-sequences v1.0.1
github.com/kr/logfmt v0.0.0-20140226030751-b84e30acd515
github.com/kr/pretty v0.1.0
github.com/kr/pty v1.1.1
github.com/kr/text v0.1.0
github.com/kylelemons/godebug v1.1.0
github.com/leanovate/gopter v0.2.9
github.com/lib/pq v1.0.0
github.com/magiconair/properties v1.8.1
github.com/mattn/go-colorable v0.1.0
github.com/mattn/go-ieproxy v0.0.0-20190702010315-6dee0af9227d
github.com/mattn/go-isatty v0.0.5-0.20180830101745-3fb116b82035
github.com/mattn/go-runewidth v0.0.9
github.com/mattn/go-sqlite3 v1.11.0
github.com/mattn/go-tty v0.0.0-20180907095812-13ff1204f104
github.com/matttproud/golang_protobuf_extensions v1.0.1
github.com/miekg/dns v1.0.14
github.com/mitchellh/cli v1.0.0
github.com/mitchellh/go-homedir v1.1.0
github.com/mitchellh/go-testing-interface v1.0.0
github.com/mitchellh/gox v0.4.0
github.com/mitchellh/iochan v1.0.0
github.com/mitchellh/mapstructure v1.1.2
github.com/modern-go/concurrent v0.0.0-20180306012644-bacd9c7ef1dd
github.com/modern-go/reflect2 v1.0.1
github.com/mschoch/smat v0.0.0-20160514031455-90eadee771ae
github.com/mwitkow/go-conntrack v0.0.0-20161129095857-cc309e4a2223
github.com/naoina/go-stringutil v0.1.0
github.com/naoina/toml v0.1.2-0.20170918210437-9fafd6967416
github.com/nxadm/tail v1.4.4
github.com/oklog/ulid v1.3.1
github.com/olekukonko/tablewriter v0.0.5
github.com/onsi/ginkgo v1.14.0
github.com/onsi/gomega v1.10.1
github.com/opentracing/opentracing-go v1.1.0
github.com/pascaldekloe/goe v0.0.0-20180627143212-57f6aae5913c
github.com/paulbellamy/ratecounter v0.2.0
github.com/pborman/uuid v0.0.0-20170112150404-1b00554d8222
github.com/pelletier/go-toml v1.2.0
github.com/peterh/liner v1.1.1-0.20190123174540-a2c9a5303de7
github.com/philhofer/fwd v1.0.0
github.com/pierrec/lz4 v2.0.5+incompatible
github.com/pkg/errors v0.9.1
github.com/pkg/term v0.0.0-20180730021639-bffc007b7fd5
github.com/pmezard/go-difflib v1.0.0
github.com/posener/complete v1.1.1
github.com/prometheus/client_golang v1.0.0
github.com/prometheus/client_model v0.0.0-20190812154241-14fe0d1b01d4
github.com/prometheus/common v0.6.0
github.com/prometheus/procfs v0.0.2
github.com/prometheus/tsdb v0.7.1
github.com/retailnext/hllpp v1.0.1-0.20180308014038-101a6d2f8b52
github.com/rjeczalik/notify v0.9.1
github.com/rogpeppe/fastuuid v0.0.0-20150106093220-6724a57986af
github.com/rogpeppe/go-internal v1.3.0
github.com/rs/cors v1.7.0
github.com/rs/xhandler v0.0.0-20160618193221-ed27b6fd6521
github.com/russross/blackfriday/v2 v2.0.1
github.com/ryanuber/columnize v0.0.0-20160712163229-9b3edd62028f
github.com/sean-/seed v0.0.0-20170313163322-e2103e2c3529
github.com/segmentio/kafka-go v0.2.0
github.com/sergi/go-diff v1.0.0
github.com/shirou/gopsutil v2.20.5+incompatible
github.com/shurcooL/sanitized_anchor_name v1.0.0
github.com/sirupsen/logrus v1.2.0
github.com/smartystreets/assertions v0.0.0-20180927180507-b2de0cb4f26d
github.com/smartystreets/goconvey v1.6.4
github.com/soheilhy/cmux v0.1.4
github.com/spaolacci/murmur3 v0.0.0-20180118202830-f09979ecbc72
github.com/spf13/afero v1.1.2
github.com/spf13/cast v1.3.0
github.com/spf13/cobra v1.1.1
github.com/spf13/jwalterweatherman v1.0.0
github.com/spf13/pflag v1.0.5
github.com/spf13/viper v1.7.0
github.com/status-im/keycard-go v0.0.0-20190316090335-8537d3370df4
github.com/steakknife/bloomfilter v0.0.0-20180922174646-6819c0d2a570
github.com/steakknife/hamming v0.0.0-20180906055917-c99c65617cd3
github.com/stretchr/objx v0.1.1
github.com/stretchr/testify v1.7.0
github.com/subosito/gotenv v1.2.0
github.com/syndtr/goleveldb v1.0.1-0.20210305035536-64b5b1c73954
github.com/tinylib/msgp v1.0.2
github.com/tmc/grpc-websocket-proxy v0.0.0-20190109142713-0ad062ec5ee5
github.com/tyler-smith/go-bip39 v1.0.1-0.20181017060643-dbb3b84ba2ef
github.com/urfave/cli v1.22.1
github.com/urfave/cli/v2 v2.3.0
github.com/willf/bitset v1.1.3
github.com/wsddn/go-ecdh v0.0.0-20161211032359-48726bab9208
github.com/xiang90/probing v0.0.0-20190116061207-43a291ad63a2
github.com/xlab/treeprint v0.0.0-20180616005107-d6fb6747feb6
go.etcd.io/bbolt v1.3.2
go.opencensus.io v0.22.2
go.uber.org/atomic v1.4.0
go.uber.org/multierr v1.1.0
go.uber.org/zap v1.10.0
golang.org/x/crypto v0.0.0-20200622213623-75b288015ac9
golang.org/x/exp v0.0.0-20191227195350-da58074b4299
golang.org/x/image v0.0.0-20190802002840-cff245a6509b
golang.org/x/lint v0.0.0-20191125180803-fdd1cda4f05f
golang.org/x/mobile v0.0.0-20200801112145-973feb4309de
golang.org/x/mod v0.1.1-0.20191209134235-331c550502dd
golang.org/x/net v0.0.0-20210220033124-5f55cee0dc0d
golang.org/x/oauth2 v0.0.0-20200107190931-bf48bf16ab8d
golang.org/x/sync v0.0.0-20200317015054-43a5402ce75a
golang.org/x/sys v0.0.0-20210124154548-22da62e12c0c
golang.org/x/term v0.0.0-20201126162022-7de9c90e9dd1
golang.org/x/text v0.3.4
golang.org/x/time v0.0.0-20201208040808-7e3f01d25324
golang.org/x/tools v0.0.0-20200117012304-6edc0a871e69
golang.org/x/xerrors v0.0.0-20200804184101-5ec99f83aff1
gonum.org/v1/gonum v0.6.0
gonum.org/v1/netlib v0.0.0-20190313105609-8cb42192e0e0
gonum.org/v1/plot v0.0.0-20190515093506-e2840ee46a6b
google.golang.org/api v0.15.0
google.golang.org/appengine v1.6.5
google.golang.org/genproto v0.0.0-20200108215221-bd8f9a0ef82f
google.golang.org/grpc v1.26.0
google.golang.org/protobuf v1.23.0
gopkg.in/alecthomas/kingpin.v2 v2.2.6
gopkg.in/check.v1 v1.0.0-20180628173108-788fd7840127
gopkg.in/errgo.v2 v2.1.0
gopkg.in/fsnotify.v1 v1.4.7
gopkg.in/ini.v1 v1.51.0
gopkg.in/natefinch/npipe.v2 v2.0.0-20160621034901-c1b8fa8bdcce
gopkg.in/olebedev/go-duktape.v3 v3.0.0-20200619000410-60c24ae608a6
gopkg.in/resty.v1 v1.12.0
gopkg.in/tomb.v1 v1.0.0-20141024135613-dd632973f1e7
gopkg.in/urfave/cli.v1 v1.20.0
gopkg.in/yaml.v2 v2.3.0
gopkg.in/yaml.v3 v3.0.0-20200313102051-9f266ea9e77c
gotest.tools v2.2.0+incompatible
honnef.co/go/tools v0.0.1-2019.2.3
rsc.io/binaryregexp v0.2.0
rsc.io/pdf v0.1.1
