github.com/hyperledger/fabric
bazil.org/fuse
code.cloudfoundry.org/clock
github.com/Azure/go-ansiterm
github.com/DataDog/zstd
github.com/IBM/idemix
github.com/IBM/mathlib
github.com/Knetic/govaluate
github.com/Microsoft/go-winio
github.com/Microsoft/hcsshim
github.com/Shopify/sarama
github.com/Shopify/toxiproxy
github.com/VictoriaMetrics/fastcache
github.com/VividCortex/gohistogram
github.com/allegro/bigcache
github.com/bits-and-blooms/bitset
github.com/cilium/ebpf
github.com/client9/misspell
github.com/cncf/udpa/go
github.com/consensys/bavard
github.com/consensys/gnark-crypto
github.com/containerd/cgroups
github.com/containerd/console
github.com/containerd/containerd
github.com/containerd/continuity
github.com/containerd/fifo
github.com/containerd/go-runc
github.com/containerd/ttrpc
github.com/containerd/typeurl
github.com/coreos/go-systemd/v22
github.com/creack/pty
github.com/docker/docker
github.com/docker/go-connections
github.com/docker/go-units
github.com/dustin/go-humanize
github.com/eapache/go-resiliency
github.com/eapache/go-xerial-snappy
github.com/eapache/queue
github.com/frankban/quicktest
github.com/fsouza/go-dockerclient
github.com/godbus/dbus/v5
github.com/google/subcommands
github.com/gorilla/handlers
github.com/gorilla/mux
github.com/hashicorp/go-version
github.com/hyperledger/fabric-amcl
github.com/hyperledger/fabric-chaincode-go
github.com/hyperledger/fabric-config
github.com/hyperledger/fabric-lib-go
github.com/hyperledger/fabric-protos-go
github.com/kr/fs
github.com/leanovate/gopter
github.com/miekg/pkcs11
github.com/mmcloughlin/addchain
github.com/mmcloughlin/profile
github.com/moby/sys/mount
github.com/moby/sys/mountinfo
github.com/moby/term
github.com/morikuni/aec
github.com/nxadm/tail
github.com/opencontainers/go-digest
github.com/opencontainers/image-spec
github.com/opencontainers/runc
github.com/opencontainers/runtime-spec
github.com/pkg/sftp
github.com/rcrowley/go-metrics
github.com/sykesm/zap-logfmt
github.com/tedsuo/ifrit
github.com/ugorji/go
go.etcd.io/etcd
go.uber.org/tools
golang.org/x/term
gopkg.in/airbrake/gobrake.v2
gopkg.in/cheggaaa/pb.v1
gopkg.in/gemnasium/logrus-airbrake-hook.v2
gopkg.in/yaml.v3
gotest.tools
gotest.tools/v3
rsc.io/tmplfunc
