github.com/orientwalt/htdf
cloud.google.com/go/bigquery
cloud.google.com/go/bigtable
cloud.google.com/go/datastore
cloud.google.com/go/firestore
cloud.google.com/go/pubsub
cloud.google.com/go/storage
collectd.org
dmitri.shuralyov.com/gpu/mtl
github.com/Azure/azure-pipeline-go
github.com/Azure/azure-storage-blob-go
github.com/Azure/go-autorest/autorest
github.com/Azure/go-autorest/autorest/adal
github.com/Azure/go-autorest/autorest/date
github.com/Azure/go-autorest/autorest/mocks
github.com/Azure/go-autorest/logger
github.com/Azure/go-autorest/tracing
github.com/BurntSushi/xgb
github.com/ChainSafe/go-schnorrkel
github.com/DATA-DOG/go-sqlmock
github.com/Knetic/govaluate
github.com/OneOfOne/xxhash
github.com/Shopify/sarama
github.com/Shopify/toxiproxy
github.com/StackExchange/wmi
github.com/VictoriaMetrics/fastcache
github.com/VividCortex/gohistogram
github.com/Workiva/go-datastructures
github.com/aead/siphash
github.com/afex/hystrix-go
github.com/ajstarks/svgo
github.com/allegro/bigcache
github.com/andreyvit/diff
github.com/apache/arrow/go/arrow
github.com/apache/thrift
github.com/aristanetworks/goarista
github.com/armon/circbuf
github.com/armon/consul-api
github.com/armon/go-metrics
github.com/armon/go-radix
github.com/aryann/difflib
github.com/aws/aws-lambda-go
github.com/aws/aws-sdk-go
github.com/aws/aws-sdk-go-v2
github.com/aws/aws-sdk-go-v2/config
github.com/aws/aws-sdk-go-v2/credentials
github.com/aws/aws-sdk-go-v2/feature/ec2/imds
github.com/aws/aws-sdk-go-v2/service/internal/presigned-url
github.com/aws/aws-sdk-go-v2/service/route53
github.com/aws/aws-sdk-go-v2/service/sso
github.com/aws/aws-sdk-go-v2/service/sts
github.com/aws/smithy-go
github.com/bartekn/go-bip39
github.com/bketelsen/crypt
github.com/bmizerany/pat
github.com/boltdb/bolt
github.com/btcsuite/btcd
github.com/btcsuite/btclog
github.com/btcsuite/btcutil
github.com/btcsuite/go-socks
github.com/btcsuite/goleveldb
github.com/btcsuite/snappy-go
github.com/btcsuite/websocket
github.com/btcsuite/winsvc
github.com/c-bata/go-prompt
github.com/casbin/casbin/v2
github.com/cenkalti/backoff
github.com/cespare/cp
github.com/cespare/xxhash
github.com/chzyer/logex
github.com/chzyer/readline
github.com/chzyer/test
github.com/clbanning/x2j
github.com/client9/misspell
github.com/cloudflare/cloudflare-go
github.com/cncf/udpa/go
github.com/cockroachdb/datadriven
github.com/codahale/hdrhistogram
github.com/confio/ics23-iavl
github.com/confio/ics23-tendermint
github.com/confio/ics23/go
github.com/consensys/bavard
github.com/consensys/goff
github.com/consensys/gurvy
github.com/coreos/bbolt
github.com/coreos/etcd
github.com/cosmos/go-bip39
github.com/cosmos/ledger-cosmos-go
github.com/cosmos/ledger-go
github.com/creack/pty
github.com/dave/jennifer
github.com/deckarep/golang-set
github.com/decred/dcrd/lru
github.com/dgryski/go-bitstream
github.com/dgryski/go-sip13
github.com/dlclark/regexp2
github.com/docker/docker
github.com/dop251/goja
github.com/dustin/go-humanize
github.com/dvyukov/go-fuzz
github.com/eapache/go-resiliency
github.com/eapache/go-xerial-snappy
github.com/eapache/queue
github.com/eclipse/paho.mqtt.golang
github.com/edsrzf/mmap-go
github.com/emicklei/proto
github.com/etcd-io/bbolt
github.com/ethereum/go-ethereum
github.com/facebookgo/ensure
github.com/facebookgo/stack
github.com/facebookgo/subset
github.com/fjl/memsize
github.com/fogleman/gg
github.com/fortytw2/leaktest
github.com/franela/goblin
github.com/franela/goreq
github.com/gballet/go-libpcsclite
github.com/glycerine/go-unsnap-stream
github.com/glycerine/goconvey
github.com/go-gl/glfw
github.com/go-gl/glfw/v3.3/glfw
github.com/go-ole/go-ole
github.com/go-sourcemap/sourcemap
github.com/go-sql-driver/mysql
github.com/gofrs/uuid
github.com/gogo/googleapis
github.com/golang/freetype
github.com/golang/geo
github.com/google/flatbuffers
github.com/google/martian
github.com/google/pprof
github.com/googleapis/gax-go/v2
github.com/gopherjs/gopherjs
github.com/gorilla/context
github.com/gorilla/mux
github.com/graph-gophers/graphql-go
github.com/gtank/merlin
github.com/gtank/ristretto255
github.com/hashicorp/consul/api
github.com/hashicorp/consul/sdk
github.com/hashicorp/errwrap
github.com/hashicorp/go-cleanhttp
github.com/hashicorp/go-immutable-radix
github.com/hashicorp/go-msgpack
github.com/hashicorp/go-multierror
github.com/hashicorp/go-rootcerts
github.com/hashicorp/go-sockaddr
github.com/hashicorp/go-syslog
github.com/hashicorp/go-uuid
github.com/hashicorp/go-version
github.com/hashicorp/go.net
github.com/hashicorp/logutils
github.com/hashicorp/mdns
github.com/hashicorp/memberlist
github.com/hashicorp/serf
github.com/holiman/bloomfilter/v2
github.com/holiman/uint256
github.com/hudl/fargo
github.com/huin/goupnp
github.com/huin/goutil
github.com/ianlancetaylor/demangle
github.com/influxdata/flux
github.com/influxdata/influxdb
github.com/influxdata/influxdb1-client
github.com/influxdata/influxql
github.com/influxdata/line-protocol
github.com/influxdata/promql/v2
github.com/influxdata/roaring
github.com/influxdata/tdigest
github.com/influxdata/usage-client
github.com/jackpal/go-nat-pmp
github.com/jedisct1/go-minisign
github.com/jessevdk/go-flags
github.com/jmespath/go-jmespath
github.com/jmespath/go-jmespath/internal/testify
github.com/jmhodges/levigo
github.com/jpillora/backoff
github.com/jrick/logrotate
github.com/jstemmer/go-junit-report
github.com/jsternberg/zap-logfmt
github.com/jtolds/gls
github.com/jung-kurt/gofpdf
github.com/jwilder/encoding
github.com/karalabe/usb
github.com/kilic/bls12-381
github.com/kkdai/bstream
github.com/klauspost/compress
github.com/klauspost/cpuid
github.com/klauspost/crc32
github.com/klauspost/pgzip
github.com/kylelemons/godebug
github.com/leanovate/gopter
github.com/lib/pq
github.com/libp2p/go-buffer-pool
github.com/lightstep/lightstep-tracer-common/golang/gogo
github.com/lightstep/lightstep-tracer-go
github.com/lyft/protoc-gen-validate
github.com/mattn/go-ieproxy
github.com/mattn/go-sqlite3
github.com/mattn/go-tty
github.com/miekg/dns
github.com/mimoo/StrobeGo
github.com/mitchellh/cli
github.com/mitchellh/go-homedir
github.com/mitchellh/go-testing-interface
github.com/mitchellh/gox
github.com/mitchellh/iochan
github.com/mschoch/smat
github.com/naoina/go-stringutil
github.com/naoina/toml
github.com/nats-io/jwt
github.com/nats-io/nats-server/v2
github.com/nats-io/nats.go
github.com/nats-io/nkeys
github.com/nats-io/nuid
github.com/nxadm/tail
github.com/oklog/oklog
github.com/oklog/run
github.com/oklog/ulid
github.com/op/go-logging
github.com/opentracing-contrib/go-observer
github.com/opentracing/basictracer-go
github.com/openzipkin-contrib/zipkin-go-opentracing
github.com/openzipkin/zipkin-go
github.com/pact-foundation/pact-go
github.com/pascaldekloe/goe
github.com/paulbellamy/ratecounter
github.com/pborman/uuid
github.com/performancecopilot/speed
github.com/peterh/liner
github.com/philhofer/fwd
github.com/pkg/profile
github.com/pkg/term
github.com/posener/complete
github.com/prometheus/tsdb
github.com/rakyll/statik
github.com/rcrowley/go-metrics
github.com/retailnext/hllpp
github.com/rjeczalik/notify
github.com/rogpeppe/fastuuid
github.com/rs/cors
github.com/rs/xhandler
github.com/ryanuber/columnize
github.com/samuel/go-zookeeper
github.com/sean-/seed
github.com/segmentio/kafka-go
github.com/sergi/go-diff
github.com/shirou/gopsutil
github.com/shopspring/decimal
github.com/smartystreets/assertions
github.com/smartystreets/goconvey
github.com/snikch/goodman
github.com/sony/gobreaker
github.com/spaolacci/murmur3
github.com/status-im/keycard-go
github.com/steakknife/bloomfilter
github.com/steakknife/hamming
github.com/streadway/amqp
github.com/streadway/handy
github.com/subosito/gotenv
github.com/tecbot/gorocksdb
github.com/tendermint/btcd
github.com/tendermint/crypto
github.com/tendermint/go-amino
github.com/tendermint/iavl
github.com/tendermint/tendermint
github.com/tendermint/tm-db
github.com/tendermint/tmlibs
github.com/tinylib/msgp
github.com/tyler-smith/go-bip39
github.com/ugorji/go
github.com/urfave/cli/v2
github.com/willf/bitset
github.com/wsddn/go-ecdh
github.com/xlab/treeprint
github.com/xordataexchange/crypt
github.com/zondax/hid
go.etcd.io/etcd
go.uber.org/tools
golang.org/x/image
golang.org/x/mobile
golang.org/x/term
gonum.org/v1/gonum
gonum.org/v1/netlib
gonum.org/v1/plot
google.golang.org/api
google.golang.org/protobuf
gopkg.in/cheggaaa/pb.v1
gopkg.in/gcfg.v1
gopkg.in/ini.v1
gopkg.in/natefinch/npipe.v2
gopkg.in/olebedev/go-duktape.v3
gopkg.in/resty.v1
gopkg.in/urfave/cli.v1
gopkg.in/warnings.v0
gopkg.in/yaml.v3
gotest.tools
rsc.io/binaryregexp
rsc.io/pdf
sigs.k8s.io/yaml
sourcegraph.com/sourcegraph/appdash
