github.com/filecoin-project/lotus
cloud.google.com/go v0.65.0
cloud.google.com/go/bigquery v1.8.0
cloud.google.com/go/datastore v1.1.0
cloud.google.com/go/pubsub v1.3.1
cloud.google.com/go/storage v1.10.0
contrib.go.opencensus.io/exporter/prometheus v0.4.0
dmitri.shuralyov.com/app/changes v0.0.0-20180602232624-0a106ad413e3
dmitri.shuralyov.com/gpu/mtl v0.0.0-20201218220906-28db891af037
dmitri.shuralyov.com/html/belt v0.0.0-20180602232347-f7d459c86be0
dmitri.shuralyov.com/service/change v0.0.0-20181023043359-a85b471d5412
dmitri.shuralyov.com/state v0.0.0-20180228185332-28bcc343414c
git.apache.org/thrift.git v0.0.0-20180902110319-2566ecd5d999
github.com/AndreasBriese/bbloom v0.0.0-20190825152654-46b345b51c96
github.com/BurntSushi/toml v0.4.1
github.com/BurntSushi/xgb v0.0.0-20160522181843-27f122750802
github.com/DataDog/datadog-go v3.2.0+incompatible
github.com/DataDog/zstd v1.4.1
github.com/GeertJohan/go.incremental v1.0.0
github.com/GeertJohan/go.rice v1.0.2
github.com/Gurpartap/async v0.0.0-20180927173644-4f7f499dd9ee
github.com/HdrHistogram/hdrhistogram-go v1.1.2
github.com/Knetic/govaluate v3.0.1-0.20171022003610-9aa49832a739+incompatible
github.com/Kubuxu/go-os-helper v0.0.1
github.com/Kubuxu/imtui v0.0.0-20210401140320-41663d68d0fa
github.com/Masterminds/glide v0.13.2
github.com/Masterminds/semver v1.4.2
github.com/Masterminds/vcs v1.13.0
github.com/OneOfOne/xxhash v1.2.2
github.com/PuerkitoBio/purell v1.1.1
github.com/PuerkitoBio/urlesc v0.0.0-20170810143723-de5bf2ad4578
github.com/Shopify/sarama v1.19.0
github.com/Shopify/toxiproxy v2.1.4+incompatible
github.com/StackExchange/wmi v1.2.1
github.com/Stebalien/go-bitfield v0.0.1
github.com/VividCortex/gohistogram v1.0.0
github.com/acarl005/stripansi v0.0.0-20180116102854-5a71ef0e047d
github.com/aead/siphash v1.0.1
github.com/afex/hystrix-go v0.0.0-20180502004556-fa1af6a1f4f5
github.com/ajstarks/svgo v0.0.0-20180226025133-644b8db467af
github.com/akavel/rsrc v0.8.0
github.com/alecthomas/jsonschema v0.0.0-20200530073317-71f438968921
github.com/alecthomas/template v0.0.0-20190718012654-fb15b899a751
github.com/alecthomas/units v0.0.0-20210927113745-59d0afb8317a
github.com/anmitsu/go-shlex v0.0.0-20161002113705-648efa622239
github.com/antihax/optional v1.0.0
github.com/apache/thrift v0.13.0
github.com/armon/circbuf v0.0.0-20150827004946-bbbad097214e
github.com/armon/consul-api v0.0.0-20180202201655-eb2c6b5be1b6
github.com/armon/go-metrics v0.3.9
github.com/armon/go-radix v1.0.0
github.com/armon/go-socks5 v0.0.0-20160902184237-e75332964ef5
github.com/aryann/difflib v0.0.0-20170710044230-e206f873d14a
github.com/aws/aws-lambda-go v1.13.3
github.com/aws/aws-sdk-go v1.40.45
github.com/aws/aws-sdk-go-v2 v1.9.1
github.com/aws/aws-sdk-go-v2/service/cloudwatch v1.8.1
github.com/aws/smithy-go v1.8.0
github.com/beevik/ntp v0.2.0
github.com/benbjohnson/clock v1.2.0
github.com/beorn7/perks v1.0.1
github.com/bep/debounce v1.2.0
github.com/bgentry/speakeasy v0.1.0
github.com/bradfitz/go-smtpd v0.0.0-20170404230938-deb6d6237625
github.com/briandowns/spinner v1.11.1
github.com/btcsuite/btcd v0.22.0-beta
github.com/btcsuite/btclog v0.0.0-20170628155309-84c8d2346e9f
github.com/btcsuite/btcutil v1.0.3-0.20201208143702-a53e38424cce
github.com/btcsuite/go-socks v0.0.0-20170105172521-4720035b7bfd
github.com/btcsuite/goleveldb v1.0.0
github.com/btcsuite/snappy-go v1.0.0
github.com/btcsuite/websocket v0.0.0-20150119174127-31079b680792
github.com/btcsuite/winsvc v1.0.0
github.com/buger/goterm v1.0.3
github.com/buger/jsonparser v0.0.0-20181115193947-bf1c66bbce23
github.com/casbin/casbin/v2 v2.37.0
github.com/cenkalti/backoff v2.2.1+incompatible
github.com/cenkalti/backoff/v4 v4.1.1
github.com/census-instrumentation/opencensus-proto v0.2.1
github.com/cespare/xxhash v1.1.0
github.com/cespare/xxhash/v2 v2.1.2
github.com/cheekybits/genny v1.0.0
github.com/chzyer/logex v1.1.10
github.com/chzyer/readline v0.0.0-20180603132655-2972be24d48e
github.com/chzyer/test v0.0.0-20180213035817-a1ea475d72b1
github.com/cilium/ebpf v0.2.0
github.com/circonus-labs/circonus-gometrics v2.3.1+incompatible
github.com/circonus-labs/circonusllhist v0.1.3
github.com/clbanning/mxj v1.8.4
github.com/clbanning/x2j v0.0.0-20191024224557-825249438eec
github.com/client9/misspell v0.3.4
github.com/cncf/udpa/go v0.0.0-20201120205902-5459f2c99403
github.com/cncf/xds/go v0.0.0-20210312221358-fbca930ec8ed
github.com/cockroachdb/datadriven v0.0.0-20190809214429-80d97fb3cbaa
github.com/codahale/hdrhistogram v0.0.0-20161010025455-3a0bb77429bd
github.com/codegangsta/cli v1.20.0
github.com/containerd/cgroups v0.0.0-20201119153540-4cbc285b3327
github.com/coreos/etcd v3.3.10+incompatible
github.com/coreos/go-etcd v2.0.0+incompatible
github.com/coreos/go-semver v0.3.0
github.com/coreos/go-systemd v0.0.0-20191104093116-d3cd4ed1dbcf
github.com/coreos/go-systemd/v22 v22.3.2
github.com/coreos/pkg v0.0.0-20160727233714-3ac0863d7acf
github.com/corpix/uarand v0.1.1
github.com/cpuguy83/go-md2man v1.0.10
github.com/cpuguy83/go-md2man/v2 v2.0.0
github.com/crackcomm/go-gitignore v0.0.0-20170627025303-887ab5e44cc3
github.com/creack/pty v1.1.9
github.com/cskr/pubsub v1.0.2
github.com/daaku/go.zipexe v1.0.0
github.com/davecgh/go-spew v1.1.1
github.com/davidlazar/go-crypto v0.0.0-20200604182044-b73af7476f6c
github.com/decred/dcrd/lru v1.0.0
github.com/detailyang/go-fallocate v0.0.0-20180908115635-432fa640bd2e
github.com/dgraph-io/badger v1.6.2
github.com/dgraph-io/badger/v2 v2.2007.3
github.com/dgraph-io/ristretto v0.1.0
github.com/dgrijalva/jwt-go v3.2.0+incompatible
github.com/dgryski/go-farm v0.0.0-20190423205320-6a90982ecee2
github.com/docker/go-units v0.4.0
github.com/drand/bls12-381 v0.3.2
github.com/drand/drand v1.3.0
github.com/drand/kyber v1.1.7
github.com/drand/kyber-bls12381 v0.2.1
github.com/dustin/go-humanize v1.0.0
github.com/eapache/go-resiliency v1.1.0
github.com/eapache/go-xerial-snappy v0.0.0-20180814174437-776d5712da21
github.com/eapache/queue v1.1.0
github.com/edsrzf/mmap-go v1.0.0
github.com/elastic/go-sysinfo v1.7.0
github.com/elastic/go-windows v1.0.0
github.com/elastic/gosigar v0.14.1
github.com/ema/qdisc v0.0.0-20190904071900-b82c76788043
github.com/envoyproxy/go-control-plane v0.9.9-0.20210512163311-63b5d3c536b0
github.com/envoyproxy/protoc-gen-validate v0.1.0
github.com/etclabscore/go-jsonschema-walk v0.0.6
github.com/etclabscore/go-openrpc-reflect v0.0.36
github.com/facebookgo/atomicfile v0.0.0-20151019160806-2de1f203e7d5
github.com/fatih/color v1.13.0
github.com/filecoin-project/dagstore v0.4.4
github.com/filecoin-project/filecoin-ffi v0.30.4-0.20200910194244-f640612a1a1f => ./extern/filecoin-ffi
github.com/filecoin-project/go-address v0.0.6
github.com/filecoin-project/go-amt-ipld/v2 v2.1.0
github.com/filecoin-project/go-amt-ipld/v3 v3.1.0
github.com/filecoin-project/go-amt-ipld/v4 v4.0.0
github.com/filecoin-project/go-bitfield v0.2.4
github.com/filecoin-project/go-cbor-util v0.0.1
github.com/filecoin-project/go-commp-utils v0.1.3
github.com/filecoin-project/go-crypto v0.0.1
github.com/filecoin-project/go-data-transfer v1.14.0
github.com/filecoin-project/go-ds-versioning v0.1.1
github.com/filecoin-project/go-fil-commcid v0.1.0
github.com/filecoin-project/go-fil-commp-hashhash v0.1.0
github.com/filecoin-project/go-fil-markets v1.19.0
github.com/filecoin-project/go-hamt-ipld v0.1.5
github.com/filecoin-project/go-hamt-ipld/v2 v2.0.0
github.com/filecoin-project/go-hamt-ipld/v3 v3.1.0
github.com/filecoin-project/go-jsonrpc v0.1.5
github.com/filecoin-project/go-padreader v0.0.1
github.com/filecoin-project/go-paramfetch v0.0.4
github.com/filecoin-project/go-state-types v0.1.3
github.com/filecoin-project/go-statemachine v1.0.1
github.com/filecoin-project/go-statestore v0.2.0
github.com/filecoin-project/go-storedcounter v0.1.0
github.com/filecoin-project/specs-actors v0.9.14
github.com/filecoin-project/specs-actors/v2 v2.3.6
github.com/filecoin-project/specs-actors/v3 v3.1.1
github.com/filecoin-project/specs-actors/v4 v4.0.1
github.com/filecoin-project/specs-actors/v5 v5.0.4
github.com/filecoin-project/specs-actors/v6 v6.0.1
github.com/filecoin-project/specs-actors/v7 v7.0.0-rc1
github.com/filecoin-project/specs-storage v0.2.0
github.com/filecoin-project/test-vectors/schema v0.0.5
github.com/flynn/go-shlex v0.0.0-20150515145356-3f9db97f8568
github.com/flynn/noise v1.0.0
github.com/fogleman/gg v1.2.1-0.20190220221249-0403632d5b90
github.com/francoispqt/gojay v1.2.13
github.com/franela/goblin v0.0.0-20210519012713-85d372ac71e2
github.com/franela/goreq v0.0.0-20171204163338-bcd34c9993f8
github.com/frankban/quicktest v1.14.0
github.com/fsnotify/fsnotify v1.4.9
github.com/gbrlsnchs/jwt/v3 v3.0.1
github.com/gdamore/encoding v1.0.0
github.com/gdamore/tcell/v2 v2.2.0
github.com/ghodss/yaml v1.0.0
github.com/gliderlabs/ssh v0.1.1
github.com/go-check/check v0.0.0-20180628173108-788fd7840127
github.com/go-errors/errors v1.0.1
github.com/go-gl/glfw v0.0.0-20190409004039-e6da0acd62b1
github.com/go-gl/glfw/v3.3/glfw v0.0.0-20200222043503-6f7a984d4dc4
github.com/go-kit/kit v0.12.0
github.com/go-kit/log v0.2.0
github.com/go-logfmt/logfmt v0.5.1
github.com/go-logr/logr v1.2.1
github.com/go-logr/stdr v1.2.0
github.com/go-ole/go-ole v1.2.5
github.com/go-openapi/jsonpointer v0.19.3
github.com/go-openapi/jsonreference v0.19.4
github.com/go-openapi/spec v0.19.11
github.com/go-openapi/swag v0.19.11
github.com/go-sql-driver/mysql v1.5.0
github.com/go-stack/stack v1.8.0
github.com/go-task/slim-sprig v0.0.0-20210107165309-348f09dbbbc0
github.com/go-zookeeper/zk v1.0.2
github.com/godbus/dbus v0.0.0-20190402143921-271e53dc4968
github.com/godbus/dbus/v5 v5.0.4
github.com/gogo/googleapis v1.4.0
github.com/gogo/protobuf v1.3.2
github.com/gogo/status v1.1.0
github.com/golang-jwt/jwt/v4 v4.0.0
github.com/golang/freetype v0.0.0-20170609003504-e2365dfdc4a0
github.com/golang/glog v1.0.0
github.com/golang/groupcache v0.0.0-20210331224755-41bb18bfe9da
github.com/golang/lint v0.0.0-20180702182130-06c8688daad7
github.com/golang/mock v1.6.0
github.com/golang/protobuf v1.5.2
github.com/golang/snappy v0.0.3
github.com/google/btree v1.0.0
github.com/google/go-cmp v0.5.6
github.com/google/go-github v17.0.0+incompatible
github.com/google/go-querystring v1.0.0
github.com/google/gofuzz v1.0.0
github.com/google/gopacket v1.1.19
github.com/google/martian v2.1.0+incompatible
github.com/google/martian/v3 v3.0.0
github.com/google/pprof v0.0.0-20200708004538-1a94d8640e99
github.com/google/renameio v0.1.0
github.com/google/uuid v1.3.0
github.com/googleapis/gax-go v2.0.0+incompatible
github.com/googleapis/gax-go/v2 v2.0.5
github.com/gopherjs/gopherjs v0.0.0-20190812055157-5d271430af9f
github.com/gorilla/context v1.1.1
github.com/gorilla/handlers v1.4.2
github.com/gorilla/mux v1.7.4
github.com/gorilla/websocket v1.4.2
github.com/gregjones/httpcache v0.0.0-20180305231024-9cad4c3443a7
github.com/grpc-ecosystem/go-grpc-middleware v1.2.0
github.com/grpc-ecosystem/go-grpc-prometheus v1.2.0
github.com/grpc-ecosystem/grpc-gateway v1.16.0
github.com/grpc-ecosystem/grpc-opentracing v0.0.0-20180507213350-8e809c8a8645
github.com/gxed/go-shellwords v1.0.3
github.com/gxed/hashland/keccakpg v0.0.1
github.com/gxed/hashland/murmur3 v0.0.1
github.com/hako/durafmt v0.0.0-20200710122514-c0fb7b4da026
github.com/hannahhoward/cbor-gen-for v0.0.0-20200817222906-ea96cece81f1
github.com/hannahhoward/go-pubsub v0.0.0-20200423002714-8d62886cc36e
github.com/hashicorp/consul/api v1.10.1
github.com/hashicorp/consul/sdk v0.8.0
github.com/hashicorp/errwrap v1.0.0
github.com/hashicorp/go-cleanhttp v0.5.2
github.com/hashicorp/go-hclog v0.16.2
github.com/hashicorp/go-immutable-radix v1.3.1
github.com/hashicorp/go-msgpack v0.5.3
github.com/hashicorp/go-multierror v1.1.1
github.com/hashicorp/go-retryablehttp v0.5.3
github.com/hashicorp/go-rootcerts v1.0.2
github.com/hashicorp/go-sockaddr v1.0.0
github.com/hashicorp/go-syslog v1.0.0
github.com/hashicorp/go-uuid v1.0.1
github.com/hashicorp/go-version v1.2.0
github.com/hashicorp/go.net v0.0.1
github.com/hashicorp/golang-lru v0.5.4
github.com/hashicorp/hcl v1.0.0
github.com/hashicorp/logutils v1.0.0
github.com/hashicorp/mdns v1.0.1
github.com/hashicorp/memberlist v0.2.2
github.com/hashicorp/serf v0.9.5
github.com/hodgesds/perf-utils v0.0.8
github.com/hpcloud/tail v1.0.0
github.com/hudl/fargo v1.4.0
github.com/huin/goupnp v1.0.2
github.com/huin/goutil v0.0.0-20170803182201-1ca381bf3150
github.com/iancoleman/orderedmap v0.1.0
github.com/ianlancetaylor/demangle v0.0.0-20181102032728-5e5cf60278f6
github.com/icrowley/fake v0.0.0-20180203215853-4178557ae428
github.com/icza/backscanner v0.0.0-20210726202459-ac2ffc679f94
github.com/icza/mighty v0.0.0-20180919140131-cfd07d671de6
github.com/inconshreveable/mousetrap v1.0.0
github.com/influxdata/influxdb1-client v0.0.0-20200827194710-b269163b24ab
github.com/ipfs/bbloom v0.0.4
github.com/ipfs/go-bitfield v1.0.0
github.com/ipfs/go-bitswap v0.5.1
github.com/ipfs/go-block-format v0.0.3
github.com/ipfs/go-blockservice v0.2.1
github.com/ipfs/go-cid v0.1.0
github.com/ipfs/go-cidutil v0.0.2
github.com/ipfs/go-datastore v0.5.1
github.com/ipfs/go-detect-race v0.0.1
github.com/ipfs/go-ds-badger v0.3.0
github.com/ipfs/go-ds-badger2 v0.1.2
github.com/ipfs/go-ds-leveldb v0.5.0
github.com/ipfs/go-ds-measure v0.2.0
github.com/ipfs/go-filestore v1.1.0
github.com/ipfs/go-fs-lock v0.0.6
github.com/ipfs/go-graphsync v0.12.0
github.com/ipfs/go-ipfs-blockstore v1.1.2
github.com/ipfs/go-ipfs-blocksutil v0.0.1
github.com/ipfs/go-ipfs-chunker v0.0.5
github.com/ipfs/go-ipfs-cmds v0.3.0
github.com/ipfs/go-ipfs-config v0.5.3
github.com/ipfs/go-ipfs-delay v0.0.1
github.com/ipfs/go-ipfs-ds-help v1.1.0
github.com/ipfs/go-ipfs-exchange-interface v0.1.0
github.com/ipfs/go-ipfs-exchange-offline v0.1.1
github.com/ipfs/go-ipfs-files v0.0.9
github.com/ipfs/go-ipfs-http-client v0.0.6
github.com/ipfs/go-ipfs-posinfo v0.0.1
github.com/ipfs/go-ipfs-pq v0.0.2
github.com/ipfs/go-ipfs-routing v0.2.1
github.com/ipfs/go-ipfs-util v0.0.2
github.com/ipfs/go-ipld-cbor v0.0.6
github.com/ipfs/go-ipld-format v0.2.0
github.com/ipfs/go-ipld-legacy v0.1.1
github.com/ipfs/go-ipns v0.1.2
github.com/ipfs/go-log v1.0.5
github.com/ipfs/go-log/v2 v2.5.0
github.com/ipfs/go-merkledag v0.5.1
github.com/ipfs/go-metrics-interface v0.0.1
github.com/ipfs/go-metrics-prometheus v0.0.2
github.com/ipfs/go-path v0.0.7
github.com/ipfs/go-peertaskqueue v0.7.1
github.com/ipfs/go-todocounter v0.0.1
github.com/ipfs/go-unixfs v0.3.1
github.com/ipfs/go-unixfsnode v1.2.0
github.com/ipfs/go-verifcid v0.0.1
github.com/ipfs/interface-go-ipfs-core v0.4.0
github.com/ipfs/iptb v1.4.0
github.com/ipfs/iptb-plugins v0.3.0
github.com/ipld/go-car v0.3.3
github.com/ipld/go-car/v2 v2.1.1
github.com/ipld/go-codec-dagpb v1.3.0
github.com/ipld/go-ipld-prime v0.14.4
github.com/ipld/go-ipld-prime-proto v0.0.0-20191113031812-e32bd156a1e5
github.com/ipld/go-ipld-prime/storage/bsadapter v0.0.0-20211210234204-ce2a1c70cd73
github.com/ipld/go-ipld-selector-text-lite v0.0.1
github.com/ipsn/go-secp256k1 v0.0.0-20180726113642-9d62b9f0bc52
github.com/jackpal/gateway v1.0.5
github.com/jackpal/go-nat-pmp v1.0.2
github.com/jbenet/go-cienv v0.1.0
github.com/jbenet/go-random v0.0.0-20190219211222-123a90aedc0c
github.com/jbenet/go-temp-err-catcher v0.1.0
github.com/jbenet/goprocess v0.1.4
github.com/jellevandenhooff/dkim v0.0.0-20150330215556-f50fe3d243e1
github.com/jessevdk/go-flags v1.4.0
github.com/jmespath/go-jmespath v0.4.0
github.com/jmespath/go-jmespath/internal/testify v1.5.1
github.com/joeshaw/multierror v0.0.0-20140124173710-69b34d4ec901
github.com/jonboulle/clockwork v0.2.2
github.com/josharian/intern v1.0.0
github.com/jpillora/backoff v1.0.0
github.com/jrick/logrotate v1.0.0
github.com/jsimonetti/rtnetlink v0.0.0-20200117123717-f846d4f6c1f4
github.com/json-iterator/go v1.1.12
github.com/jstemmer/go-junit-report v0.9.1
github.com/jtolds/gls v4.20.0+incompatible
github.com/julienschmidt/httprouter v1.3.0
github.com/jung-kurt/gofpdf v1.0.3-0.20190309125859-24315acbbda5
github.com/kabukky/httpscerts v0.0.0-20150320125433-617593d7dcb3
github.com/kami-zh/go-capturer v0.0.0-20171211120116-e492ea43421d
github.com/kelseyhightower/envconfig v1.4.0
github.com/kilic/bls12-381 v0.0.0-20200820230200-6b2c19996391
github.com/kisielk/errcheck v1.5.0
github.com/kisielk/gotool v1.0.0
github.com/kkdai/bstream v0.0.0-20161212061736-f391b8402d23
github.com/klauspost/compress v1.13.6
github.com/klauspost/cpuid/v2 v2.0.9
github.com/konsorten/go-windows-terminal-sequences v1.0.3
github.com/koron/go-ssdp v0.0.2
github.com/kr/logfmt v0.0.0-20140226030751-b84e30acd515
github.com/kr/pretty v0.3.0
github.com/kr/pty v1.1.3
github.com/kr/text v0.2.0
github.com/libp2p/go-addr-util v0.1.0
github.com/libp2p/go-buffer-pool v0.0.2
github.com/libp2p/go-cidranger v1.1.0
github.com/libp2p/go-conn-security v0.0.1
github.com/libp2p/go-conn-security-multistream v0.3.0
github.com/libp2p/go-eventbus v0.2.1
github.com/libp2p/go-flow-metrics v0.0.3
github.com/libp2p/go-libp2p v0.18.0-rc4
github.com/libp2p/go-libp2p-asn-util v0.1.0
github.com/libp2p/go-libp2p-autonat v0.7.0
github.com/libp2p/go-libp2p-autonat-svc v0.1.0
github.com/libp2p/go-libp2p-blankhost v0.3.0
github.com/libp2p/go-libp2p-circuit v0.6.0
github.com/libp2p/go-libp2p-connmgr v0.3.1
github.com/libp2p/go-libp2p-core v0.14.0
github.com/libp2p/go-libp2p-crypto v0.1.0
github.com/libp2p/go-libp2p-daemon v0.2.2
github.com/libp2p/go-libp2p-discovery v0.6.0
github.com/libp2p/go-libp2p-host v0.0.3
github.com/libp2p/go-libp2p-interface-connmgr v0.0.5
github.com/libp2p/go-libp2p-interface-pnet v0.0.1
github.com/libp2p/go-libp2p-kad-dht v0.15.0
github.com/libp2p/go-libp2p-kbucket v0.4.7
github.com/libp2p/go-libp2p-loggables v0.1.0
github.com/libp2p/go-libp2p-metrics v0.0.1
github.com/libp2p/go-libp2p-mplex v0.5.0
github.com/libp2p/go-libp2p-nat v0.1.0
github.com/libp2p/go-libp2p-net v0.0.2
github.com/libp2p/go-libp2p-netutil v0.1.0
github.com/libp2p/go-libp2p-noise v0.3.0
github.com/libp2p/go-libp2p-peer v0.2.0
github.com/libp2p/go-libp2p-peerstore v0.6.0
github.com/libp2p/go-libp2p-pnet v0.2.0
github.com/libp2p/go-libp2p-protocol v0.1.0
github.com/libp2p/go-libp2p-pubsub v0.6.1
github.com/libp2p/go-libp2p-quic-transport v0.16.1
github.com/libp2p/go-libp2p-record v0.1.3
github.com/libp2p/go-libp2p-resource-manager v0.1.4
github.com/libp2p/go-libp2p-routing v0.1.0
github.com/libp2p/go-libp2p-routing-helpers v0.2.3
github.com/libp2p/go-libp2p-secio v0.2.2
github.com/libp2p/go-libp2p-swarm v0.10.1
github.com/libp2p/go-libp2p-testing v0.7.0
github.com/libp2p/go-libp2p-tls v0.3.1
github.com/libp2p/go-libp2p-transport v0.0.5
github.com/libp2p/go-libp2p-transport-upgrader v0.7.1
github.com/libp2p/go-libp2p-xor v0.0.0-20210714161855-5c005aca55db
github.com/libp2p/go-libp2p-yamux v0.8.2
github.com/libp2p/go-maddr-filter v0.1.0
github.com/libp2p/go-mplex v0.4.0
github.com/libp2p/go-msgio v0.1.0
github.com/libp2p/go-nat v0.1.0
github.com/libp2p/go-netroute v0.2.0
github.com/libp2p/go-openssl v0.0.7
github.com/libp2p/go-reuseport v0.1.0
github.com/libp2p/go-reuseport-transport v0.1.0
github.com/libp2p/go-sockaddr v0.1.1
github.com/libp2p/go-stream-muxer v0.1.0
github.com/libp2p/go-stream-muxer-multistream v0.4.0
github.com/libp2p/go-tcp-transport v0.5.0
github.com/libp2p/go-testutil v0.1.0
github.com/libp2p/go-ws-transport v0.6.0
github.com/libp2p/go-yamux v1.4.1
github.com/libp2p/go-yamux/v2 v2.3.0
github.com/libp2p/go-yamux/v3 v3.0.2
github.com/libp2p/zeroconf/v2 v2.1.1
github.com/lightstep/lightstep-tracer-common/golang/gogo v0.0.0-20190605223551-bc2310a04743
github.com/lightstep/lightstep-tracer-go v0.18.1
github.com/lucas-clemente/quic-go v0.25.0
github.com/lucasb-eyer/go-colorful v1.0.3
github.com/lufia/iostat v1.1.0
github.com/lunixbochs/vtclean v1.0.0
github.com/lyft/protoc-gen-validate v0.0.13
github.com/magefile/mage v1.9.0
github.com/magiconair/properties v1.8.0
github.com/mailru/easyjson v0.7.6
github.com/marten-seemann/qpack v0.2.1
github.com/marten-seemann/qtls v0.10.0
github.com/marten-seemann/qtls-go1-15 v0.1.5
github.com/marten-seemann/qtls-go1-16 v0.1.4
github.com/marten-seemann/qtls-go1-17 v0.1.0
github.com/marten-seemann/qtls-go1-18 v0.1.0-beta.1
github.com/marten-seemann/tcp v0.0.0-20210406111302-dfbc87cc63fd
github.com/mattn/go-colorable v0.1.9
github.com/mattn/go-isatty v0.0.14
github.com/mattn/go-runewidth v0.0.10
github.com/mattn/go-xmlrpc v0.0.3
github.com/matttproud/golang_protobuf_extensions v1.0.1
github.com/mdlayher/genetlink v1.0.0
github.com/mdlayher/netlink v1.1.0
github.com/mdlayher/wifi v0.0.0-20190303161829-b1436901ddee
github.com/mgutz/ansi v0.0.0-20170206155736-9520e82c474b
github.com/microcosm-cc/bluemonday v1.0.1
github.com/miekg/dns v1.1.43
github.com/mikioh/tcp v0.0.0-20190314235350-803a9b46060c
github.com/mikioh/tcpinfo v0.0.0-20190314235526-30a79bb1804b
github.com/mikioh/tcpopt v0.0.0-20190314235656-172688c1accc
github.com/minio/blake2b-simd v0.0.0-20160723061019-3f5f724cb5b1
github.com/minio/highwayhash v1.0.2
github.com/minio/sha256-simd v1.0.0
github.com/mitchellh/cli v1.1.0
github.com/mitchellh/go-homedir v1.1.0
github.com/mitchellh/go-testing-interface v1.0.0
github.com/mitchellh/gox v0.4.0
github.com/mitchellh/iochan v1.0.0
github.com/mitchellh/mapstructure v1.4.2
github.com/modern-go/concurrent v0.0.0-20180306012644-bacd9c7ef1dd
github.com/modern-go/reflect2 v1.0.2
github.com/mr-tron/base58 v1.2.0
github.com/multiformats/go-base32 v0.0.4
github.com/multiformats/go-base36 v0.1.0
github.com/multiformats/go-multiaddr v0.5.0
github.com/multiformats/go-multiaddr-dns v0.3.1
github.com/multiformats/go-multiaddr-fmt v0.1.0
github.com/multiformats/go-multiaddr-net v0.2.0
github.com/multiformats/go-multibase v0.0.3
github.com/multiformats/go-multicodec v0.3.1-0.20211210143421-a526f306ed2c
github.com/multiformats/go-multihash v0.1.0
github.com/multiformats/go-multistream v0.2.2
github.com/multiformats/go-varint v0.0.6
github.com/mwitkow/go-conntrack v0.0.0-20190716064945-2f068394615f
github.com/nats-io/jwt v1.2.2
github.com/nats-io/jwt/v2 v2.0.3
github.com/nats-io/nats-server/v2 v2.5.0
github.com/nats-io/nats.go v1.12.1
github.com/nats-io/nkeys v0.3.0
github.com/nats-io/nuid v1.0.1
github.com/neelance/astrewrite v0.0.0-20160511093645-99348263ae86
github.com/neelance/sourcemap v0.0.0-20151028013722-8c68805598ab
github.com/ngdinhtoan/glide-cleanup v0.2.0
github.com/niemeyer/pretty v0.0.0-20200227124842-a10e7caefd8e
github.com/nikkolasg/hexjson v0.0.0-20181101101858-78e39397e00c
github.com/nkovacs/streamquote v1.0.0
github.com/nxadm/tail v1.4.8
github.com/oklog/oklog v0.3.2
github.com/oklog/run v1.0.0
github.com/olekukonko/tablewriter v0.0.0-20170122224234-a0225b3f23b5
github.com/onsi/ginkgo v1.16.4
github.com/onsi/gomega v1.13.0
github.com/op/go-logging v0.0.0-20160315200505-970db520ece7
github.com/open-rpc/meta-schema v0.0.0-20201029221707-1b72ef2ea333
github.com/opencontainers/runtime-spec v1.0.2
github.com/opentracing-contrib/go-grpc v0.0.0-20191001143057-db30781987df
github.com/opentracing-contrib/go-observer v0.0.0-20170622124052-a52f23424492
github.com/opentracing-contrib/go-stdlib v1.0.0
github.com/opentracing/basictracer-go v1.0.0
github.com/opentracing/opentracing-go v1.2.0
github.com/openzipkin-contrib/zipkin-go-opentracing v0.4.5
github.com/openzipkin/zipkin-go v0.2.5
github.com/pact-foundation/pact-go v1.0.4
github.com/pascaldekloe/goe v0.1.0
github.com/pbnjay/memory v0.0.0-20210728143218-7b4eea64cf58
github.com/pborman/uuid v1.2.0
github.com/pelletier/go-toml v1.2.0
github.com/performancecopilot/speed v3.0.0+incompatible
github.com/performancecopilot/speed/v4 v4.0.0
github.com/petar/GoLLRB v0.0.0-20210522233825-ae3b015fd3e9
github.com/pierrec/lz4 v2.0.5+incompatible
github.com/pkg/errors v0.9.1
github.com/pkg/profile v1.2.1
github.com/pmezard/go-difflib v1.0.0
github.com/polydawn/refmt v0.0.0-20201211092308-30ac6d18308e
github.com/posener/complete v1.2.3
github.com/prometheus/client_golang v1.11.0
github.com/prometheus/client_model v0.2.0
github.com/prometheus/common v0.30.0
github.com/prometheus/node_exporter v1.0.0-rc.0.0.20200428091818-01054558c289
github.com/prometheus/procfs v0.7.3
github.com/prometheus/statsd_exporter v0.21.0
github.com/raulk/clock v1.1.0
github.com/raulk/go-watchdog v1.2.0
github.com/rcrowley/go-metrics v0.0.0-20181016184325-3113b8401b8a
github.com/remyoudompheng/bigfft v0.0.0-20200410134404-eec4a21b6bb0
github.com/rivo/uniseg v0.1.0
github.com/rogpeppe/fastuuid v1.2.0
github.com/rogpeppe/go-internal v1.6.1
github.com/rs/cors v1.7.0
github.com/rs/xid v1.2.1
github.com/rs/zerolog v1.21.0
github.com/russross/blackfriday v1.5.2
github.com/russross/blackfriday/v2 v2.0.1
github.com/rwcarlsen/goexif v0.0.0-20190401172101-9e8deecbddbd
github.com/ryanuber/columnize v0.0.0-20160712163229-9b3edd62028f
github.com/samuel/go-zookeeper v0.0.0-20190923202752-2cc03de413da
github.com/sean-/seed v0.0.0-20170313163322-e2103e2c3529
github.com/sercand/kuberesolver v2.4.0+incompatible
github.com/sergi/go-diff v1.0.0
github.com/shirou/gopsutil v2.18.12+incompatible
github.com/shurcooL/component v0.0.0-20170202220835-f88ec8f54cc4
github.com/shurcooL/events v0.0.0-20181021180414-410e4ca65f48
github.com/shurcooL/github_flavored_markdown v0.0.0-20181002035957-2122de532470
github.com/shurcooL/go v0.0.0-20180423040247-9e1955d9fb6e
github.com/shurcooL/go-goon v0.0.0-20170922171312-37c2f522c041
github.com/shurcooL/gofontwoff v0.0.0-20180329035133-29b52fc0a18d
github.com/shurcooL/gopherjslib v0.0.0-20160914041154-feb6d3990c2c
github.com/shurcooL/highlight_diff v0.0.0-20170515013008-09bb4053de1b
github.com/shurcooL/highlight_go v0.0.0-20181028180052-98c3abbbae20
github.com/shurcooL/home v0.0.0-20181020052607-80b7ffcb30f9
github.com/shurcooL/htmlg v0.0.0-20170918183704-d01228ac9e50
github.com/shurcooL/httperror v0.0.0-20170206035902-86b7830d14cc
github.com/shurcooL/httpfs v0.0.0-20171119174359-809beceb2371
github.com/shurcooL/httpgzip v0.0.0-20180522190206-b1c53ac65af9
github.com/shurcooL/issues v0.0.0-20181008053335-6292fdc1e191
github.com/shurcooL/issuesapp v0.0.0-20180602232740-048589ce2241
github.com/shurcooL/notifications v0.0.0-20181007000457-627ab5aea122
github.com/shurcooL/octicon v0.0.0-20181028054416-fa4f57f9efb2
github.com/shurcooL/reactions v0.0.0-20181006231557-f2e0b4ca5b82
github.com/shurcooL/sanitized_anchor_name v1.0.0
github.com/shurcooL/users v0.0.0-20180125191416-49c67e49c537
github.com/shurcooL/webdavfs v0.0.0-20170829043945-18c3829fa133
github.com/siebenmann/go-kstat v0.0.0-20160321171754-d34789b79745
github.com/sirupsen/logrus v1.8.1
github.com/smartystreets/assertions v1.0.1
github.com/smartystreets/goconvey v1.6.4
github.com/smola/gocompat v0.2.0
github.com/soheilhy/cmux v0.1.4
github.com/sony/gobreaker v0.4.1
github.com/soundcloud/go-runit v0.0.0-20150630195641-06ad41a06c4a
github.com/sourcegraph/annotate v0.0.0-20160123013949-f4cad6c6324d
github.com/sourcegraph/syntaxhighlight v0.0.0-20170531221838-bd320f5d308e
github.com/spacemonkeygo/openssl v0.0.0-20181017203307-c2dcc5cca94a
github.com/spacemonkeygo/spacelog v0.0.0-20180420211403-2296661a0572
github.com/spaolacci/murmur3 v1.1.0
github.com/spf13/afero v1.1.2
github.com/spf13/cast v1.3.0
github.com/spf13/cobra v0.0.5
github.com/spf13/jwalterweatherman v1.0.0
github.com/spf13/pflag v1.0.3
github.com/spf13/viper v1.3.2
github.com/src-d/envconfig v1.0.0
github.com/streadway/amqp v1.0.0
github.com/streadway/handy v0.0.0-20200128134331-0f66f006fb2e
github.com/streadway/quantile v0.0.0-20150917103942-b0c588724d25
github.com/stretchr/objx v0.1.1
github.com/stretchr/testify v1.7.0
github.com/syndtr/goleveldb v1.0.0
github.com/tarm/serial v0.0.0-20180830185346-98f6abe2eb07
github.com/texttheater/golang-levenshtein v0.0.0-20180516184445-d188e65d659e
github.com/tidwall/gjson v1.6.0
github.com/tidwall/match v1.0.1
github.com/tidwall/pretty v1.0.0
github.com/tj/go-spin v1.1.0
github.com/tmc/grpc-websocket-proxy v0.0.0-20170815181823-89b8d40f7ca8
github.com/tv42/httpunix v0.0.0-20150427012821-b75d8614f926
github.com/uber/jaeger-client-go v2.25.0+incompatible
github.com/uber/jaeger-lib v2.2.0+incompatible
github.com/ugorji/go/codec v0.0.0-20181204163529-d75b2dcb6bc8
github.com/urfave/cli v1.22.2
github.com/urfave/cli/v2 v2.2.0
github.com/valyala/bytebufferpool v1.0.0
github.com/valyala/fasttemplate v1.0.1
github.com/viant/assertly v0.4.8
github.com/viant/toolbox v0.24.0
github.com/wangjia184/sortedset v0.0.0-20160527075905-f5d03557ba30
github.com/warpfork/go-testmark v0.3.0
github.com/warpfork/go-wish v0.0.0-20200122115046-b9ea61034e4a
github.com/weaveworks/common v0.0.0-20200512154658-384f10054ec5
github.com/weaveworks/promrus v1.2.0
github.com/whyrusleeping/base32 v0.0.0-20170828182744-c30ac30633cc
github.com/whyrusleeping/bencher v0.0.0-20190829221104-bb6607aa8bba
github.com/whyrusleeping/cbor v0.0.0-20171005072247-63513f603b11
github.com/whyrusleeping/cbor-gen v0.0.0-20210713220151-be142a5ae1a8
github.com/whyrusleeping/chunker v0.0.0-20181014151217-fe64bd25879f
github.com/whyrusleeping/go-ctrlnet v0.0.0-20180313164037-f564fbbdaa95
github.com/whyrusleeping/go-keyspace v0.0.0-20160322163242-5b898ac5add1
github.com/whyrusleeping/go-logging v0.0.1
github.com/whyrusleeping/go-notifier v0.0.0-20170827234753-097c5d47330f
github.com/whyrusleeping/ledger-filecoin-go v0.9.1-0.20201010031517-c3dcc1bddce4
github.com/whyrusleeping/mafmt v1.2.8
github.com/whyrusleeping/mdns v0.0.0-20190826153040-b9b60ed33aa9
github.com/whyrusleeping/multiaddr-filter v0.0.0-20160516205228-e903e4adabd7
github.com/whyrusleeping/pubsub v0.0.0-20190708150250-92bcb0691325
github.com/whyrusleeping/timecache v0.0.0-20160911033111-cfcb2f1abfee
github.com/x-cray/logrus-prefixed-formatter v0.5.2
github.com/xiang90/probing v0.0.0-20190116061207-43a291ad63a2
github.com/xlab/c-for-go v0.0.0-20201112171043-ea6dce5809cb
github.com/xlab/pkgconfig v0.0.0-20170226114623-cea12a0fd245
github.com/xorcare/golden v0.6.1-0.20191112154924-b87f686d7542
github.com/xordataexchange/crypt v0.0.3-0.20170626215501-b2862e3d0a77
github.com/yuin/goldmark v1.4.0
github.com/zondax/hid v0.9.0
github.com/zondax/ledger-go v0.12.1
go.dedis.ch/fixbuf v1.0.3
go.dedis.ch/kyber/v3 v3.0.9
go.dedis.ch/protobuf v1.0.11
go.etcd.io/bbolt v1.3.4
go.etcd.io/etcd v0.0.0-20191023171146-3cf2f69b5738
go.etcd.io/etcd/api/v3 v3.5.0
go.etcd.io/etcd/client/pkg/v3 v3.5.0
go.etcd.io/etcd/client/v2 v2.305.0
go.etcd.io/etcd/client/v3 v3.5.0
go.opencensus.io v0.23.0
go.opentelemetry.io/otel v1.3.0
go.opentelemetry.io/otel/bridge/opencensus v0.25.0
go.opentelemetry.io/otel/exporters/jaeger v1.2.0
go.opentelemetry.io/otel/internal/metric v0.25.0
go.opentelemetry.io/otel/metric v0.25.0
go.opentelemetry.io/otel/oteltest v0.20.0
go.opentelemetry.io/otel/sdk v1.2.0
go.opentelemetry.io/otel/sdk/export/metric v0.25.0
go.opentelemetry.io/otel/sdk/metric v0.25.0
go.opentelemetry.io/otel/trace v1.3.0
go.opentelemetry.io/proto/otlp v0.7.0
go.uber.org/atomic v1.9.0
go.uber.org/dig v1.10.0
go.uber.org/fx v1.9.0
go.uber.org/goleak v1.1.11-0.20210813005559-691160354723
go.uber.org/multierr v1.7.0
go.uber.org/tools v0.0.0-20190618225709-2cfd321de3ee
go.uber.org/zap v1.19.1
go4.org v0.0.0-20200411211856-f5505b9728dd
golang.org/x/build v0.0.0-20190111050920-041ab4dc3f9d
golang.org/x/crypto v0.0.0-20211209193657-4570a0811e8b
golang.org/x/exp v0.0.0-20210715201039-d37aa40e8013
golang.org/x/image v0.0.0-20190802002840-cff245a6509b
golang.org/x/lint v0.0.0-20210508222113-6edffad5e616
golang.org/x/mobile v0.0.0-20201217150744-e6ae53a27f4f
golang.org/x/mod v0.4.2
golang.org/x/net v0.0.0-20211112202133-69e39bad7dc2
golang.org/x/oauth2 v0.0.0-20210514164344-f6687ab2804c
golang.org/x/perf v0.0.0-20180704124530-6e6d33e29852
golang.org/x/sync v0.0.0-20210220032951-036812b2e83c
golang.org/x/sys v0.0.0-20211209171907-798191bca915
golang.org/x/term v0.0.0-20201210144234-2321bbc49cbf
golang.org/x/text v0.3.7
golang.org/x/time v0.0.0-20210723032227-1f47c861a9ac
golang.org/x/tools v0.1.7
golang.org/x/xerrors v0.0.0-20200804184101-5ec99f83aff1
gonum.org/v1/gonum v0.8.2
gonum.org/v1/netlib v0.0.0-20190313105609-8cb42192e0e0
gonum.org/v1/plot v0.0.0-20190515093506-e2840ee46a6b
google.golang.org/api v0.30.0
google.golang.org/appengine v1.6.6
google.golang.org/genproto v0.0.0-20210917145530-b395a37504d4
google.golang.org/grpc v1.40.0
google.golang.org/protobuf v1.27.1
gopkg.in/alecthomas/kingpin.v2 v2.2.6
gopkg.in/check.v1 v1.0.0-20201130134442-10cb98267c6c
gopkg.in/cheggaaa/pb.v1 v1.0.28
gopkg.in/errgo.v2 v2.1.0
gopkg.in/fsnotify.v1 v1.4.7
gopkg.in/gcfg.v1 v1.2.3
gopkg.in/inf.v0 v0.9.1
gopkg.in/resty.v1 v1.12.0
gopkg.in/src-d/go-cli.v0 v0.0.0-20181105080154-d492247bbc0d
gopkg.in/src-d/go-log.v1 v1.0.1
gopkg.in/tomb.v1 v1.0.0-20141024135613-dd632973f1e7
gopkg.in/warnings.v0 v0.1.2
gopkg.in/yaml.v2 v2.4.0
gopkg.in/yaml.v3 v3.0.0-20210107192922-496545a6307b
gotest.tools v2.2.0+incompatible
grpc.go4.org v0.0.0-20170609214715-11d0a25b4919
honnef.co/go/tools v0.1.3
howett.net/plist v0.0.0-20181124034731-591f970eefbb
lukechampine.com/blake3 v1.1.7
modernc.org/cc v1.0.0
modernc.org/fileutil v1.0.0
modernc.org/golex v1.0.1
modernc.org/lex v1.0.0
modernc.org/lexer v1.0.0
modernc.org/mathutil v1.1.1
modernc.org/strutil v1.1.0
modernc.org/xc v1.0.0
rsc.io/binaryregexp v0.2.0
rsc.io/pdf v0.1.1
rsc.io/quote/v3 v3.1.0
rsc.io/sampler v1.3.0
sigs.k8s.io/yaml v1.2.0
sourcegraph.com/sourcegraph/appdash v0.0.0-20190731080439-ebfcffb1b5c0
sourcegraph.com/sourcegraph/go-diff v0.5.0
sourcegraph.com/sqs/pbtypes v0.0.0-20180604144634-d3ebe8f20ae4
