github.com/tendermint/starport
4d63.com/gochecknoglobals v0.0.0-20201008074935-acfc0b28355a
bazil.org/fuse v0.0.0-20160811212531-371fbbdaa898
bitbucket.org/creachadair/shell v0.0.6
cloud.google.com/go v0.81.0
cloud.google.com/go/bigquery v1.8.0
cloud.google.com/go/datastore v1.1.0
cloud.google.com/go/firestore v1.1.0
cloud.google.com/go/pubsub v1.5.0
cloud.google.com/go/spanner v1.7.0
cloud.google.com/go/storage v1.10.0
contrib.go.opencensus.io/exporter/stackdriver v0.13.4
dmitri.shuralyov.com/gpu/mtl v0.0.0-20190408044501-666a987793e9
filippo.io/edwards25519 v1.0.0-beta.2
github.com/99designs/keyring v1.1.6
github.com/AlecAivazis/survey/v2 v2.1.1
github.com/Antonboom/errname v0.1.4
github.com/Azure/azure-pipeline-go v0.2.2
github.com/Azure/azure-sdk-for-go v16.2.1+incompatible
github.com/Azure/azure-storage-blob-go v0.7.0
github.com/Azure/go-ansiterm v0.0.0-20210617225240-d185dfc1b5a1
github.com/Azure/go-autorest v14.2.0+incompatible
github.com/Azure/go-autorest/autorest v0.11.1
github.com/Azure/go-autorest/autorest/adal v0.9.5
github.com/Azure/go-autorest/autorest/date v0.3.0
github.com/Azure/go-autorest/autorest/mocks v0.4.1
github.com/Azure/go-autorest/logger v0.2.0
github.com/Azure/go-autorest/tracing v0.6.0
github.com/BurntSushi/toml v0.4.1
github.com/BurntSushi/xgb v0.0.0-20160522181843-27f122750802
github.com/ChainSafe/go-schnorrkel v0.0.0-20200405005733-88cbf1b4c40d
github.com/DataDog/datadog-go v3.2.0+incompatible
github.com/DataDog/zstd v1.4.5
github.com/Djarvur/go-err113 v0.0.0-20210108212216-aea10b59be24
github.com/Knetic/govaluate v3.0.1-0.20171022003610-9aa49832a739+incompatible
github.com/Masterminds/goutils v1.1.0
github.com/Masterminds/semver v1.5.0
github.com/Masterminds/sprig v2.22.0+incompatible
github.com/Microsoft/go-winio v0.5.0
github.com/Microsoft/hcsshim v0.8.23
github.com/Microsoft/hcsshim/test v0.0.0-20210227013316-43a75bb4edd3
github.com/NYTimes/gziphandler v0.0.0-20170623195520-56545f4a5d46
github.com/Netflix/go-expect v0.0.0-20180615182759-c93bf25de8e8
github.com/Nvveen/Gotty v0.0.0-20120604004816-cd527374f1e5
github.com/OneOfOne/xxhash v1.2.2
github.com/OpenPeeDeeP/depguard v1.0.1
github.com/PuerkitoBio/purell v1.1.1
github.com/PuerkitoBio/urlesc v0.0.0-20170810143723-de5bf2ad4578
github.com/Shopify/logrus-bugsnag v0.0.0-20171204204709-577dee27f20d
github.com/Shopify/sarama v1.19.0
github.com/Shopify/toxiproxy v2.1.4+incompatible
github.com/StackExchange/wmi v1.2.1
github.com/VictoriaMetrics/fastcache v1.5.7
github.com/VividCortex/gohistogram v1.0.0
github.com/Workiva/go-datastructures v1.0.52
github.com/Zilliqa/gozilliqa-sdk v1.2.1-0.20201201074141-dd0ecada1be6
github.com/adlio/schema v1.1.13
github.com/aead/siphash v1.0.1
github.com/afex/hystrix-go v0.0.0-20180502004556-fa1af6a1f4f5
github.com/alcortesm/tgz v0.0.0-20161220082320-9c5fe88206d7
github.com/alecthomas/assert v0.0.0-20170929043011-405dbfeb8e38
github.com/alecthomas/chroma v0.8.2
github.com/alecthomas/colour v0.0.0-20160524082231-60882d9e2721
github.com/alecthomas/kong v0.2.4
github.com/alecthomas/repr v0.0.0-20180818092828-117648cd9897
github.com/alecthomas/template v0.0.0-20190718012654-fb15b899a751
github.com/alecthomas/units v0.0.0-20190924025748-f65c72e2690d
github.com/alexflint/go-filemutex v0.0.0-20171022225611-72bdc8eae2ae
github.com/alexkohler/prealloc v1.0.0
github.com/allegro/bigcache v1.2.1-0.20190218064605-e24eb225f156
github.com/andrew-d/go-termutil v0.0.0-20150726205930-009166a695a2
github.com/andybalholm/brotli v1.0.0
github.com/anmitsu/go-shlex v0.0.0-20161002113705-648efa622239
github.com/antihax/optional v1.0.0
github.com/aokoli/goutils v1.0.1
github.com/apache/thrift v0.13.0
github.com/aristanetworks/goarista v0.0.0-20170210015632-ea17b1a17847
github.com/armon/circbuf v0.0.0-20150827004946-bbbad097214e
github.com/armon/consul-api v0.0.0-20180202201655-eb2c6b5be1b6
github.com/armon/go-metrics v0.3.9
github.com/armon/go-radix v0.0.0-20180808171621-7fddfc383310
github.com/armon/go-socks5 v0.0.0-20160902184237-e75332964ef5
github.com/aryann/difflib v0.0.0-20170710044230-e206f873d14a
github.com/asaskevich/govalidator v0.0.0-20190424111038-f61b66f89f4a
github.com/ashanbrown/forbidigo v1.2.0
github.com/ashanbrown/makezero v0.0.0-20210520155254-b6261585ddde
github.com/atotto/clipboard v0.1.2
github.com/aws/aws-lambda-go v1.13.3
github.com/aws/aws-sdk-go v1.36.30
github.com/aws/aws-sdk-go-v2 v0.18.0
github.com/aymerick/douceur v0.2.0
github.com/beorn7/perks v1.0.1
github.com/bgentry/speakeasy v0.1.0
github.com/bitly/go-simplejson v0.5.0
github.com/bits-and-blooms/bitset v1.2.0
github.com/bketelsen/crypt v0.0.4
github.com/bkielbasa/cyclop v1.2.0
github.com/blang/semver v3.5.1+incompatible
github.com/bmizerany/assert v0.0.0-20160611221934-b7ed37b82869
github.com/bombsimon/wsl/v3 v3.3.0
github.com/briandowns/spinner v1.11.1
github.com/bshuster-repo/logrus-logstash-hook v0.4.1
github.com/btcsuite/btcd v0.22.0-beta
github.com/btcsuite/btclog v0.0.0-20170628155309-84c8d2346e9f
github.com/btcsuite/btcutil v1.0.3-0.20201208143702-a53e38424cce
github.com/btcsuite/go-socks v0.0.0-20170105172521-4720035b7bfd
github.com/btcsuite/goleveldb v1.0.0
github.com/btcsuite/snappy-go v1.0.0
github.com/btcsuite/websocket v0.0.0-20150119174127-31079b680792
github.com/btcsuite/winsvc v1.0.0
github.com/buger/jsonparser v0.0.0-20180808090653-f4dd9f5a6b44
github.com/bugsnag/bugsnag-go v0.0.0-20141110184014-b1d153021fcd
github.com/bugsnag/osext v0.0.0-20130617224835-0dd3f918b21b
github.com/bugsnag/panicwrap v0.0.0-20151223152923-e2c28503fcd0
github.com/calmh/randomart v1.1.0
github.com/casbin/casbin/v2 v2.1.2
github.com/cenkalti/backoff v2.2.1+incompatible
github.com/cenkalti/backoff/v4 v4.1.1
github.com/census-instrumentation/opencensus-proto v0.2.1
github.com/cespare/cp v0.1.0
github.com/cespare/xxhash v1.1.0
github.com/cespare/xxhash/v2 v2.1.1
github.com/charithe/durationcheck v0.0.8
github.com/charmbracelet/bubbles v0.7.6
github.com/charmbracelet/bubbletea v0.13.1
github.com/charmbracelet/charm v0.8.6
github.com/charmbracelet/glamour v0.2.1-0.20210311152407-2b8307dcb400
github.com/charmbracelet/glow v1.4.0
github.com/chavacava/garif v0.0.0-20210405164556-e8a0a408d6af
github.com/checkpoint-restore/go-criu/v4 v4.1.0
github.com/checkpoint-restore/go-criu/v5 v5.0.0
github.com/chris-ramon/douceur v0.2.0
github.com/chzyer/logex v1.1.10
github.com/chzyer/readline v0.0.0-20180603132655-2972be24d48e
github.com/chzyer/test v0.0.0-20180213035817-a1ea475d72b1
github.com/cilium/ebpf v0.6.2
github.com/circonus-labs/circonus-gometrics v2.3.1+incompatible
github.com/circonus-labs/circonusllhist v0.1.3
github.com/clbanning/x2j v0.0.0-20191024224557-825249438eec
github.com/cloudflare/cloudflare-go v0.10.2-0.20190916151808-a80f83b9add9
github.com/cncf/udpa/go v0.0.0-20191209042840-269d4d468f6f
github.com/cockroachdb/datadriven v0.0.0-20190809214429-80d97fb3cbaa
github.com/codahale/hdrhistogram v0.0.0-20161010025455-3a0bb77429bd
github.com/coinbase/rosetta-sdk-go v0.6.10
github.com/confio/ics23/go v0.6.6
github.com/containerd/aufs v1.0.0
github.com/containerd/btrfs v1.0.0
github.com/containerd/cgroups v1.0.1
github.com/containerd/console v1.0.2
github.com/containerd/containerd v1.5.8
github.com/containerd/continuity v0.1.0
github.com/containerd/fifo v1.0.0
github.com/containerd/go-cni v1.0.2
github.com/containerd/go-runc v1.0.0
github.com/containerd/imgcrypt v1.1.1
github.com/containerd/nri v0.1.0
github.com/containerd/ttrpc v1.1.0
github.com/containerd/typeurl v1.0.2
github.com/containerd/zfs v1.0.0
github.com/containernetworking/cni v0.8.1
github.com/containernetworking/plugins v0.9.1
github.com/containers/ocicrypt v1.1.1
github.com/coreos/bbolt v1.3.2
github.com/coreos/etcd v3.3.13+incompatible
github.com/coreos/go-etcd v2.0.0+incompatible
github.com/coreos/go-iptables v0.5.0
github.com/coreos/go-oidc v2.1.0+incompatible
github.com/coreos/go-semver v0.3.0
github.com/coreos/go-systemd v0.0.0-20190620071333-e64a0ec8b42a
github.com/coreos/go-systemd/v22 v22.3.2
github.com/coreos/pkg v0.0.0-20180928190104-399ea9e2e55f
github.com/cosmos/btcutil v1.0.4
github.com/cosmos/cosmos-sdk v0.44.5
github.com/cosmos/go-bip39 v1.0.0
github.com/cosmos/iavl v0.17.3
github.com/cosmos/ibc-go v1.2.2
github.com/cosmos/ibc-go/v2 v2.0.2
github.com/cosmos/ledger-cosmos-go v0.11.1
github.com/cosmos/ledger-go v0.9.2
github.com/cpuguy83/go-md2man v1.0.10
github.com/cpuguy83/go-md2man/v2 v2.0.0
github.com/creack/pty v1.1.9
github.com/cyphar/filepath-securejoin v0.2.2
github.com/d2g/dhcp4 v0.0.0-20170904100407-a1d1b6c41b1c
github.com/d2g/dhcp4client v1.0.0
github.com/d2g/dhcp4server v0.0.0-20181031114812-7d4a0a7f59a5
github.com/d2g/hardwareaddr v0.0.0-20190221164911-e7d9fbe030e4
github.com/daixiang0/gci v0.2.9
github.com/danieljoos/wincred v1.0.2
github.com/danwakefield/fnmatch v0.0.0-20160403171240-cbb64ac3d964
github.com/davecgh/go-spew v1.1.1
github.com/deckarep/golang-set v0.0.0-20180603214616-504e848d77ea
github.com/decred/dcrd/lru v1.0.0
github.com/denis-tingajkin/go-header v0.4.2
github.com/denverdino/aliyungo v0.0.0-20190125010748-a747050bb1ba
github.com/desertbit/timer v0.0.0-20180107155436-c41aec40b27f
github.com/dgraph-io/badger/v2 v2.2007.2
github.com/dgraph-io/ristretto v0.0.3
github.com/dgrijalva/jwt-go v3.2.0+incompatible
github.com/dgryski/go-farm v0.0.0-20200201041132-a6ae2369ad13
github.com/dgryski/go-sip13 v0.0.0-20181026042036-e10d5fee7954
github.com/dlclark/regexp2 v1.2.0
github.com/dnaeon/go-vcr v1.0.1
github.com/docker/distribution v2.7.1+incompatible
github.com/docker/docker v20.10.7+incompatible
github.com/docker/go-connections v0.4.0
github.com/docker/go-events v0.0.0-20190806004212-e31b211e4f1c
github.com/docker/go-metrics v0.0.1
github.com/docker/go-units v0.4.0
github.com/docker/libtrust v0.0.0-20150114040149-fa567046d9b1
github.com/docker/spdystream v0.0.0-20160310174837-449fdfce4d96
github.com/docopt/docopt-go v0.0.0-20180111231733-ee0de3bc6815
github.com/dop251/goja v0.0.0-20200721192441-a695b0cdd498
github.com/dustin/go-humanize v1.0.1-0.20200219035652-afde56e7acac
github.com/dvsekhvalnov/jose2go v0.0.0-20200901110807-248326c1351b
github.com/dvyukov/go-fuzz v0.0.0-20200318091601-be3528f3a813
github.com/eapache/go-resiliency v1.1.0
github.com/eapache/go-xerial-snappy v0.0.0-20180814174437-776d5712da21
github.com/eapache/queue v1.1.0
github.com/edsrzf/mmap-go v1.0.0
github.com/elazarl/goproxy v0.0.0-20180725130230-947c36da3153
github.com/emicklei/go-restful v2.9.5+incompatible
github.com/emicklei/proto v1.9.0
github.com/emirpasic/gods v1.12.0
github.com/enigmampc/btcutil v1.0.3-0.20200723161021-e2fb6adb2a25
github.com/envoyproxy/go-control-plane v0.9.4
github.com/envoyproxy/protoc-gen-validate v0.1.0
github.com/esimonov/ifshort v1.0.2
github.com/ethereum/go-ethereum v1.9.25
github.com/ettle/strcase v0.1.1
github.com/evanphx/json-patch v4.9.0+incompatible
github.com/facebookgo/ensure v0.0.0-20160127193407-b4ab57deab51
github.com/facebookgo/stack v0.0.0-20160209184415-751773369052
github.com/facebookgo/subset v0.0.0-20150612182917-8dac2c3c4870
github.com/fatih/color v1.12.0
github.com/fatih/structs v1.1.0
github.com/fatih/structtag v1.2.0
github.com/felixge/httpsnoop v1.0.1
github.com/fjl/memsize v0.0.0-20180418122429-ca190fb6ffbc
github.com/flynn/go-shlex v0.0.0-20150515145356-3f9db97f8568
github.com/form3tech-oss/jwt-go v3.2.2+incompatible
github.com/fortytw2/leaktest v1.3.0
github.com/franela/goblin v0.0.0-20200105215937-c9ffbefa60db
github.com/franela/goreq v0.0.0-20171204163338-bcd34c9993f8
github.com/frankban/quicktest v1.11.3
github.com/fsnotify/fsnotify v1.5.1
github.com/fullsailor/pkcs7 v0.0.0-20190404230743-d7302db945fa
github.com/fullstorydev/grpcurl v1.6.0
github.com/fzipp/gocyclo v0.3.1
github.com/garyburd/redigo v0.0.0-20150301180006-535138d7bcd7
github.com/gballet/go-libpcsclite v0.0.0-20190607065134-2772fd86a8ff
github.com/ghodss/yaml v1.0.0
github.com/gin-contrib/sse v0.1.0
github.com/gin-gonic/gin v1.6.3
github.com/gliderlabs/ssh v0.2.2
github.com/go-critic/go-critic v0.5.6
github.com/go-git/gcfg v1.5.0
github.com/go-git/go-billy/v5 v5.0.0
github.com/go-git/go-git-fixtures/v4 v4.0.1
github.com/go-git/go-git/v5 v5.1.0
github.com/go-gl/glfw v0.0.0-20190409004039-e6da0acd62b1
github.com/go-gl/glfw/v3.3/glfw v0.0.0-20200222043503-6f7a984d4dc4
github.com/go-ini/ini v1.25.4
github.com/go-kit/kit v0.10.0
github.com/go-kit/log v0.1.0
github.com/go-logfmt/logfmt v0.5.0
github.com/go-logr/logr v0.2.0
github.com/go-ole/go-ole v1.2.5
github.com/go-openapi/jsonpointer v0.19.3
github.com/go-openapi/jsonreference v0.19.3
github.com/go-openapi/spec v0.19.3
github.com/go-openapi/swag v0.19.5
github.com/go-playground/assert/v2 v2.0.1
github.com/go-playground/locales v0.13.0
github.com/go-playground/universal-translator v0.17.0
github.com/go-playground/validator/v10 v10.4.1
github.com/go-redis/redis v6.15.8+incompatible
github.com/go-sourcemap/sourcemap v2.1.2+incompatible
github.com/go-sql-driver/mysql v1.5.0
github.com/go-stack/stack v1.8.0
github.com/go-task/slim-sprig v0.0.0-20210107165309-348f09dbbbc0
github.com/go-toolsmith/astcast v1.0.0
github.com/go-toolsmith/astcopy v1.0.0
github.com/go-toolsmith/astequal v1.0.0
github.com/go-toolsmith/astfmt v1.0.0
github.com/go-toolsmith/astinfo v0.0.0-20180906194353-9809ff7efb21
github.com/go-toolsmith/astp v1.0.0
github.com/go-toolsmith/pkgload v1.0.0
github.com/go-toolsmith/strparse v1.0.0
github.com/go-toolsmith/typep v1.0.2
github.com/go-xmlfmt/xmlfmt v0.0.0-20191208150333-d5b6f63a941b
github.com/gobuffalo/envy v1.9.0
github.com/gobuffalo/flect v0.2.0
github.com/gobuffalo/genny v0.6.0
github.com/gobuffalo/github_flavored_markdown v1.1.0
github.com/gobuffalo/helpers v0.5.0
github.com/gobuffalo/here v0.6.0
github.com/gobuffalo/logger v1.0.3
github.com/gobuffalo/packd v0.3.0
github.com/gobuffalo/packr/v2 v2.7.1
github.com/gobuffalo/plush v3.8.3+incompatible
github.com/gobuffalo/plushgen v0.1.2
github.com/gobuffalo/tags v2.1.7+incompatible
github.com/gobuffalo/uuid v2.0.5+incompatible
github.com/gobuffalo/validate v2.0.3+incompatible
github.com/gobwas/glob v0.2.3
github.com/gobwas/httphead v0.0.0-20180130184737-2c6c146eadee
github.com/gobwas/pool v0.2.0
github.com/gobwas/ws v1.0.2
github.com/goccy/go-yaml v1.9.4
github.com/godbus/dbus v0.0.0-20190726142602-4481cbc300e2
github.com/godbus/dbus/v5 v5.0.4
github.com/gofrs/flock v0.8.1
github.com/gofrs/uuid v3.2.0+incompatible
github.com/gogo/gateway v1.1.0
github.com/gogo/googleapis v1.4.0
github.com/gogo/protobuf v1.3.3 => github.com/regen-network/protobuf v1.3.3-alpha.regen.1
github.com/golang/glog v0.0.0-20160126235308-23def4e6c14b
github.com/golang/groupcache v0.0.0-20200121045136-8c9f03a8e57e
github.com/golang/mock v1.6.0
github.com/golang/protobuf v1.5.2
github.com/golang/snappy v0.0.3
github.com/golangci/check v0.0.0-20180506172741-cfe4005ccda2
github.com/golangci/dupl v0.0.0-20180902072040-3e9179ac440a
github.com/golangci/go-misc v0.0.0-20180628070357-927a3d87b613
github.com/golangci/gofmt v0.0.0-20190930125516-244bba706f1a
github.com/golangci/golangci-lint v1.42.1
github.com/golangci/lint-1 v0.0.0-20191013205115-297bf364a8e0
github.com/golangci/maligned v0.0.0-20180506175553-b1d89398deca
github.com/golangci/misspell v0.3.5
github.com/golangci/revgrep v0.0.0-20210208091834-cd28932614b5
github.com/golangci/unconvert v0.0.0-20180507085042-28b1c447d1f4
github.com/google/btree v1.0.0
github.com/google/certificate-transparency-go v1.1.1
github.com/google/go-cmp v0.5.7
github.com/google/go-github/v37 v37.0.0
github.com/google/go-querystring v1.0.0
github.com/google/gofuzz v1.2.0
github.com/google/goterm v0.0.0-20190703233501-fc88cf888a3f
github.com/google/martian v2.1.0+incompatible
github.com/google/martian/v3 v3.1.0
github.com/google/orderedcode v0.0.1
github.com/google/pprof v0.0.0-20210226084205-cbba55b83ad5
github.com/google/renameio v0.1.0
github.com/google/trillian v1.3.11
github.com/google/uuid v1.2.0
github.com/googleapis/gax-go/v2 v2.0.5
github.com/googleapis/gnostic v0.4.1
github.com/gookit/color v1.5.0
github.com/gopherjs/gopherjs v0.0.0-20181017120253-0766667cb4d1
github.com/gordonklaus/ineffassign v0.0.0-20210225214923-2e10b2664254
github.com/gorhill/cronexpr v0.0.0-20180427100037-88b0669f7d75
github.com/gorilla/context v1.1.1
github.com/gorilla/css v1.0.0
github.com/gorilla/handlers v1.5.1
github.com/gorilla/mux v1.8.0
github.com/gorilla/rpc v1.2.0
github.com/gorilla/websocket v1.4.2
github.com/gostaticanalysis/analysisutil v0.4.1
github.com/gostaticanalysis/comment v1.4.1
github.com/gostaticanalysis/forcetypeassert v0.0.0-20200621232751-01d4955beaa5
github.com/gostaticanalysis/nilerr v0.1.1
github.com/gotestyourself/gotestyourself v2.2.0+incompatible
github.com/graph-gophers/graphql-go v0.0.0-20191115155744-f33e81362277
github.com/gregjones/httpcache v0.0.0-20190611155906-901d90724c79
github.com/grpc-ecosystem/go-grpc-middleware v1.3.0
github.com/grpc-ecosystem/go-grpc-prometheus v1.2.0
github.com/grpc-ecosystem/grpc-gateway v1.16.0
github.com/gsterjov/go-libsecret v0.0.0-20161001094733-a6f4afe4910c
github.com/gtank/merlin v0.1.1
github.com/gtank/ristretto255 v0.1.2
github.com/hashicorp/consul/api v1.3.0
github.com/hashicorp/consul/sdk v0.3.0
github.com/hashicorp/errwrap v1.0.0
github.com/hashicorp/go-cleanhttp v0.5.1
github.com/hashicorp/go-immutable-radix v1.0.0
github.com/hashicorp/go-msgpack v0.5.3
github.com/hashicorp/go-multierror v1.1.1
github.com/hashicorp/go-retryablehttp v0.5.3
github.com/hashicorp/go-rootcerts v1.0.0
github.com/hashicorp/go-sockaddr v1.0.0
github.com/hashicorp/go-syslog v1.0.0
github.com/hashicorp/go-uuid v1.0.1
github.com/hashicorp/go-version v1.2.0
github.com/hashicorp/go.net v0.0.1
github.com/hashicorp/golang-lru v0.5.4
github.com/hashicorp/hcl v1.0.0
github.com/hashicorp/logutils v1.0.0
github.com/hashicorp/mdns v1.0.0
github.com/hashicorp/memberlist v0.1.3
github.com/hashicorp/serf v0.8.2
github.com/hdevalence/ed25519consensus v0.0.0-20210204194344-59a8610d2b87
github.com/hinshun/vt10x v0.0.0-20180616224451-1954e6464174
github.com/holiman/uint256 v1.1.1
github.com/hpcloud/tail v1.0.0
github.com/huandu/xstrings v1.2.0
github.com/hudl/fargo v1.3.0
github.com/huin/goupnp v1.0.0
github.com/huin/goutil v0.0.0-20170803182201-1ca381bf3150
github.com/iancoleman/strcase v0.2.0
github.com/ianlancetaylor/demangle v0.0.0-20200824232613-28f6c0f3b639
github.com/imdario/mergo v0.3.12
github.com/improbable-eng/grpc-web v0.14.1
github.com/inconshreveable/mousetrap v1.0.0
github.com/influxdata/influxdb v1.2.3-0.20180221223340-01288bdb0883
github.com/influxdata/influxdb1-client v0.0.0-20191209144304-8bf82d3c094d
github.com/j-keck/arping v0.0.0-20160618110441-2cf9dc699c56
github.com/jackpal/go-nat-pmp v1.0.2-0.20160603034137-1fa385a6f458
github.com/jbenet/go-context v0.0.0-20150711004518-d14ea06fba99
github.com/jedisct1/go-minisign v0.0.0-20190909160543-45766022959e
github.com/jessevdk/go-flags v1.4.0
github.com/jgautheron/goconst v1.5.1
github.com/jhump/protoreflect v1.9.0
github.com/jingyugao/rowserrcheck v1.1.0
github.com/jirfag/go-printf-func-name v0.0.0-20200119135958-7558a9eaa5af
github.com/jmespath/go-jmespath v0.4.0
github.com/jmespath/go-jmespath/internal/testify v1.5.1
github.com/jmhodges/levigo v1.0.0
github.com/jmoiron/sqlx v1.2.0
github.com/joho/godotenv v1.3.0
github.com/jonboulle/clockwork v0.2.0
github.com/jpillora/ansi v1.0.2
github.com/jpillora/backoff v1.0.0
github.com/jpillora/chisel v1.7.6
github.com/jpillora/requestlog v1.0.0
github.com/jpillora/sizestr v1.0.0
github.com/jrick/logrotate v1.0.0
github.com/json-iterator/go v1.1.11
github.com/jstemmer/go-junit-report v0.9.1
github.com/jtolds/gls v4.20.0+incompatible
github.com/juju/ratelimit v1.0.1
github.com/julienschmidt/httprouter v1.3.0
github.com/julz/importas v0.0.0-20210419104244-841f0c0fe66d
github.com/k0kubun/colorstring v0.0.0-20150214042306-9440f1994b88
github.com/karalabe/usb v0.0.0-20190919080040-51dc0efba356
github.com/kballard/go-shellquote v0.0.0-20180428030007-95032a82bc51
github.com/kevinburke/ssh_config v0.0.0-20190725054713-01f96b0aa0cd
github.com/keybase/go-keychain v0.0.0-20190712205309-48d3d31d256d => github.com/99designs/go-keychain v0.0.0-20191008050251-8e49817e8af4
github.com/kisielk/errcheck v1.6.0
github.com/kisielk/gotool v1.0.0
github.com/kkdai/bstream v1.0.0
github.com/klauspost/compress v1.11.13
github.com/konsorten/go-windows-terminal-sequences v1.0.3
github.com/kr/fs v0.1.0
github.com/kr/logfmt v0.0.0-20140226030751-b84e30acd515
github.com/kr/pretty v0.2.1
github.com/kr/pty v1.1.5
github.com/kr/text v0.2.0
github.com/kulti/thelper v0.4.0
github.com/kunwardeep/paralleltest v1.0.2
github.com/kylelemons/godebug v1.1.0
github.com/kyoh86/exportloopref v0.1.8
github.com/ldez/gomoddirectives v0.2.2
github.com/ldez/tagliatelle v0.2.0
github.com/leodido/go-urn v1.2.0
github.com/letsencrypt/pkcs11key/v4 v4.0.0
github.com/lib/pq v1.10.2
github.com/libp2p/go-buffer-pool v0.0.2
github.com/lightstep/lightstep-tracer-common/golang/gogo v0.0.0-20190605223551-bc2310a04743
github.com/lightstep/lightstep-tracer-go v0.18.1
github.com/logrusorgru/aurora v0.0.0-20181002194514-a7b3b318ed4e
github.com/lucasb-eyer/go-colorful v1.2.0
github.com/lucasjones/reggen v0.0.0-20180717132126-cdb49ff09d77
github.com/magiconair/properties v1.8.5
github.com/mailru/easyjson v0.7.0
github.com/manifoldco/promptui v0.9.0
github.com/maratori/testpackage v1.0.1
github.com/marstr/guid v1.1.0
github.com/matoous/godox v0.0.0-20210227103229-6504466cf951
github.com/mattn/go-colorable v0.1.8
github.com/mattn/go-ieproxy v0.0.0-20190702010315-6dee0af9227d
github.com/mattn/go-isatty v0.0.14
github.com/mattn/go-runewidth v0.0.10
github.com/mattn/go-shellwords v1.0.3
github.com/mattn/go-sqlite3 v1.9.0
github.com/mattn/go-zglob v0.0.3
github.com/mattn/goveralls v0.0.2
github.com/matttproud/golang_protobuf_extensions v1.0.2-0.20181231171920-c182affec369
github.com/mbilski/exhaustivestruct v1.2.0
github.com/meowgorithm/babyenv v1.3.1
github.com/mgechev/dots v0.0.0-20190921121421-c36f7dcfbb81
github.com/mgechev/revive v1.1.1
github.com/mgutz/ansi v0.0.0-20170206155736-9520e82c474b
github.com/microcosm-cc/bluemonday v1.0.4
github.com/miekg/dns v1.1.35
github.com/miekg/pkcs11 v1.0.3
github.com/mikesmitty/edkey v0.0.0-20170222072505-3356ea4e686a
github.com/mimoo/StrobeGo v0.0.0-20181016162300-f8f6d4d2b643
github.com/minio/highwayhash v1.0.1
github.com/mistifyio/go-zfs v2.1.2-0.20190413222219-f784269be439+incompatible
github.com/mitchellh/cli v1.0.0
github.com/mitchellh/copystructure v1.0.0
github.com/mitchellh/go-homedir v1.1.0
github.com/mitchellh/go-ps v1.0.0
github.com/mitchellh/go-testing-interface v1.0.0
github.com/mitchellh/gox v0.4.0
github.com/mitchellh/iochan v1.0.0
github.com/mitchellh/mapstructure v1.4.2
github.com/mitchellh/osext v0.0.0-20151018003038-5e2d6d41470f
github.com/mitchellh/reflectwalk v1.0.1
github.com/moby/locker v1.0.1
github.com/moby/sys/mount v0.3.0
github.com/moby/sys/mountinfo v0.5.0
github.com/moby/sys/symlink v0.1.0
github.com/moby/term v0.0.0-20200312100748-672ec06f55cd
github.com/modern-go/concurrent v0.0.0-20180306012644-bacd9c7ef1dd
github.com/modern-go/reflect2 v1.0.1
github.com/mohae/deepcopy v0.0.0-20170929034955-c48cc78d4826
github.com/moricho/tparallel v0.2.1
github.com/mozilla/scribe v0.0.0-20180711195314-fb71baf557c1
github.com/mozilla/tls-observatory v0.0.0-20210609171429-7bc42856d2e5
github.com/mrunalp/fileutils v0.5.0
github.com/mtibben/percent v0.2.1
github.com/muesli/gitcha v0.2.0
github.com/muesli/go-app-paths v0.2.1
github.com/muesli/reflow v0.2.1-0.20210115123740-9e1d0d53df68
github.com/muesli/sasquatch v0.0.0-20200811221207-66979d92330a
github.com/muesli/termenv v0.8.0
github.com/munnerz/goautoneg v0.0.0-20191010083416-a7dc8b61c822
github.com/mwitkow/go-conntrack v0.0.0-20190716064945-2f068394615f
github.com/mwitkow/go-proto-validators v0.2.0
github.com/mwitkow/grpc-proxy v0.0.0-20181017164139-0f1106ef9c76
github.com/mxk/go-flowrate v0.0.0-20140419014527-cca7078d478f
github.com/nakabonne/nestif v0.3.0
github.com/naoina/go-stringutil v0.1.0
github.com/naoina/toml v0.1.2-0.20170918210437-9fafd6967416
github.com/nats-io/jwt v0.3.2
github.com/nats-io/nats-server/v2 v2.1.2
github.com/nats-io/nats.go v1.9.1
github.com/nats-io/nkeys v0.1.3
github.com/nats-io/nuid v1.0.1
github.com/nbutton23/zxcvbn-go v0.0.0-20210217022336-fa2cb2858354
github.com/ncw/swift v1.0.47
github.com/neilotoole/errgroup v0.1.5
github.com/niemeyer/pretty v0.0.0-20200227124842-a10e7caefd8e
github.com/nishanths/exhaustive v0.2.3
github.com/nishanths/predeclared v0.2.1
github.com/nxadm/tail v1.4.8
github.com/oklog/oklog v0.3.2
github.com/oklog/run v1.0.0
github.com/oklog/ulid v1.3.1
github.com/olekukonko/tablewriter v0.0.5
github.com/onsi/ginkgo v1.16.4
github.com/onsi/gomega v1.13.0
github.com/op/go-logging v0.0.0-20160315200505-970db520ece7
github.com/opencontainers/go-digest v1.0.0
github.com/opencontainers/image-spec v1.0.1
github.com/opencontainers/runc v1.0.2
github.com/opencontainers/runtime-spec v1.0.3-0.20210326190908-1c3f411f0417
github.com/opencontainers/runtime-tools v0.0.0-20181011054405-1d69bd0f9c39
github.com/opencontainers/selinux v1.8.2
github.com/opentracing-contrib/go-observer v0.0.0-20170622124052-a52f23424492
github.com/opentracing/basictracer-go v1.0.0
github.com/opentracing/opentracing-go v1.1.0
github.com/openzipkin-contrib/zipkin-go-opentracing v0.4.5
github.com/openzipkin/zipkin-go v0.2.2
github.com/ory/dockertest v3.3.5+incompatible
github.com/otiai10/copy v1.6.0
github.com/otiai10/curr v1.0.0
github.com/otiai10/mint v1.3.2
github.com/pact-foundation/pact-go v1.0.4
github.com/pascaldekloe/goe v0.1.0
github.com/pborman/uuid v1.2.0
github.com/pelletier/go-toml v1.9.4
github.com/performancecopilot/speed v3.0.0+incompatible
github.com/peterbourgon/diskv v2.0.1+incompatible
github.com/peterh/liner v1.1.1-0.20190123174540-a2c9a5303de7
github.com/petermattis/goid v0.0.0-20180202154549-b0b1615b78e5
github.com/phayes/checkstyle v0.0.0-20170904204023-bfd46e6a821d
github.com/pierrec/lz4 v2.0.5+incompatible
github.com/pkg/errors v0.9.1
github.com/pkg/profile v1.2.1
github.com/pkg/sftp v1.10.1
github.com/pmezard/go-difflib v1.0.0
github.com/polyfloyd/go-errorlint v0.0.0-20210722154253-910bb7978349
github.com/posener/complete v1.1.1
github.com/pquerna/cachecontrol v0.0.0-20171018203845-0dec1b30a021
github.com/prometheus/client_golang v1.11.0
github.com/prometheus/client_model v0.2.0
github.com/prometheus/common v0.29.0
github.com/prometheus/procfs v0.6.0
github.com/prometheus/tsdb v0.7.1
github.com/pseudomuto/protoc-gen-doc v1.3.2
github.com/pseudomuto/protokit v0.2.0
github.com/quasilyte/go-consistent v0.0.0-20190521200055-c6f3937de18c
github.com/quasilyte/go-ruleguard v0.3.4
github.com/quasilyte/go-ruleguard/dsl v0.3.2
github.com/quasilyte/go-ruleguard/rules v0.0.0-20210203162857-b223e0831f88
github.com/quasilyte/regex/syntax v0.0.0-20200407221936-30656e2c4a95
github.com/radovskyb/watcher v1.0.7
github.com/rakyll/statik v0.1.7
github.com/rcrowley/go-metrics v0.0.0-20200313005456-10cdbea86bc0
github.com/rdegges/go-ipify v0.0.0-20150526035502-2d94a6a86c40
github.com/regen-network/cosmos-proto v0.3.1
github.com/rivo/uniseg v0.2.0
github.com/rjeczalik/notify v0.9.1
github.com/rogpeppe/fastuuid v1.2.0
github.com/rogpeppe/go-internal v1.6.2
github.com/rs/cors v1.7.0
github.com/rs/xhandler v0.0.0-20160618193221-ed27b6fd6521
github.com/rs/xid v1.2.1
github.com/rs/zerolog v1.23.0
github.com/russross/blackfriday v1.5.2
github.com/russross/blackfriday/v2 v2.0.1
github.com/ryancurrah/gomodguard v1.2.3
github.com/ryanrolds/sqlclosecheck v0.3.0
github.com/ryanuber/columnize v0.0.0-20160712163229-9b3edd62028f
github.com/sabhiram/go-gitignore v0.0.0-20180611051255-d3107576ba94
github.com/safchain/ethtool v0.0.0-20190326074333-42ed695e3de8
github.com/sahilm/fuzzy v0.1.0
github.com/samuel/go-zookeeper v0.0.0-20190923202752-2cc03de413da
github.com/sanposhiho/wastedassign/v2 v2.0.6
github.com/sasha-s/go-deadlock v0.2.1-0.20190427202633-1595213edefa
github.com/satori/go.uuid v1.2.0
github.com/sean-/seed v0.0.0-20170313163322-e2103e2c3529
github.com/seccomp/libseccomp-golang v0.9.1
github.com/securego/gosec/v2 v2.8.1
github.com/segmentio/fasthash v1.0.3
github.com/segmentio/ksuid v1.0.3
github.com/serenize/snaker v0.0.0-20171204205717-a683aaf2d516
github.com/sergi/go-diff v1.1.0
github.com/shazow/go-diff v0.0.0-20160112020656-b6b7b6733b8c
github.com/shirou/gopsutil v2.20.5+incompatible
github.com/shirou/gopsutil/v3 v3.21.7
github.com/shurcooL/go v0.0.0-20180423040247-9e1955d9fb6e
github.com/shurcooL/go-goon v0.0.0-20170922171312-37c2f522c041
github.com/shurcooL/sanitized_anchor_name v1.0.0
github.com/sirupsen/logrus v1.8.1
github.com/smartystreets/assertions v0.0.0-20180927180507-b2de0cb4f26d
github.com/smartystreets/goconvey v1.6.4
github.com/snikch/goodman v0.0.0-20171125024755-10e37e294daa
github.com/soheilhy/cmux v0.1.4
github.com/sonatard/noctx v0.0.1
github.com/sony/gobreaker v0.4.1
github.com/sourcegraph/annotate v0.0.0-20160123013949-f4cad6c6324d
github.com/sourcegraph/go-diff v0.6.1
github.com/sourcegraph/syntaxhighlight v0.0.0-20170531221838-bd320f5d308e
github.com/spaolacci/murmur3 v1.1.0
github.com/spf13/afero v1.6.0
github.com/spf13/cast v1.4.1
github.com/spf13/cobra v1.2.1
github.com/spf13/jwalterweatherman v1.1.0
github.com/spf13/pflag v1.0.5
github.com/spf13/viper v1.8.1
github.com/ssgreg/nlreturn/v2 v2.1.0
github.com/status-im/keycard-go v0.0.0-20190316090335-8537d3370df4
github.com/steakknife/bloomfilter v0.0.0-20180922174646-6819c0d2a570
github.com/steakknife/hamming v0.0.0-20180906055917-c99c65617cd3
github.com/stefanberger/go-pkcs11uri v0.0.0-20201008174630-78d3cae3a980
github.com/streadway/amqp v0.0.0-20190827072141-edfb9018d271
github.com/streadway/handy v0.0.0-20190108123426-d5acb3125c2a
github.com/stretchr/objx v0.2.0
github.com/stretchr/testify v1.7.0
github.com/subosito/gotenv v1.2.0
github.com/syndtr/gocapability v0.0.0-20200815063812-42c35b437635
github.com/syndtr/goleveldb v1.0.1-0.20200815110645-5c35d600f0ca
github.com/tchap/go-patricia v2.2.6+incompatible
github.com/tdakkota/asciicheck v0.0.0-20200416200610-e657995f937b
github.com/tecbot/gorocksdb v0.0.0-20191217155057-f0fad39f321c
github.com/tendermint/btcd v0.1.1
github.com/tendermint/crypto v0.0.0-20191022145703-50d29ede1e15
github.com/tendermint/flutter/v2 v2.0.2
github.com/tendermint/fundraising v0.1.1-0.20220120023412-21f96392d57e
github.com/tendermint/go-amino v0.16.0
github.com/tendermint/spm v0.1.8
github.com/tendermint/spn v0.1.1-0.20220125123630-1268765f1209
github.com/tendermint/tendermint v0.34.14
github.com/tendermint/tm-db v0.6.4
github.com/tendermint/vue v0.1.58
github.com/tetafro/godot v1.4.9
github.com/tidwall/gjson v1.6.7
github.com/tidwall/match v1.0.3
github.com/tidwall/pretty v1.0.2
github.com/tidwall/sjson v1.1.4
github.com/timakin/bodyclose v0.0.0-20200424151742-cb6215831a94
github.com/tklauser/go-sysconf v0.3.7
github.com/tklauser/numcpus v0.2.3
github.com/tmc/grpc-websocket-proxy v0.0.0-20200427203606-3cfed13b9966
github.com/tomarrell/wrapcheck/v2 v2.3.0
github.com/tomasen/realip v0.0.0-20180522021738-f0c99a92ddce
github.com/tommy-muehle/go-mnd/v2 v2.4.0
github.com/tv42/httpunix v0.0.0-20150427012821-b75d8614f926
github.com/tyler-smith/go-bip39 v1.0.2
github.com/ugorji/go v1.1.7
github.com/ugorji/go/codec v1.1.7
github.com/ultraware/funlen v0.0.3
github.com/ultraware/whitespace v0.0.4
github.com/urfave/cli v1.22.2
github.com/uudashr/gocognit v1.0.5
github.com/valyala/bytebufferpool v1.0.0
github.com/valyala/fasthttp v1.16.0
github.com/valyala/quicktemplate v1.6.3
github.com/valyala/tcplisten v0.0.0-20161114210144-ceec8f93295a
github.com/viki-org/dnscache v0.0.0-20130720023526-c70c1f23c5d8
github.com/vishvananda/netlink v1.1.1-0.20201029203352-d40f9887b852
github.com/vishvananda/netns v0.0.0-20200728191858-db3c7e526aae
github.com/vmihailenco/msgpack/v5 v5.1.4
github.com/vmihailenco/tagparser v0.1.2
github.com/willf/bitset v1.1.11
github.com/wsddn/go-ecdh v0.0.0-20161211032359-48726bab9208
github.com/xanzy/ssh-agent v0.2.1
github.com/xeipuuv/gojsonpointer v0.0.0-20180127040702-4e3ac2762d5f
github.com/xeipuuv/gojsonreference v0.0.0-20180127040603-bd5ef7bd5415
github.com/xeipuuv/gojsonschema v0.0.0-20180618132009-1d523034197f
github.com/xiang90/probing v0.0.0-20190116061207-43a291ad63a2
github.com/xo/terminfo v0.0.0-20210125001918-ca9a967f8778
github.com/xordataexchange/crypt v0.0.3-0.20170626215501-b2862e3d0a77
github.com/ybbus/jsonrpc v2.1.2+incompatible
github.com/yeya24/promlinter v0.1.0
github.com/yudai/gojsondiff v1.0.0
github.com/yudai/golcs v0.0.0-20170316035057-ecda9a501e82
github.com/yudai/pp v2.0.1+incompatible
github.com/yuin/goldmark v1.3.5
github.com/yuin/goldmark-emoji v1.0.1
github.com/yvasiyarov/go-metrics v0.0.0-20140926110328-57bccd1ccd43
github.com/yvasiyarov/gorelic v0.0.0-20141212073537-a9bba5b9ab50
github.com/yvasiyarov/newrelic_platform_go v0.0.0-20140908184405-b21fdbd4370f
github.com/zondax/hid v0.9.0
go.etcd.io/bbolt v1.3.5
go.etcd.io/etcd v0.5.0-alpha.5.0.20200910180754-dd1b699fc489
go.etcd.io/etcd/api/v3 v3.5.0
go.etcd.io/etcd/client/pkg/v3 v3.5.0
go.etcd.io/etcd/client/v2 v2.305.0
go.mozilla.org/mozlog v0.0.0-20170222151521-4bb13139d403
go.mozilla.org/pkcs7 v0.0.0-20200128120323-432b2356ecb1
go.opencensus.io v0.23.0
go.uber.org/atomic v1.7.0
go.uber.org/multierr v1.6.0
go.uber.org/tools v0.0.0-20190618225709-2cfd321de3ee
go.uber.org/zap v1.17.0
golang.org/x/crypto v0.0.0-20210817164053-32db794688a5
golang.org/x/exp v0.0.0-20200331195152-e8c3332aa8e5
golang.org/x/image v0.0.0-20190802002840-cff245a6509b
golang.org/x/lint v0.0.0-20210508222113-6edffad5e616
golang.org/x/mobile v0.0.0-20200801112145-973feb4309de
golang.org/x/mod v0.4.2
golang.org/x/net v0.0.0-20210903162142-ad29c8ab022f
golang.org/x/oauth2 v0.0.0-20210514164344-f6687ab2804c
golang.org/x/sync v0.0.0-20210220032951-036812b2e83c
golang.org/x/sys v0.0.0-20211025201205-69cdffdb9359
golang.org/x/term v0.0.0-20201210144234-2321bbc49cbf
golang.org/x/text v0.3.6
golang.org/x/time v0.0.0-20200630173020-3af7569d3a1e
golang.org/x/tools v0.1.5
golang.org/x/xerrors v0.0.0-20200804184101-5ec99f83aff1
google.golang.org/api v0.44.0
google.golang.org/appengine v1.6.7
google.golang.org/cloud v0.0.0-20151119220103-975617b05ea8
google.golang.org/genproto v0.0.0-20220118154757-00ab72f36ad5
google.golang.org/grpc v1.43.0 => google.golang.org/grpc v1.33.2
google.golang.org/protobuf v1.27.1
gopkg.in/airbrake/gobrake.v2 v2.0.9
gopkg.in/alecthomas/kingpin.v2 v2.2.6
gopkg.in/check.v1 v1.0.0-20200902074654-038fdea0a05b
gopkg.in/cheggaaa/pb.v1 v1.0.28
gopkg.in/errgo.v2 v2.1.0
gopkg.in/fsnotify.v1 v1.4.7
gopkg.in/gcfg.v1 v1.2.3
gopkg.in/gemnasium/logrus-airbrake-hook.v2 v2.1.2
gopkg.in/inf.v0 v0.9.1
gopkg.in/ini.v1 v1.63.2
gopkg.in/natefinch/lumberjack.v2 v2.0.0
gopkg.in/natefinch/npipe.v2 v2.0.0-20160621034901-c1b8fa8bdcce
gopkg.in/olebedev/go-duktape.v3 v3.0.0-20200619000410-60c24ae608a6
gopkg.in/resty.v1 v1.12.0
gopkg.in/square/go-jose.v2 v2.5.1
gopkg.in/tomb.v1 v1.0.0-20141024135613-dd632973f1e7
gopkg.in/urfave/cli.v1 v1.20.0
gopkg.in/warnings.v0 v0.1.2
gopkg.in/yaml.v2 v2.4.0
gopkg.in/yaml.v3 v3.0.0-20210107192922-496545a6307b
gotest.tools v2.2.0+incompatible
gotest.tools/v3 v3.0.3
honnef.co/go/tools v0.2.1
k8s.io/api v0.20.6
k8s.io/apimachinery v0.20.6
k8s.io/apiserver v0.20.6
k8s.io/client-go v0.20.6
k8s.io/component-base v0.20.6
k8s.io/cri-api v0.20.6
k8s.io/gengo v0.0.0-20200413195148-3a45101e95ac
k8s.io/klog/v2 v2.4.0
k8s.io/kube-openapi v0.0.0-20201113171705-d219536bb9fd
k8s.io/kubernetes v1.13.0
k8s.io/utils v0.0.0-20201110183641-67b214c5f920
mvdan.cc/gofumpt v0.1.1
mvdan.cc/interfacer v0.0.0-20180901003855-c20040233aed
mvdan.cc/lint v0.0.0-20170908181259-adc824a0674b
mvdan.cc/unparam v0.0.0-20210104141923-aac4ce9116a7
nhooyr.io/websocket v1.8.6
rsc.io/binaryregexp v0.2.0
rsc.io/quote/v3 v3.1.0
rsc.io/sampler v1.3.0
sigs.k8s.io/apiserver-network-proxy/konnectivity-client v0.0.15
sigs.k8s.io/structured-merge-diff/v4 v4.0.3
sigs.k8s.io/yaml v1.2.0
sourcegraph.com/sourcegraph/appdash v0.0.0-20190731080439-ebfcffb1b5c0
