cloud.google.com/go/bigquery
cloud.google.com/go/datastore
cloud.google.com/go/firestore
cloud.google.com/go/pubsub
cloud.google.com/go/storage
dmitri.shuralyov.com/gpu/mtl
github.com/BurntSushi/xgb
github.com/DataDog/zstd
github.com/bketelsen/crypt
github.com/client9/misspell
github.com/coreos/go-etcd
github.com/cpuguy83/go-md2man
github.com/dgraph-io/badger/v2
github.com/dgraph-io/ristretto
github.com/dgryski/go-farm
github.com/go-gl/glfw
github.com/google/martian
github.com/google/pprof
github.com/googleapis/gax-go/v2
github.com/jstemmer/go-junit-report
github.com/lyft/protoc-gen-validate
github.com/minio/highwayhash
github.com/petermattis/goid
github.com/russross/blackfriday
github.com/sasha-s/go-deadlock
github.com/ugorji/go/codec
golang.org/x/image
golang.org/x/mobile
gopkg.in/yaml.v3
rsc.io/binaryregexp
