github.com/ethereum/go-ethereum
cloud.google.com/go/bigquery
cloud.google.com/go/bigtable
cloud.google.com/go/datastore
cloud.google.com/go/firestore
cloud.google.com/go/pubsub
cloud.google.com/go/storage
collectd.org
dmitri.shuralyov.com/gpu/mtl
github.com/Azure/azure-pipeline-go
github.com/Azure/azure-storage-blob-go
github.com/Azure/go-autorest/autorest
github.com/Azure/go-autorest/autorest/adal
github.com/Azure/go-autorest/autorest/date
github.com/Azure/go-autorest/autorest/mocks
github.com/Azure/go-autorest/logger
github.com/Azure/go-autorest/tracing
github.com/BurntSushi/xgb
github.com/DATA-DOG/go-sqlmock
github.com/OneOfOne/xxhash
github.com/StackExchange/wmi
github.com/VictoriaMetrics/fastcache
github.com/aead/siphash
github.com/ajstarks/svgo
github.com/allegro/bigcache
github.com/andreyvit/diff
github.com/apache/arrow/go/arrow
github.com/aristanetworks/goarista
github.com/armon/circbuf
github.com/armon/go-metrics
github.com/armon/go-radix
github.com/aws/aws-sdk-go
github.com/aws/aws-sdk-go-v2
github.com/aws/aws-sdk-go-v2/config
github.com/aws/aws-sdk-go-v2/credentials
github.com/aws/aws-sdk-go-v2/feature/ec2/imds
github.com/aws/aws-sdk-go-v2/service/internal/presigned-url
github.com/aws/aws-sdk-go-v2/service/route53
github.com/aws/aws-sdk-go-v2/service/sso
github.com/aws/aws-sdk-go-v2/service/sts
github.com/aws/smithy-go
github.com/bketelsen/crypt
github.com/bmizerany/pat
github.com/boltdb/bolt
github.com/btcsuite/btcd
github.com/btcsuite/btclog
github.com/btcsuite/btcutil
github.com/btcsuite/go-socks
github.com/btcsuite/goleveldb
github.com/btcsuite/snappy-go
github.com/btcsuite/websocket
github.com/btcsuite/winsvc
github.com/c-bata/go-prompt
github.com/cespare/cp
github.com/cespare/xxhash
github.com/chzyer/logex
github.com/chzyer/readline
github.com/chzyer/test
github.com/client9/misspell
github.com/cloudflare/cloudflare-go
github.com/consensys/bavard
github.com/consensys/goff
github.com/consensys/gurvy
github.com/coreos/bbolt
github.com/coreos/etcd
github.com/dave/jennifer
github.com/deckarep/golang-set
github.com/dgryski/go-bitstream
github.com/dgryski/go-sip13
github.com/dlclark/regexp2
github.com/docker/docker
github.com/dop251/goja
github.com/dvyukov/go-fuzz
github.com/eclipse/paho.mqtt.golang
github.com/edsrzf/mmap-go
github.com/fjl/memsize
github.com/fogleman/gg
github.com/gballet/go-libpcsclite
github.com/glycerine/go-unsnap-stream
github.com/glycerine/goconvey
github.com/go-gl/glfw
github.com/go-gl/glfw/v3.3/glfw
github.com/go-ole/go-ole
github.com/go-sourcemap/sourcemap
github.com/go-sql-driver/mysql
github.com/gofrs/uuid
github.com/golang/freetype
github.com/golang/geo
github.com/google/flatbuffers
github.com/google/martian
github.com/google/pprof
github.com/googleapis/gax-go/v2
github.com/gopherjs/gopherjs
github.com/graph-gophers/graphql-go
github.com/hashicorp/consul/api
github.com/hashicorp/consul/sdk
github.com/hashicorp/errwrap
github.com/hashicorp/go-cleanhttp
github.com/hashicorp/go-immutable-radix
github.com/hashicorp/go-msgpack
github.com/hashicorp/go-multierror
github.com/hashicorp/go-rootcerts
github.com/hashicorp/go-sockaddr
github.com/hashicorp/go-syslog
github.com/hashicorp/go-uuid
github.com/hashicorp/go.net
github.com/hashicorp/logutils
github.com/hashicorp/mdns
github.com/hashicorp/memberlist
github.com/hashicorp/serf
github.com/holiman/bloomfilter/v2
github.com/holiman/uint256
github.com/huin/goupnp
github.com/huin/goutil
github.com/ianlancetaylor/demangle
github.com/influxdata/flux
github.com/influxdata/influxdb
github.com/influxdata/influxql
github.com/influxdata/line-protocol
github.com/influxdata/promql/v2
github.com/influxdata/roaring
github.com/influxdata/tdigest
github.com/influxdata/usage-client
github.com/jackpal/go-nat-pmp
github.com/jedisct1/go-minisign
github.com/jessevdk/go-flags
github.com/jmespath/go-jmespath
github.com/jmespath/go-jmespath/internal/testify
github.com/jrick/logrotate
github.com/jstemmer/go-junit-report
github.com/jsternberg/zap-logfmt
github.com/jtolds/gls
github.com/jung-kurt/gofpdf
github.com/jwilder/encoding
github.com/karalabe/usb
github.com/kilic/bls12-381
github.com/kkdai/bstream
github.com/klauspost/compress
github.com/klauspost/cpuid
github.com/klauspost/crc32
github.com/klauspost/pgzip
github.com/kylelemons/godebug
github.com/leanovate/gopter
github.com/lib/pq
github.com/mattn/go-ieproxy
github.com/mattn/go-sqlite3
github.com/mattn/go-tty
github.com/miekg/dns
github.com/mitchellh/cli
github.com/mitchellh/go-homedir
github.com/mitchellh/go-testing-interface
github.com/mitchellh/gox
github.com/mitchellh/iochan
github.com/mschoch/smat
github.com/naoina/go-stringutil
github.com/naoina/toml
github.com/nxadm/tail
github.com/oklog/ulid
github.com/pascaldekloe/goe
github.com/paulbellamy/ratecounter
github.com/pborman/uuid
github.com/peterh/liner
github.com/philhofer/fwd
github.com/pkg/term
github.com/posener/complete
github.com/prometheus/tsdb
github.com/retailnext/hllpp
github.com/rjeczalik/notify
github.com/rogpeppe/fastuuid
github.com/rs/cors
github.com/rs/xhandler
github.com/ryanuber/columnize
github.com/sean-/seed
github.com/segmentio/kafka-go
github.com/sergi/go-diff
github.com/shirou/gopsutil
github.com/smartystreets/assertions
github.com/smartystreets/goconvey
github.com/spaolacci/murmur3
github.com/status-im/keycard-go
github.com/steakknife/bloomfilter
github.com/steakknife/hamming
github.com/subosito/gotenv
github.com/tinylib/msgp
github.com/tyler-smith/go-bip39
github.com/urfave/cli/v2
github.com/willf/bitset
github.com/wsddn/go-ecdh
github.com/xlab/treeprint
golang.org/x/image
golang.org/x/mobile
golang.org/x/term
gonum.org/v1/gonum
gonum.org/v1/netlib
gonum.org/v1/plot
google.golang.org/api
google.golang.org/protobuf
gopkg.in/ini.v1
gopkg.in/natefinch/npipe.v2
gopkg.in/olebedev/go-duktape.v3
gopkg.in/resty.v1
gopkg.in/urfave/cli.v1
gopkg.in/yaml.v3
gotest.tools
rsc.io/binaryregexp
rsc.io/pdf
