github.com/filecoin-project/lotus
cloud.google.com/go/bigquery
cloud.google.com/go/datastore
cloud.google.com/go/pubsub
cloud.google.com/go/storage
contrib.go.opencensus.io/exporter/prometheus
dmitri.shuralyov.com/app/changes
dmitri.shuralyov.com/gpu/mtl
dmitri.shuralyov.com/html/belt
dmitri.shuralyov.com/service/change
dmitri.shuralyov.com/state
git.apache.org/thrift.git
github.com/AndreasBriese/bbloom
github.com/BurntSushi/xgb
github.com/DataDog/datadog-go
github.com/DataDog/zstd
github.com/GeertJohan/go.incremental
github.com/GeertJohan/go.rice
github.com/Gurpartap/async
github.com/HdrHistogram/hdrhistogram-go
github.com/Knetic/govaluate
github.com/Kubuxu/go-os-helper
github.com/Kubuxu/imtui
github.com/Masterminds/glide
github.com/Masterminds/semver
github.com/Masterminds/vcs
github.com/OneOfOne/xxhash
github.com/PuerkitoBio/purell
github.com/PuerkitoBio/urlesc
github.com/Shopify/sarama
github.com/Shopify/toxiproxy
github.com/StackExchange/wmi
github.com/Stebalien/go-bitfield
github.com/VividCortex/gohistogram
github.com/acarl005/stripansi
github.com/aead/siphash
github.com/afex/hystrix-go
github.com/ajstarks/svgo
github.com/akavel/rsrc
github.com/alecthomas/jsonschema
github.com/anmitsu/go-shlex
github.com/antihax/optional
github.com/apache/thrift
github.com/armon/circbuf
github.com/armon/consul-api
github.com/armon/go-metrics
github.com/armon/go-radix
github.com/armon/go-socks5
github.com/aryann/difflib
github.com/aws/aws-lambda-go
github.com/aws/aws-sdk-go
github.com/aws/aws-sdk-go-v2
github.com/aws/aws-sdk-go-v2/service/cloudwatch
github.com/aws/smithy-go
github.com/beevik/ntp
github.com/benbjohnson/clock
github.com/bep/debounce
github.com/bradfitz/go-smtpd
github.com/briandowns/spinner
github.com/btcsuite/btcd
github.com/btcsuite/btclog
github.com/btcsuite/btcutil
github.com/btcsuite/go-socks
github.com/btcsuite/goleveldb
github.com/btcsuite/snappy-go
github.com/btcsuite/websocket
github.com/btcsuite/winsvc
github.com/buger/goterm
github.com/buger/jsonparser
github.com/casbin/casbin/v2
github.com/cenkalti/backoff
github.com/cenkalti/backoff/v4
github.com/cespare/xxhash
github.com/cheekybits/genny
github.com/chzyer/logex
github.com/chzyer/readline
github.com/chzyer/test
github.com/cilium/ebpf
github.com/circonus-labs/circonus-gometrics
github.com/circonus-labs/circonusllhist
github.com/clbanning/mxj
github.com/clbanning/x2j
github.com/client9/misspell
github.com/cncf/udpa/go
github.com/cncf/xds/go
github.com/cockroachdb/datadriven
github.com/codahale/hdrhistogram
github.com/codegangsta/cli
github.com/containerd/cgroups
github.com/coreos/etcd
github.com/coreos/go-etcd
github.com/coreos/go-systemd/v22
github.com/corpix/uarand
github.com/cpuguy83/go-md2man
github.com/crackcomm/go-gitignore
github.com/creack/pty
github.com/cskr/pubsub
github.com/daaku/go.zipexe
github.com/davidlazar/go-crypto
github.com/decred/dcrd/lru
github.com/detailyang/go-fallocate
github.com/dgraph-io/badger
github.com/dgraph-io/badger/v2
github.com/dgraph-io/ristretto
github.com/dgryski/go-farm
github.com/docker/go-units
github.com/drand/bls12-381
github.com/drand/drand
github.com/drand/kyber
github.com/drand/kyber-bls12381
github.com/dustin/go-humanize
github.com/eapache/go-resiliency
github.com/eapache/go-xerial-snappy
github.com/eapache/queue
github.com/edsrzf/mmap-go
github.com/elastic/go-sysinfo
github.com/elastic/go-windows
github.com/elastic/gosigar
github.com/ema/qdisc
github.com/etclabscore/go-jsonschema-walk
github.com/etclabscore/go-openrpc-reflect
github.com/facebookgo/atomicfile
github.com/filecoin-project/dagstore
github.com/filecoin-project/filecoin-ffi
github.com/filecoin-project/go-address
github.com/filecoin-project/go-amt-ipld/v2
github.com/filecoin-project/go-amt-ipld/v3
github.com/filecoin-project/go-amt-ipld/v4
github.com/filecoin-project/go-bitfield
github.com/filecoin-project/go-cbor-util
github.com/filecoin-project/go-commp-utils
github.com/filecoin-project/go-crypto
github.com/filecoin-project/go-data-transfer
github.com/filecoin-project/go-ds-versioning
github.com/filecoin-project/go-fil-commcid
github.com/filecoin-project/go-fil-commp-hashhash
github.com/filecoin-project/go-fil-markets
github.com/filecoin-project/go-hamt-ipld
github.com/filecoin-project/go-hamt-ipld/v2
github.com/filecoin-project/go-hamt-ipld/v3
github.com/filecoin-project/go-jsonrpc
github.com/filecoin-project/go-padreader
github.com/filecoin-project/go-paramfetch
github.com/filecoin-project/go-state-types
github.com/filecoin-project/go-statemachine
github.com/filecoin-project/go-statestore
github.com/filecoin-project/go-storedcounter
github.com/filecoin-project/specs-actors
github.com/filecoin-project/specs-actors/v2
github.com/filecoin-project/specs-actors/v3
github.com/filecoin-project/specs-actors/v4
github.com/filecoin-project/specs-actors/v5
github.com/filecoin-project/specs-actors/v6
github.com/filecoin-project/specs-actors/v7
github.com/filecoin-project/specs-storage
github.com/filecoin-project/test-vectors/schema
github.com/flynn/go-shlex
github.com/flynn/noise
github.com/fogleman/gg
github.com/francoispqt/gojay
github.com/franela/goblin
github.com/franela/goreq
github.com/frankban/quicktest
github.com/gbrlsnchs/jwt/v3
github.com/gdamore/encoding
github.com/gdamore/tcell/v2
github.com/gliderlabs/ssh
github.com/go-check/check
github.com/go-errors/errors
github.com/go-gl/glfw
github.com/go-gl/glfw/v3.3/glfw
github.com/go-kit/log
github.com/go-logr/logr
github.com/go-logr/stdr
github.com/go-ole/go-ole
github.com/go-openapi/jsonpointer
github.com/go-openapi/jsonreference
github.com/go-openapi/spec
github.com/go-openapi/swag
github.com/go-sql-driver/mysql
github.com/go-task/slim-sprig
github.com/go-zookeeper/zk
github.com/godbus/dbus
github.com/godbus/dbus/v5
github.com/gogo/googleapis
github.com/gogo/status
github.com/golang-jwt/jwt/v4
github.com/golang/freetype
github.com/golang/lint
github.com/google/go-github
github.com/google/go-querystring
github.com/google/gopacket
github.com/google/martian
github.com/google/martian/v3
github.com/google/pprof
github.com/googleapis/gax-go
github.com/googleapis/gax-go/v2
github.com/gopherjs/gopherjs
github.com/gorilla/context
github.com/gorilla/handlers
github.com/gorilla/mux
github.com/gregjones/httpcache
github.com/grpc-ecosystem/grpc-opentracing
github.com/gxed/go-shellwords
github.com/gxed/hashland/keccakpg
github.com/gxed/hashland/murmur3
github.com/hako/durafmt
github.com/hannahhoward/cbor-gen-for
github.com/hannahhoward/go-pubsub
github.com/hashicorp/consul/api
github.com/hashicorp/consul/sdk
github.com/hashicorp/errwrap
github.com/hashicorp/go-cleanhttp
github.com/hashicorp/go-hclog
github.com/hashicorp/go-immutable-radix
github.com/hashicorp/go-msgpack
github.com/hashicorp/go-multierror
github.com/hashicorp/go-retryablehttp
github.com/hashicorp/go-rootcerts
github.com/hashicorp/go-sockaddr
github.com/hashicorp/go-syslog
github.com/hashicorp/go-uuid
github.com/hashicorp/go-version
github.com/hashicorp/go.net
github.com/hashicorp/logutils
github.com/hashicorp/mdns
github.com/hashicorp/memberlist
github.com/hashicorp/serf
github.com/hodgesds/perf-utils
github.com/hudl/fargo
github.com/huin/goupnp
github.com/huin/goutil
github.com/iancoleman/orderedmap
github.com/ianlancetaylor/demangle
github.com/icrowley/fake
github.com/icza/backscanner
github.com/icza/mighty
github.com/influxdata/influxdb1-client
github.com/ipfs/bbloom
github.com/ipfs/go-bitfield
github.com/ipfs/go-bitswap
github.com/ipfs/go-block-format
github.com/ipfs/go-blockservice
github.com/ipfs/go-cid
github.com/ipfs/go-cidutil
github.com/ipfs/go-datastore
github.com/ipfs/go-detect-race
github.com/ipfs/go-ds-badger
github.com/ipfs/go-ds-badger2
github.com/ipfs/go-ds-leveldb
github.com/ipfs/go-ds-measure
github.com/ipfs/go-filestore
github.com/ipfs/go-fs-lock
github.com/ipfs/go-graphsync
github.com/ipfs/go-ipfs-blockstore
github.com/ipfs/go-ipfs-blocksutil
github.com/ipfs/go-ipfs-chunker
github.com/ipfs/go-ipfs-cmds
github.com/ipfs/go-ipfs-config
github.com/ipfs/go-ipfs-delay
github.com/ipfs/go-ipfs-ds-help
github.com/ipfs/go-ipfs-exchange-interface
github.com/ipfs/go-ipfs-exchange-offline
github.com/ipfs/go-ipfs-files
github.com/ipfs/go-ipfs-http-client
github.com/ipfs/go-ipfs-posinfo
github.com/ipfs/go-ipfs-pq
github.com/ipfs/go-ipfs-routing
github.com/ipfs/go-ipfs-util
github.com/ipfs/go-ipld-cbor
github.com/ipfs/go-ipld-format
github.com/ipfs/go-ipld-legacy
github.com/ipfs/go-ipns
github.com/ipfs/go-log
github.com/ipfs/go-log/v2
github.com/ipfs/go-merkledag
github.com/ipfs/go-metrics-interface
github.com/ipfs/go-metrics-prometheus
github.com/ipfs/go-path
github.com/ipfs/go-peertaskqueue
github.com/ipfs/go-todocounter
github.com/ipfs/go-unixfs
github.com/ipfs/go-unixfsnode
github.com/ipfs/go-verifcid
github.com/ipfs/interface-go-ipfs-core
github.com/ipfs/iptb
github.com/ipfs/iptb-plugins
github.com/ipld/go-car
github.com/ipld/go-car/v2
github.com/ipld/go-codec-dagpb
github.com/ipld/go-ipld-prime
github.com/ipld/go-ipld-prime-proto
github.com/ipld/go-ipld-prime/storage/bsadapter
github.com/ipld/go-ipld-selector-text-lite
github.com/ipsn/go-secp256k1
github.com/jackpal/gateway
github.com/jackpal/go-nat-pmp
github.com/jbenet/go-cienv
github.com/jbenet/go-random
github.com/jbenet/go-temp-err-catcher
github.com/jbenet/goprocess
github.com/jellevandenhooff/dkim
github.com/jessevdk/go-flags
github.com/jmespath/go-jmespath
github.com/jmespath/go-jmespath/internal/testify
github.com/joeshaw/multierror
github.com/josharian/intern
github.com/jpillora/backoff
github.com/jrick/logrotate
github.com/jsimonetti/rtnetlink
github.com/jstemmer/go-junit-report
github.com/jtolds/gls
github.com/jung-kurt/gofpdf
github.com/kabukky/httpscerts
github.com/kami-zh/go-capturer
github.com/kelseyhightower/envconfig
github.com/kilic/bls12-381
github.com/kkdai/bstream
github.com/klauspost/compress
github.com/klauspost/cpuid/v2
github.com/koron/go-ssdp
github.com/libp2p/go-addr-util
github.com/libp2p/go-buffer-pool
github.com/libp2p/go-cidranger
github.com/libp2p/go-conn-security
github.com/libp2p/go-conn-security-multistream
github.com/libp2p/go-eventbus
github.com/libp2p/go-flow-metrics
github.com/libp2p/go-libp2p
github.com/libp2p/go-libp2p-asn-util
github.com/libp2p/go-libp2p-autonat
github.com/libp2p/go-libp2p-autonat-svc
github.com/libp2p/go-libp2p-blankhost
github.com/libp2p/go-libp2p-circuit
github.com/libp2p/go-libp2p-connmgr
github.com/libp2p/go-libp2p-core
github.com/libp2p/go-libp2p-crypto
github.com/libp2p/go-libp2p-daemon
github.com/libp2p/go-libp2p-discovery
github.com/libp2p/go-libp2p-host
github.com/libp2p/go-libp2p-interface-connmgr
github.com/libp2p/go-libp2p-interface-pnet
github.com/libp2p/go-libp2p-kad-dht
github.com/libp2p/go-libp2p-kbucket
github.com/libp2p/go-libp2p-loggables
github.com/libp2p/go-libp2p-metrics
github.com/libp2p/go-libp2p-mplex
github.com/libp2p/go-libp2p-nat
github.com/libp2p/go-libp2p-net
github.com/libp2p/go-libp2p-netutil
github.com/libp2p/go-libp2p-noise
github.com/libp2p/go-libp2p-peer
github.com/libp2p/go-libp2p-peerstore
github.com/libp2p/go-libp2p-pnet
github.com/libp2p/go-libp2p-protocol
github.com/libp2p/go-libp2p-pubsub
github.com/libp2p/go-libp2p-quic-transport
github.com/libp2p/go-libp2p-record
github.com/libp2p/go-libp2p-resource-manager
github.com/libp2p/go-libp2p-routing
github.com/libp2p/go-libp2p-routing-helpers
github.com/libp2p/go-libp2p-secio
github.com/libp2p/go-libp2p-swarm
github.com/libp2p/go-libp2p-testing
github.com/libp2p/go-libp2p-tls
github.com/libp2p/go-libp2p-transport
github.com/libp2p/go-libp2p-transport-upgrader
github.com/libp2p/go-libp2p-xor
github.com/libp2p/go-libp2p-yamux
github.com/libp2p/go-maddr-filter
github.com/libp2p/go-mplex
github.com/libp2p/go-msgio
github.com/libp2p/go-nat
github.com/libp2p/go-netroute
github.com/libp2p/go-openssl
github.com/libp2p/go-reuseport
github.com/libp2p/go-reuseport-transport
github.com/libp2p/go-sockaddr
github.com/libp2p/go-stream-muxer
github.com/libp2p/go-stream-muxer-multistream
github.com/libp2p/go-tcp-transport
github.com/libp2p/go-testutil
github.com/libp2p/go-ws-transport
github.com/libp2p/go-yamux
github.com/libp2p/go-yamux/v2
github.com/libp2p/go-yamux/v3
github.com/libp2p/zeroconf/v2
github.com/lightstep/lightstep-tracer-common/golang/gogo
github.com/lightstep/lightstep-tracer-go
github.com/lucas-clemente/quic-go
github.com/lucasb-eyer/go-colorful
github.com/lufia/iostat
github.com/lunixbochs/vtclean
github.com/lyft/protoc-gen-validate
github.com/magefile/mage
github.com/mailru/easyjson
github.com/marten-seemann/qpack
github.com/marten-seemann/qtls
github.com/marten-seemann/qtls-go1-15
github.com/marten-seemann/qtls-go1-16
github.com/marten-seemann/qtls-go1-17
github.com/marten-seemann/qtls-go1-18
github.com/marten-seemann/tcp
github.com/mattn/go-xmlrpc
github.com/mdlayher/genetlink
github.com/mdlayher/netlink
github.com/mdlayher/wifi
github.com/mgutz/ansi
github.com/microcosm-cc/bluemonday
github.com/miekg/dns
github.com/mikioh/tcp
github.com/mikioh/tcpinfo
github.com/mikioh/tcpopt
github.com/minio/blake2b-simd
github.com/minio/highwayhash
github.com/minio/sha256-simd
github.com/mitchellh/cli
github.com/mitchellh/go-homedir
github.com/mitchellh/go-testing-interface
github.com/mitchellh/gox
github.com/mitchellh/iochan
github.com/mr-tron/base58
github.com/multiformats/go-base32
github.com/multiformats/go-base36
github.com/multiformats/go-multiaddr
github.com/multiformats/go-multiaddr-dns
github.com/multiformats/go-multiaddr-fmt
github.com/multiformats/go-multiaddr-net
github.com/multiformats/go-multibase
github.com/multiformats/go-multicodec
github.com/multiformats/go-multihash
github.com/multiformats/go-multistream
github.com/multiformats/go-varint
github.com/nats-io/jwt
github.com/nats-io/jwt/v2
github.com/nats-io/nats-server/v2
github.com/nats-io/nats.go
github.com/nats-io/nkeys
github.com/nats-io/nuid
github.com/neelance/astrewrite
github.com/neelance/sourcemap
github.com/ngdinhtoan/glide-cleanup
github.com/niemeyer/pretty
github.com/nikkolasg/hexjson
github.com/nkovacs/streamquote
github.com/nxadm/tail
github.com/oklog/oklog
github.com/oklog/run
github.com/op/go-logging
github.com/open-rpc/meta-schema
github.com/opencontainers/runtime-spec
github.com/opentracing-contrib/go-grpc
github.com/opentracing-contrib/go-observer
github.com/opentracing-contrib/go-stdlib
github.com/opentracing/basictracer-go
github.com/openzipkin-contrib/zipkin-go-opentracing
github.com/openzipkin/zipkin-go
github.com/pact-foundation/pact-go
github.com/pascaldekloe/goe
github.com/pbnjay/memory
github.com/pborman/uuid
github.com/performancecopilot/speed
github.com/performancecopilot/speed/v4
github.com/petar/GoLLRB
github.com/pkg/profile
github.com/polydawn/refmt
github.com/posener/complete
github.com/prometheus/node_exporter
github.com/prometheus/statsd_exporter
github.com/raulk/clock
github.com/raulk/go-watchdog
github.com/rcrowley/go-metrics
github.com/remyoudompheng/bigfft
github.com/rivo/uniseg
github.com/rogpeppe/fastuuid
github.com/rs/cors
github.com/rs/xid
github.com/rs/zerolog
github.com/russross/blackfriday
github.com/rwcarlsen/goexif
github.com/ryanuber/columnize
github.com/samuel/go-zookeeper
github.com/sean-/seed
github.com/sercand/kuberesolver
github.com/sergi/go-diff
github.com/shirou/gopsutil
github.com/shurcooL/component
github.com/shurcooL/events
github.com/shurcooL/github_flavored_markdown
github.com/shurcooL/go
github.com/shurcooL/go-goon
github.com/shurcooL/gofontwoff
github.com/shurcooL/gopherjslib
github.com/shurcooL/highlight_diff
github.com/shurcooL/highlight_go
github.com/shurcooL/home
github.com/shurcooL/htmlg
github.com/shurcooL/httperror
github.com/shurcooL/httpfs
github.com/shurcooL/httpgzip
github.com/shurcooL/issues
github.com/shurcooL/issuesapp
github.com/shurcooL/notifications
github.com/shurcooL/octicon
github.com/shurcooL/reactions
github.com/shurcooL/users
github.com/shurcooL/webdavfs
github.com/siebenmann/go-kstat
github.com/smartystreets/assertions
github.com/smartystreets/goconvey
github.com/smola/gocompat
github.com/sony/gobreaker
github.com/soundcloud/go-runit
github.com/sourcegraph/annotate
github.com/sourcegraph/syntaxhighlight
github.com/spacemonkeygo/openssl
github.com/spacemonkeygo/spacelog
github.com/spaolacci/murmur3
github.com/src-d/envconfig
github.com/streadway/amqp
github.com/streadway/handy
github.com/streadway/quantile
github.com/tarm/serial
github.com/texttheater/golang-levenshtein
github.com/tidwall/gjson
github.com/tidwall/match
github.com/tidwall/pretty
github.com/tj/go-spin
github.com/tv42/httpunix
github.com/uber/jaeger-client-go
github.com/uber/jaeger-lib
github.com/ugorji/go/codec
github.com/urfave/cli/v2
github.com/valyala/bytebufferpool
github.com/valyala/fasttemplate
github.com/viant/assertly
github.com/viant/toolbox
github.com/wangjia184/sortedset
github.com/warpfork/go-testmark
github.com/warpfork/go-wish
github.com/weaveworks/common
github.com/weaveworks/promrus
github.com/whyrusleeping/base32
github.com/whyrusleeping/bencher
github.com/whyrusleeping/cbor
github.com/whyrusleeping/cbor-gen
github.com/whyrusleeping/chunker
github.com/whyrusleeping/go-ctrlnet
github.com/whyrusleeping/go-keyspace
github.com/whyrusleeping/go-logging
github.com/whyrusleeping/go-notifier
github.com/whyrusleeping/ledger-filecoin-go
github.com/whyrusleeping/mafmt
github.com/whyrusleeping/mdns
github.com/whyrusleeping/multiaddr-filter
github.com/whyrusleeping/pubsub
github.com/whyrusleeping/timecache
github.com/x-cray/logrus-prefixed-formatter
github.com/xlab/c-for-go
github.com/xlab/pkgconfig
github.com/xorcare/golden
github.com/xordataexchange/crypt
github.com/yuin/goldmark
github.com/zondax/hid
github.com/zondax/ledger-go
go.dedis.ch/fixbuf
go.dedis.ch/kyber/v3
go.dedis.ch/protobuf
go.etcd.io/etcd
go.etcd.io/etcd/api/v3
go.etcd.io/etcd/client/pkg/v3
go.etcd.io/etcd/client/v2
go.etcd.io/etcd/client/v3
go.opentelemetry.io/otel
go.opentelemetry.io/otel/bridge/opencensus
go.opentelemetry.io/otel/exporters/jaeger
go.opentelemetry.io/otel/internal/metric
go.opentelemetry.io/otel/metric
go.opentelemetry.io/otel/oteltest
go.opentelemetry.io/otel/sdk
go.opentelemetry.io/otel/sdk/export/metric
go.opentelemetry.io/otel/sdk/metric
go.opentelemetry.io/otel/trace
go.opentelemetry.io/proto/otlp
go.uber.org/dig
go.uber.org/fx
go.uber.org/goleak
go.uber.org/tools
go4.org
golang.org/x/build
golang.org/x/image
golang.org/x/mobile
golang.org/x/perf
golang.org/x/term
gonum.org/v1/gonum
gonum.org/v1/netlib
gonum.org/v1/plot
google.golang.org/api
google.golang.org/protobuf
gopkg.in/cheggaaa/pb.v1
gopkg.in/gcfg.v1
gopkg.in/inf.v0
gopkg.in/resty.v1
gopkg.in/src-d/go-cli.v0
gopkg.in/src-d/go-log.v1
gopkg.in/warnings.v0
gopkg.in/yaml.v3
gotest.tools
grpc.go4.org
howett.net/plist
lukechampine.com/blake3
modernc.org/cc
modernc.org/fileutil
modernc.org/golex
modernc.org/lex
modernc.org/lexer
modernc.org/mathutil
modernc.org/strutil
modernc.org/xc
rsc.io/binaryregexp
rsc.io/pdf
rsc.io/quote/v3
rsc.io/sampler
sigs.k8s.io/yaml
sourcegraph.com/sourcegraph/appdash
sourcegraph.com/sourcegraph/go-diff
sourcegraph.com/sqs/pbtypes
