github.com/tendermint/starport
4d63.com/gochecknoglobals
bazil.org/fuse
bitbucket.org/creachadair/shell
cloud.google.com/go/bigquery
cloud.google.com/go/datastore
cloud.google.com/go/firestore
cloud.google.com/go/pubsub
cloud.google.com/go/spanner
cloud.google.com/go/storage
contrib.go.opencensus.io/exporter/stackdriver
dmitri.shuralyov.com/gpu/mtl
filippo.io/edwards25519
github.com/99designs/keyring
github.com/AlecAivazis/survey/v2
github.com/Antonboom/errname
github.com/Azure/azure-pipeline-go
github.com/Azure/azure-sdk-for-go
github.com/Azure/azure-storage-blob-go
github.com/Azure/go-ansiterm
github.com/Azure/go-autorest
github.com/Azure/go-autorest/autorest
github.com/Azure/go-autorest/autorest/adal
github.com/Azure/go-autorest/autorest/date
github.com/Azure/go-autorest/autorest/mocks
github.com/Azure/go-autorest/logger
github.com/Azure/go-autorest/tracing
github.com/BurntSushi/xgb
github.com/ChainSafe/go-schnorrkel
github.com/DataDog/datadog-go
github.com/DataDog/zstd
github.com/Djarvur/go-err113
github.com/Knetic/govaluate
github.com/Masterminds/goutils
github.com/Masterminds/semver
github.com/Masterminds/sprig
github.com/Microsoft/go-winio
github.com/Microsoft/hcsshim
github.com/Microsoft/hcsshim/test
github.com/NYTimes/gziphandler
github.com/Netflix/go-expect
github.com/Nvveen/Gotty
github.com/OneOfOne/xxhash
github.com/OpenPeeDeeP/depguard
github.com/PuerkitoBio/purell
github.com/PuerkitoBio/urlesc
github.com/Shopify/logrus-bugsnag
github.com/Shopify/sarama
github.com/Shopify/toxiproxy
github.com/StackExchange/wmi
github.com/VictoriaMetrics/fastcache
github.com/VividCortex/gohistogram
github.com/Workiva/go-datastructures
github.com/Zilliqa/gozilliqa-sdk
github.com/adlio/schema
github.com/aead/siphash
github.com/afex/hystrix-go
github.com/alcortesm/tgz
github.com/alecthomas/assert
github.com/alecthomas/chroma
github.com/alecthomas/colour
github.com/alecthomas/kong
github.com/alecthomas/repr
github.com/alexflint/go-filemutex
github.com/alexkohler/prealloc
github.com/allegro/bigcache
github.com/andrew-d/go-termutil
github.com/andybalholm/brotli
github.com/anmitsu/go-shlex
github.com/antihax/optional
github.com/aokoli/goutils
github.com/apache/thrift
github.com/aristanetworks/goarista
github.com/armon/circbuf
github.com/armon/consul-api
github.com/armon/go-metrics
github.com/armon/go-radix
github.com/armon/go-socks5
github.com/aryann/difflib
github.com/asaskevich/govalidator
github.com/ashanbrown/forbidigo
github.com/ashanbrown/makezero
github.com/atotto/clipboard
github.com/aws/aws-lambda-go
github.com/aws/aws-sdk-go
github.com/aws/aws-sdk-go-v2
github.com/aymerick/douceur
github.com/bitly/go-simplejson
github.com/bits-and-blooms/bitset
github.com/bketelsen/crypt
github.com/bkielbasa/cyclop
github.com/blang/semver
github.com/bmizerany/assert
github.com/bombsimon/wsl/v3
github.com/briandowns/spinner
github.com/bshuster-repo/logrus-logstash-hook
github.com/btcsuite/btcd
github.com/btcsuite/btclog
github.com/btcsuite/btcutil
github.com/btcsuite/go-socks
github.com/btcsuite/goleveldb
github.com/btcsuite/snappy-go
github.com/btcsuite/websocket
github.com/btcsuite/winsvc
github.com/buger/jsonparser
github.com/bugsnag/bugsnag-go
github.com/bugsnag/osext
github.com/bugsnag/panicwrap
github.com/calmh/randomart
github.com/casbin/casbin/v2
github.com/cenkalti/backoff
github.com/cenkalti/backoff/v4
github.com/cespare/cp
github.com/cespare/xxhash
github.com/charithe/durationcheck
github.com/charmbracelet/bubbles
github.com/charmbracelet/bubbletea
github.com/charmbracelet/charm
github.com/charmbracelet/glamour
github.com/charmbracelet/glow
github.com/chavacava/garif
github.com/checkpoint-restore/go-criu/v4
github.com/checkpoint-restore/go-criu/v5
github.com/chris-ramon/douceur
github.com/chzyer/logex
github.com/chzyer/readline
github.com/chzyer/test
github.com/cilium/ebpf
github.com/circonus-labs/circonus-gometrics
github.com/circonus-labs/circonusllhist
github.com/clbanning/x2j
github.com/cloudflare/cloudflare-go
github.com/cncf/udpa/go
github.com/cockroachdb/datadriven
github.com/codahale/hdrhistogram
github.com/coinbase/rosetta-sdk-go
github.com/confio/ics23/go
github.com/containerd/aufs
github.com/containerd/btrfs
github.com/containerd/cgroups
github.com/containerd/console
github.com/containerd/containerd
github.com/containerd/continuity
github.com/containerd/fifo
github.com/containerd/go-cni
github.com/containerd/go-runc
github.com/containerd/imgcrypt
github.com/containerd/nri
github.com/containerd/ttrpc
github.com/containerd/typeurl
github.com/containerd/zfs
github.com/containernetworking/cni
github.com/containernetworking/plugins
github.com/containers/ocicrypt
github.com/coreos/bbolt
github.com/coreos/etcd
github.com/coreos/go-etcd
github.com/coreos/go-iptables
github.com/coreos/go-oidc
github.com/coreos/go-systemd/v22
github.com/cosmos/btcutil
github.com/cosmos/cosmos-sdk
github.com/cosmos/go-bip39
github.com/cosmos/iavl
github.com/cosmos/ibc-go
github.com/cosmos/ibc-go/v2
github.com/cosmos/ledger-cosmos-go
github.com/cosmos/ledger-go
github.com/cpuguy83/go-md2man
github.com/creack/pty
github.com/cyphar/filepath-securejoin
github.com/d2g/dhcp4
github.com/d2g/dhcp4client
github.com/d2g/dhcp4server
github.com/d2g/hardwareaddr
github.com/daixiang0/gci
github.com/danieljoos/wincred
github.com/danwakefield/fnmatch
github.com/deckarep/golang-set
github.com/decred/dcrd/lru
github.com/denis-tingajkin/go-header
github.com/denverdino/aliyungo
github.com/desertbit/timer
github.com/dgraph-io/badger/v2
github.com/dgraph-io/ristretto
github.com/dgryski/go-farm
github.com/dgryski/go-sip13
github.com/dlclark/regexp2
github.com/dnaeon/go-vcr
github.com/docker/distribution
github.com/docker/docker
github.com/docker/go-connections
github.com/docker/go-events
github.com/docker/go-metrics
github.com/docker/go-units
github.com/docker/libtrust
github.com/docker/spdystream
github.com/docopt/docopt-go
github.com/dop251/goja
github.com/dustin/go-humanize
github.com/dvsekhvalnov/jose2go
github.com/dvyukov/go-fuzz
github.com/eapache/go-resiliency
github.com/eapache/go-xerial-snappy
github.com/eapache/queue
github.com/edsrzf/mmap-go
github.com/elazarl/goproxy
github.com/emicklei/go-restful
github.com/emicklei/proto
github.com/emirpasic/gods
github.com/enigmampc/btcutil
github.com/esimonov/ifshort
github.com/ethereum/go-ethereum
github.com/ettle/strcase
github.com/evanphx/json-patch
github.com/facebookgo/ensure
github.com/facebookgo/stack
github.com/facebookgo/subset
github.com/fatih/structs
github.com/fatih/structtag
github.com/felixge/httpsnoop
github.com/fjl/memsize
github.com/flynn/go-shlex
github.com/form3tech-oss/jwt-go
github.com/fortytw2/leaktest
github.com/franela/goblin
github.com/franela/goreq
github.com/frankban/quicktest
github.com/fullsailor/pkcs7
github.com/fullstorydev/grpcurl
github.com/fzipp/gocyclo
github.com/garyburd/redigo
github.com/gballet/go-libpcsclite
github.com/gin-contrib/sse
github.com/gin-gonic/gin
github.com/gliderlabs/ssh
github.com/go-critic/go-critic
github.com/go-git/gcfg
github.com/go-git/go-billy/v5
github.com/go-git/go-git-fixtures/v4
github.com/go-git/go-git/v5
github.com/go-gl/glfw
github.com/go-gl/glfw/v3.3/glfw
github.com/go-ini/ini
github.com/go-kit/log
github.com/go-logr/logr
github.com/go-ole/go-ole
github.com/go-openapi/jsonpointer
github.com/go-openapi/jsonreference
github.com/go-openapi/spec
github.com/go-openapi/swag
github.com/go-playground/assert/v2
github.com/go-playground/locales
github.com/go-playground/universal-translator
github.com/go-playground/validator/v10
github.com/go-redis/redis
github.com/go-sourcemap/sourcemap
github.com/go-sql-driver/mysql
github.com/go-task/slim-sprig
github.com/go-toolsmith/astcast
github.com/go-toolsmith/astcopy
github.com/go-toolsmith/astequal
github.com/go-toolsmith/astfmt
github.com/go-toolsmith/astinfo
github.com/go-toolsmith/astp
github.com/go-toolsmith/pkgload
github.com/go-toolsmith/strparse
github.com/go-toolsmith/typep
github.com/go-xmlfmt/xmlfmt
github.com/gobuffalo/envy
github.com/gobuffalo/flect
github.com/gobuffalo/genny
github.com/gobuffalo/github_flavored_markdown
github.com/gobuffalo/helpers
github.com/gobuffalo/here
github.com/gobuffalo/logger
github.com/gobuffalo/packd
github.com/gobuffalo/packr/v2
github.com/gobuffalo/plush
github.com/gobuffalo/plushgen
github.com/gobuffalo/tags
github.com/gobuffalo/uuid
github.com/gobuffalo/validate
github.com/gobwas/glob
github.com/gobwas/httphead
github.com/gobwas/pool
github.com/gobwas/ws
github.com/goccy/go-yaml
github.com/godbus/dbus
github.com/godbus/dbus/v5
github.com/gofrs/flock
github.com/gofrs/uuid
github.com/gogo/gateway
github.com/gogo/googleapis
github.com/golangci/check
github.com/golangci/dupl
github.com/golangci/go-misc
github.com/golangci/gofmt
github.com/golangci/golangci-lint
github.com/golangci/lint-1
github.com/golangci/maligned
github.com/golangci/misspell
github.com/golangci/revgrep
github.com/golangci/unconvert
github.com/google/certificate-transparency-go
github.com/google/go-github/v37
github.com/google/go-querystring
github.com/google/goterm
github.com/google/martian
github.com/google/martian/v3
github.com/google/orderedcode
github.com/google/pprof
github.com/google/trillian
github.com/googleapis/gax-go/v2
github.com/googleapis/gnostic
github.com/gookit/color
github.com/gopherjs/gopherjs
github.com/gordonklaus/ineffassign
github.com/gorhill/cronexpr
github.com/gorilla/context
github.com/gorilla/css
github.com/gorilla/handlers
github.com/gorilla/mux
github.com/gorilla/rpc
github.com/gostaticanalysis/analysisutil
github.com/gostaticanalysis/comment
github.com/gostaticanalysis/forcetypeassert
github.com/gostaticanalysis/nilerr
github.com/gotestyourself/gotestyourself
github.com/graph-gophers/graphql-go
github.com/gregjones/httpcache
github.com/gsterjov/go-libsecret
github.com/gtank/merlin
github.com/gtank/ristretto255
github.com/hashicorp/consul/api
github.com/hashicorp/consul/sdk
github.com/hashicorp/errwrap
github.com/hashicorp/go-cleanhttp
github.com/hashicorp/go-immutable-radix
github.com/hashicorp/go-msgpack
github.com/hashicorp/go-multierror
github.com/hashicorp/go-retryablehttp
github.com/hashicorp/go-rootcerts
github.com/hashicorp/go-sockaddr
github.com/hashicorp/go-syslog
github.com/hashicorp/go-uuid
github.com/hashicorp/go-version
github.com/hashicorp/go.net
github.com/hashicorp/logutils
github.com/hashicorp/mdns
github.com/hashicorp/memberlist
github.com/hashicorp/serf
github.com/hdevalence/ed25519consensus
github.com/hinshun/vt10x
github.com/holiman/uint256
github.com/huandu/xstrings
github.com/hudl/fargo
github.com/huin/goupnp
github.com/huin/goutil
github.com/iancoleman/strcase
github.com/ianlancetaylor/demangle
github.com/imdario/mergo
github.com/improbable-eng/grpc-web
github.com/influxdata/influxdb
github.com/influxdata/influxdb1-client
github.com/j-keck/arping
github.com/jackpal/go-nat-pmp
github.com/jbenet/go-context
github.com/jedisct1/go-minisign
github.com/jessevdk/go-flags
github.com/jgautheron/goconst
github.com/jhump/protoreflect
github.com/jingyugao/rowserrcheck
github.com/jirfag/go-printf-func-name
github.com/jmespath/go-jmespath
github.com/jmespath/go-jmespath/internal/testify
github.com/jmhodges/levigo
github.com/jmoiron/sqlx
github.com/joho/godotenv
github.com/jpillora/ansi
github.com/jpillora/backoff
github.com/jpillora/chisel
github.com/jpillora/requestlog
github.com/jpillora/sizestr
github.com/jrick/logrotate
github.com/jstemmer/go-junit-report
github.com/jtolds/gls
github.com/juju/ratelimit
github.com/julz/importas
github.com/k0kubun/colorstring
github.com/karalabe/usb
github.com/kballard/go-shellquote
github.com/kevinburke/ssh_config
github.com/keybase/go-keychain
github.com/kkdai/bstream
github.com/klauspost/compress
github.com/kr/fs
github.com/kulti/thelper
github.com/kunwardeep/paralleltest
github.com/kylelemons/godebug
github.com/kyoh86/exportloopref
github.com/ldez/gomoddirectives
github.com/ldez/tagliatelle
github.com/leodido/go-urn
github.com/letsencrypt/pkcs11key/v4
github.com/lib/pq
github.com/libp2p/go-buffer-pool
github.com/lightstep/lightstep-tracer-common/golang/gogo
github.com/lightstep/lightstep-tracer-go
github.com/logrusorgru/aurora
github.com/lucasb-eyer/go-colorful
github.com/lucasjones/reggen
github.com/mailru/easyjson
github.com/manifoldco/promptui
github.com/maratori/testpackage
github.com/marstr/guid
github.com/matoous/godox
github.com/mattn/go-ieproxy
github.com/mattn/go-shellwords
github.com/mattn/go-sqlite3
github.com/mattn/go-zglob
github.com/mattn/goveralls
github.com/mbilski/exhaustivestruct
github.com/meowgorithm/babyenv
github.com/mgechev/dots
github.com/mgechev/revive
github.com/mgutz/ansi
github.com/microcosm-cc/bluemonday
github.com/miekg/dns
github.com/miekg/pkcs11
github.com/mikesmitty/edkey
github.com/mimoo/StrobeGo
github.com/minio/highwayhash
github.com/mistifyio/go-zfs
github.com/mitchellh/cli
github.com/mitchellh/copystructure
github.com/mitchellh/go-homedir
github.com/mitchellh/go-ps
github.com/mitchellh/go-testing-interface
github.com/mitchellh/gox
github.com/mitchellh/iochan
github.com/mitchellh/osext
github.com/mitchellh/reflectwalk
github.com/moby/locker
github.com/moby/sys/mount
github.com/moby/sys/mountinfo
github.com/moby/sys/symlink
github.com/moby/term
github.com/mohae/deepcopy
github.com/moricho/tparallel
github.com/mozilla/scribe
github.com/mozilla/tls-observatory
github.com/mrunalp/fileutils
github.com/mtibben/percent
github.com/muesli/gitcha
github.com/muesli/go-app-paths
github.com/muesli/reflow
github.com/muesli/sasquatch
github.com/muesli/termenv
github.com/munnerz/goautoneg
github.com/mwitkow/go-proto-validators
github.com/mwitkow/grpc-proxy
github.com/mxk/go-flowrate
github.com/nakabonne/nestif
github.com/naoina/go-stringutil
github.com/naoina/toml
github.com/nats-io/jwt
github.com/nats-io/nats-server/v2
github.com/nats-io/nats.go
github.com/nats-io/nkeys
github.com/nats-io/nuid
github.com/nbutton23/zxcvbn-go
github.com/ncw/swift
github.com/neilotoole/errgroup
github.com/niemeyer/pretty
github.com/nishanths/exhaustive
github.com/nishanths/predeclared
github.com/nxadm/tail
github.com/oklog/oklog
github.com/oklog/run
github.com/oklog/ulid
github.com/op/go-logging
github.com/opencontainers/go-digest
github.com/opencontainers/image-spec
github.com/opencontainers/runc
github.com/opencontainers/runtime-spec
github.com/opencontainers/runtime-tools
github.com/opencontainers/selinux
github.com/opentracing-contrib/go-observer
github.com/opentracing/basictracer-go
github.com/openzipkin-contrib/zipkin-go-opentracing
github.com/openzipkin/zipkin-go
github.com/ory/dockertest
github.com/otiai10/copy
github.com/otiai10/curr
github.com/otiai10/mint
github.com/pact-foundation/pact-go
github.com/pascaldekloe/goe
github.com/pborman/uuid
github.com/performancecopilot/speed
github.com/peterbourgon/diskv
github.com/peterh/liner
github.com/petermattis/goid
github.com/phayes/checkstyle
github.com/pkg/profile
github.com/pkg/sftp
github.com/polyfloyd/go-errorlint
github.com/posener/complete
github.com/pquerna/cachecontrol
github.com/prometheus/tsdb
github.com/pseudomuto/protoc-gen-doc
github.com/pseudomuto/protokit
github.com/quasilyte/go-consistent
github.com/quasilyte/go-ruleguard
github.com/quasilyte/go-ruleguard/dsl
github.com/quasilyte/go-ruleguard/rules
github.com/quasilyte/regex/syntax
github.com/radovskyb/watcher
github.com/rakyll/statik
github.com/rcrowley/go-metrics
github.com/rdegges/go-ipify
github.com/regen-network/cosmos-proto
github.com/rivo/uniseg
github.com/rjeczalik/notify
github.com/rogpeppe/fastuuid
github.com/rs/cors
github.com/rs/xhandler
github.com/rs/xid
github.com/rs/zerolog
github.com/russross/blackfriday
github.com/ryancurrah/gomodguard
github.com/ryanrolds/sqlclosecheck
github.com/ryanuber/columnize
github.com/sabhiram/go-gitignore
github.com/safchain/ethtool
github.com/sahilm/fuzzy
github.com/samuel/go-zookeeper
github.com/sanposhiho/wastedassign/v2
github.com/sasha-s/go-deadlock
github.com/satori/go.uuid
github.com/sean-/seed
github.com/seccomp/libseccomp-golang
github.com/securego/gosec/v2
github.com/segmentio/fasthash
github.com/segmentio/ksuid
github.com/serenize/snaker
github.com/sergi/go-diff
github.com/shazow/go-diff
github.com/shirou/gopsutil
github.com/shirou/gopsutil/v3
github.com/shurcooL/go
github.com/shurcooL/go-goon
github.com/smartystreets/assertions
github.com/smartystreets/goconvey
github.com/snikch/goodman
github.com/sonatard/noctx
github.com/sony/gobreaker
github.com/sourcegraph/annotate
github.com/sourcegraph/go-diff
github.com/sourcegraph/syntaxhighlight
github.com/spaolacci/murmur3
github.com/ssgreg/nlreturn/v2
github.com/status-im/keycard-go
github.com/steakknife/bloomfilter
github.com/steakknife/hamming
github.com/stefanberger/go-pkcs11uri
github.com/streadway/amqp
github.com/streadway/handy
github.com/subosito/gotenv
github.com/syndtr/gocapability
github.com/tchap/go-patricia
github.com/tdakkota/asciicheck
github.com/tecbot/gorocksdb
github.com/tendermint/btcd
github.com/tendermint/crypto
github.com/tendermint/flutter/v2
github.com/tendermint/fundraising
github.com/tendermint/go-amino
github.com/tendermint/spm
github.com/tendermint/spn
github.com/tendermint/tendermint
github.com/tendermint/tm-db
github.com/tendermint/vue
github.com/tetafro/godot
github.com/tidwall/gjson
github.com/tidwall/match
github.com/tidwall/pretty
github.com/tidwall/sjson
github.com/timakin/bodyclose
github.com/tklauser/go-sysconf
github.com/tklauser/numcpus
github.com/tomarrell/wrapcheck/v2
github.com/tomasen/realip
github.com/tommy-muehle/go-mnd/v2
github.com/tv42/httpunix
github.com/tyler-smith/go-bip39
github.com/ugorji/go
github.com/ugorji/go/codec
github.com/ultraware/funlen
github.com/ultraware/whitespace
github.com/uudashr/gocognit
github.com/valyala/bytebufferpool
github.com/valyala/fasthttp
github.com/valyala/quicktemplate
github.com/valyala/tcplisten
github.com/viki-org/dnscache
github.com/vishvananda/netlink
github.com/vishvananda/netns
github.com/vmihailenco/msgpack/v5
github.com/vmihailenco/tagparser
github.com/willf/bitset
github.com/wsddn/go-ecdh
github.com/xanzy/ssh-agent
github.com/xeipuuv/gojsonpointer
github.com/xeipuuv/gojsonreference
github.com/xeipuuv/gojsonschema
github.com/xo/terminfo
github.com/xordataexchange/crypt
github.com/ybbus/jsonrpc
github.com/yeya24/promlinter
github.com/yudai/gojsondiff
github.com/yudai/golcs
github.com/yudai/pp
github.com/yuin/goldmark
github.com/yuin/goldmark-emoji
github.com/yvasiyarov/go-metrics
github.com/yvasiyarov/gorelic
github.com/yvasiyarov/newrelic_platform_go
github.com/zondax/hid
go.etcd.io/etcd
go.etcd.io/etcd/api/v3
go.etcd.io/etcd/client/pkg/v3
go.etcd.io/etcd/client/v2
go.mozilla.org/mozlog
go.mozilla.org/pkcs7
go.uber.org/tools
golang.org/x/image
golang.org/x/mobile
golang.org/x/term
google.golang.org/api
google.golang.org/cloud
google.golang.org/protobuf
gopkg.in/airbrake/gobrake.v2
gopkg.in/cheggaaa/pb.v1
gopkg.in/gcfg.v1
gopkg.in/gemnasium/logrus-airbrake-hook.v2
gopkg.in/inf.v0
gopkg.in/ini.v1
gopkg.in/natefinch/lumberjack.v2
gopkg.in/natefinch/npipe.v2
gopkg.in/olebedev/go-duktape.v3
gopkg.in/resty.v1
gopkg.in/square/go-jose.v2
gopkg.in/urfave/cli.v1
gopkg.in/warnings.v0
gopkg.in/yaml.v3
gotest.tools
gotest.tools/v3
k8s.io/api
k8s.io/apimachinery
k8s.io/apiserver
k8s.io/client-go
k8s.io/component-base
k8s.io/cri-api
k8s.io/gengo
k8s.io/klog/v2
k8s.io/kube-openapi
k8s.io/kubernetes
k8s.io/utils
mvdan.cc/gofumpt
mvdan.cc/interfacer
mvdan.cc/lint
mvdan.cc/unparam
nhooyr.io/websocket
rsc.io/binaryregexp
rsc.io/quote/v3
rsc.io/sampler
sigs.k8s.io/apiserver-network-proxy/konnectivity-client
sigs.k8s.io/structured-merge-diff/v4
sigs.k8s.io/yaml
sourcegraph.com/sourcegraph/appdash
