github.com/tendermint/tendermint
cloud.google.com/go/bigquery
cloud.google.com/go/datastore
cloud.google.com/go/firestore
cloud.google.com/go/pubsub
cloud.google.com/go/storage
dmitri.shuralyov.com/gpu/mtl
github.com/BurntSushi/xgb
github.com/ChainSafe/go-schnorrkel
github.com/DataDog/zstd
github.com/Knetic/govaluate
github.com/OneOfOne/xxhash
github.com/Shopify/sarama
github.com/Shopify/toxiproxy
github.com/VividCortex/gohistogram
github.com/Workiva/go-datastructures
github.com/aead/siphash
github.com/afex/hystrix-go
github.com/apache/thrift
github.com/armon/circbuf
github.com/armon/consul-api
github.com/armon/go-metrics
github.com/armon/go-radix
github.com/aryann/difflib
github.com/aws/aws-lambda-go
github.com/aws/aws-sdk-go
github.com/aws/aws-sdk-go-v2
github.com/bketelsen/crypt
github.com/btcsuite/btcd
github.com/btcsuite/btclog
github.com/btcsuite/btcutil
github.com/btcsuite/go-socks
github.com/btcsuite/goleveldb
github.com/btcsuite/snappy-go
github.com/btcsuite/websocket
github.com/btcsuite/winsvc
github.com/casbin/casbin/v2
github.com/cenkalti/backoff
github.com/cespare/xxhash
github.com/clbanning/x2j
github.com/client9/misspell
github.com/cncf/udpa/go
github.com/cockroachdb/datadriven
github.com/codahale/hdrhistogram
github.com/coreos/bbolt
github.com/coreos/etcd
github.com/coreos/go-etcd
github.com/cosmos/go-bip39
github.com/cpuguy83/go-md2man
github.com/creack/pty
github.com/dgraph-io/badger/v2
github.com/dgraph-io/ristretto
github.com/dgryski/go-farm
github.com/dgryski/go-sip13
github.com/dustin/go-humanize
github.com/eapache/go-resiliency
github.com/eapache/go-xerial-snappy
github.com/eapache/queue
github.com/edsrzf/mmap-go
github.com/facebookgo/ensure
github.com/facebookgo/stack
github.com/facebookgo/subset
github.com/fortytw2/leaktest
github.com/franela/goblin
github.com/franela/goreq
github.com/go-gl/glfw
github.com/go-sql-driver/mysql
github.com/gogo/googleapis
github.com/google/martian
github.com/google/pprof
github.com/googleapis/gax-go/v2
github.com/gopherjs/gopherjs
github.com/gorilla/context
github.com/gorilla/mux
github.com/gtank/merlin
github.com/gtank/ristretto255
github.com/hashicorp/consul/api
github.com/hashicorp/consul/sdk
github.com/hashicorp/errwrap
github.com/hashicorp/go-cleanhttp
github.com/hashicorp/go-immutable-radix
github.com/hashicorp/go-msgpack
github.com/hashicorp/go-multierror
github.com/hashicorp/go-rootcerts
github.com/hashicorp/go-sockaddr
github.com/hashicorp/go-syslog
github.com/hashicorp/go-uuid
github.com/hashicorp/go-version
github.com/hashicorp/go.net
github.com/hashicorp/logutils
github.com/hashicorp/mdns
github.com/hashicorp/memberlist
github.com/hashicorp/serf
github.com/hudl/fargo
github.com/influxdata/influxdb1-client
github.com/jessevdk/go-flags
github.com/jmespath/go-jmespath
github.com/jmhodges/levigo
github.com/jrick/logrotate
github.com/jstemmer/go-junit-report
github.com/jtolds/gls
github.com/kkdai/bstream
github.com/libp2p/go-buffer-pool
github.com/lightstep/lightstep-tracer-common/golang/gogo
github.com/lightstep/lightstep-tracer-go
github.com/lyft/protoc-gen-validate
github.com/miekg/dns
github.com/mimoo/StrobeGo
github.com/minio/highwayhash
github.com/mitchellh/cli
github.com/mitchellh/go-homedir
github.com/mitchellh/go-testing-interface
github.com/mitchellh/gox
github.com/mitchellh/iochan
github.com/nats-io/jwt
github.com/nats-io/nats-server/v2
github.com/nats-io/nats.go
github.com/nats-io/nkeys
github.com/nats-io/nuid
github.com/oklog/oklog
github.com/oklog/run
github.com/oklog/ulid
github.com/op/go-logging
github.com/opentracing-contrib/go-observer
github.com/opentracing/basictracer-go
github.com/openzipkin-contrib/zipkin-go-opentracing
github.com/openzipkin/zipkin-go
github.com/pact-foundation/pact-go
github.com/pascaldekloe/goe
github.com/pborman/uuid
github.com/performancecopilot/speed
github.com/petermattis/goid
github.com/pkg/profile
github.com/posener/complete
github.com/prometheus/tsdb
github.com/rcrowley/go-metrics
github.com/rogpeppe/fastuuid
github.com/rs/cors
github.com/russross/blackfriday
github.com/ryanuber/columnize
github.com/samuel/go-zookeeper
github.com/sasha-s/go-deadlock
github.com/sean-/seed
github.com/smartystreets/assertions
github.com/smartystreets/goconvey
github.com/snikch/goodman
github.com/sony/gobreaker
github.com/spaolacci/murmur3
github.com/streadway/amqp
github.com/streadway/handy
github.com/subosito/gotenv
github.com/tecbot/gorocksdb
github.com/tendermint/tm-db
github.com/ugorji/go
github.com/ugorji/go/codec
github.com/xordataexchange/crypt
go.etcd.io/etcd
go.uber.org/tools
golang.org/x/image
golang.org/x/mobile
google.golang.org/api
google.golang.org/protobuf
gopkg.in/cheggaaa/pb.v1
gopkg.in/gcfg.v1
gopkg.in/ini.v1
gopkg.in/resty.v1
gopkg.in/warnings.v0
gopkg.in/yaml.v3
rsc.io/binaryregexp
sigs.k8s.io/yaml
sourcegraph.com/sourcegraph/appdash
